#
# There is insufficient memory for the Java Runtime Environment to continue.
# Native memory allocation (malloc) failed to allocate 3121728 bytes. Error detail: Chunk::new
# Possible reasons:
#   The system is out of physical RAM or swap space
#   This process is running with CompressedOops enabled, and the Java Heap may be blocking the growth of the native heap
# Possible solutions:
#   Reduce memory load on the system
#   Increase physical memory or swap space
#   Check if swap backing store is full
#   Decrease Java heap size (-Xmx/-Xms)
#   Decrease number of Java threads
#   Decrease Java thread stack sizes (-Xss)
#   Set larger code cache with -XX:ReservedCodeCacheSize=
#   JVM is running with Unscaled Compressed Oops mode in which the Java heap is
#     placed in the first 4GB address space. The Java Heap base address is the
#     maximum limit for the native heap growth. Please use -XX:HeapBaseMinAddress
#     to set the Java Heap base and to place the Java Heap above 4GB virtual address.
# This output file may be truncated or incomplete.
#
#  Out of Memory Error (arena.cpp:168), pid=13104, tid=62636
#
# JRE version: OpenJDK Runtime Environment Temurin-21.0.7+6 (21.0.7+6) (build 21.0.7+6-LTS)
# Java VM: OpenJDK 64-Bit Server VM Temurin-21.0.7+6 (21.0.7+6-LTS, mixed mode, sharing, tiered, compressed oops, compressed class ptrs, parallel gc, windows-amd64)
# No core dump will be written. Minidumps are not enabled by default on client versions of Windows
#

---------------  S U M M A R Y ------------

Command Line: --add-modules=ALL-SYSTEM --add-opens=java.base/java.util=ALL-UNNAMED --add-opens=java.base/java.lang=ALL-UNNAMED --add-opens=java.base/sun.nio.fs=ALL-UNNAMED -Declipse.application=org.eclipse.jdt.ls.core.id1 -Dosgi.bundles.defaultStartLevel=4 -Declipse.product=org.eclipse.jdt.ls.core.product -Djava.import.generatesMetadataFilesAtProjectRoot=false -DDetectVMInstallationsJob.disabled=true -Dfile.encoding=utf8 -XX:+UseParallelGC -XX:GCTimeRatio=4 -XX:AdaptiveSizePolicyWeight=90 -Dsun.zip.disableMemoryMapping=true -Xmx2G -Xms100m -Xlog:disable -javaagent:c:\Users\bhaah\.vscode\extensions\redhat.java-1.43.0-win32-x64\lombok\lombok-1.18.39-4050.jar -XX:+HeapDumpOnOutOfMemoryError -XX:HeapDumpPath=c:\Users\bhaah\AppData\Roaming\Code\User\workspaceStorage\75d33d689fd5cbe0b77c0b6ea9c27db4\redhat.java -Daether.dependencyCollector.impl=bf c:\Users\bhaah\.vscode\extensions\redhat.java-1.43.0-win32-x64\server\plugins\org.eclipse.equinox.launcher_1.7.0.v20250519-0528.jar -configuration c:\Users\bhaah\AppData\Roaming\Code\User\globalStorage\redhat.java\1.43.0\config_win -data c:\Users\bhaah\AppData\Roaming\Code\User\workspaceStorage\75d33d689fd5cbe0b77c0b6ea9c27db4\redhat.java\jdt_ws --pipe=\\.\pipe\lsp-c8cbf78265188385df80d686020b98d4-sock

Host: AMD Ryzen 7 5800HS with Radeon Graphics         , 16 cores, 15G,  Windows 11 , 64 bit Build 26100 (10.0.26100.4202)
Time: Sun Jun 29 20:11:26 2025 Jerusalem Daylight Time elapsed time: 7520.453448 seconds (0d 2h 5m 20s)

---------------  T H R E A D  ---------------

Current thread (0x000001c4a61fca70):  JavaThread "C2 CompilerThread0" daemon [_thread_in_native, id=62636, stack(0x00000072a5700000,0x00000072a5800000) (1024K)]


Current CompileTask:
C2:7520453 38992       4       org.eclipse.jdt.internal.compiler.ClassFile::traverse (7238 bytes)

Stack: [0x00000072a5700000,0x00000072a5800000]
Native frames: (J=compiled Java code, j=interpreted, Vv=VM code, C=native code)
V  [jvm.dll+0x6ce119]
V  [jvm.dll+0x8a84a1]
V  [jvm.dll+0x8aa9ce]
V  [jvm.dll+0x8ab0b3]
V  [jvm.dll+0x27f8a6]
V  [jvm.dll+0xc507d]
V  [jvm.dll+0xc55b3]
V  [jvm.dll+0x3b692c]
V  [jvm.dll+0x1dfe33]
V  [jvm.dll+0x247c42]
V  [jvm.dll+0x2470cf]
V  [jvm.dll+0x1c760e]
V  [jvm.dll+0x25695a]
V  [jvm.dll+0x254efa]
V  [jvm.dll+0x3f03f6]
V  [jvm.dll+0x851f6b]
V  [jvm.dll+0x6cc7dd]
C  [ucrtbase.dll+0x37b0]
C  [KERNEL32.DLL+0x2e8d7]
C  [ntdll.dll+0x3c34c]


---------------  P R O C E S S  ---------------

Threads class SMR info:
_java_thread_list=0x000001c4879c7e60, length=86, elements={
0x000001c4a613d470, 0x000001c4bd24cad0, 0x000001c4bd24e630, 0x000001c4a61e76d0,
0x000001c4a61e8320, 0x000001c4a61ec470, 0x000001c4a61f60a0, 0x000001c4a61fca70,
0x000001c4ff7f7020, 0x000001c4ff8f1f60, 0x000001c4ff8f0bb0, 0x000001c4ff8f2c80,
0x000001c4ff8f25f0, 0x000001c4ff8f1240, 0x000001c4ff8efe90, 0x000001c4ff8f0520,
0x000001c4ff8f18d0, 0x000001c4863dff90, 0x000001c4863e19d0, 0x000001c4863e3410,
0x000001c4863e4130, 0x000001c4863e0cb0, 0x000001c4863e47c0, 0x000001c4863e1340,
0x000001c4863e4e50, 0x000001c4863e54e0, 0x000001c4863e6f20, 0x000001c4863e5b70,
0x000001c4863e6200, 0x000001c4863e6890, 0x000001c48a1adad0, 0x000001c48a1ad440,
0x000001c48a1aa650, 0x000001c48a1ae160, 0x000001c48a1aace0, 0x000001c48a1ac720,
0x000001c48a1acdb0, 0x000001c48a1ae7f0, 0x000001c48a1aee80, 0x000001c48a1aba00,
0x000001c4981ef620, 0x000001c4981ee900, 0x000001c4981ee270, 0x000001c4883924a0,
0x000001c4883931c0, 0x000001c488392b30, 0x000001c488391e10, 0x000001c488398da0,
0x000001c498f461e0, 0x000001c498f49cf0, 0x000001c498f46870, 0x000001c498f4aa10,
0x000001c498f482b0, 0x000001c498f4d170, 0x000001c498f4d800, 0x000001c4879048c0,
0x000001c487908a60, 0x000001c4879090f0, 0x000001c48790ab30, 0x000001c4981e8690,
0x000001c4981ec830, 0x000001c4981e93b0, 0x000001c4981eef90, 0x000001c48a1ac090,
0x000001c48a1b0f50, 0x000001c48a1b0230, 0x000001c487906990, 0x000001c498f47c20,
0x000001c4981ebb10, 0x000001c487906300, 0x000001c4863e2060, 0x000001c48ac50e60,
0x000001c48ac51b80, 0x000001c48ac528a0, 0x000001c48ac4e700, 0x000001c48ac4f420,
0x000001c48ac4bfa0, 0x000001c48ac52f30, 0x000001c48ac535c0, 0x000001c487905c70,
0x000001c49c587e20, 0x000001c496c174f0, 0x000001c496c152e0, 0x000001c496c159b0,
0x000001c496c18290, 0x000001c496c1bfe0
}

Java Threads: ( => current thread )
  0x000001c4a613d470 JavaThread "main"                              [_thread_blocked, id=68512, stack(0x00000072a4d00000,0x00000072a4e00000) (1024K)]
  0x000001c4bd24cad0 JavaThread "Reference Handler"          daemon [_thread_blocked, id=77440, stack(0x00000072a5100000,0x00000072a5200000) (1024K)]
  0x000001c4bd24e630 JavaThread "Finalizer"                  daemon [_thread_blocked, id=67504, stack(0x00000072a5200000,0x00000072a5300000) (1024K)]
  0x000001c4a61e76d0 JavaThread "Signal Dispatcher"          daemon [_thread_blocked, id=58800, stack(0x00000072a5300000,0x00000072a5400000) (1024K)]
  0x000001c4a61e8320 JavaThread "Attach Listener"            daemon [_thread_blocked, id=86612, stack(0x00000072a5400000,0x00000072a5500000) (1024K)]
  0x000001c4a61ec470 JavaThread "Service Thread"             daemon [_thread_blocked, id=72272, stack(0x00000072a5500000,0x00000072a5600000) (1024K)]
  0x000001c4a61f60a0 JavaThread "Monitor Deflation Thread"   daemon [_thread_blocked, id=37872, stack(0x00000072a5600000,0x00000072a5700000) (1024K)]
=>0x000001c4a61fca70 JavaThread "C2 CompilerThread0"         daemon [_thread_in_native, id=62636, stack(0x00000072a5700000,0x00000072a5800000) (1024K)]
  0x000001c4ff7f7020 JavaThread "C1 CompilerThread0"         daemon [_thread_blocked, id=12772, stack(0x00000072a5800000,0x00000072a5900000) (1024K)]
  0x000001c4ff8f1f60 JavaThread "Common-Cleaner"             daemon [_thread_blocked, id=64876, stack(0x00000072a5900000,0x00000072a5a00000) (1024K)]
  0x000001c4ff8f0bb0 JavaThread "Notification Thread"        daemon [_thread_blocked, id=34636, stack(0x00000072a5d00000,0x00000072a5e00000) (1024K)]
  0x000001c4ff8f2c80 JavaThread "Active Thread: Equinox Container: a69d2b08-7fe5-4fe0-af25-cd2a3a2407f9"        [_thread_blocked, id=17320, stack(0x00000072a6700000,0x00000072a6800000) (1024K)]
  0x000001c4ff8f25f0 JavaThread "Refresh Thread: Equinox Container: a69d2b08-7fe5-4fe0-af25-cd2a3a2407f9" daemon [_thread_blocked, id=84812, stack(0x00000072a5b00000,0x00000072a5c00000) (1024K)]
  0x000001c4ff8f1240 JavaThread "Framework Event Dispatcher: Equinox Container: a69d2b08-7fe5-4fe0-af25-cd2a3a2407f9" daemon [_thread_blocked, id=59348, stack(0x00000072a5c00000,0x00000072a5d00000) (1024K)]
  0x000001c4ff8efe90 JavaThread "Start Level: Equinox Container: a69d2b08-7fe5-4fe0-af25-cd2a3a2407f9" daemon [_thread_blocked, id=59864, stack(0x00000072a5e00000,0x00000072a5f00000) (1024K)]
  0x000001c4ff8f0520 JavaThread "Bundle File Closer"         daemon [_thread_blocked, id=33084, stack(0x00000072a6a00000,0x00000072a6b00000) (1024K)]
  0x000001c4ff8f18d0 JavaThread "SCR Component Actor"        daemon [_thread_blocked, id=31884, stack(0x00000072a6800000,0x00000072a6900000) (1024K)]
  0x000001c4863dff90 JavaThread "Worker-JM"                         [_thread_blocked, id=71676, stack(0x00000072a7200000,0x00000072a7300000) (1024K)]
  0x000001c4863e19d0 JavaThread "JNA Cleaner"                daemon [_thread_blocked, id=13064, stack(0x00000072a7400000,0x00000072a7500000) (1024K)]
  0x000001c4863e3410 JavaThread "Java indexing"              daemon [_thread_in_vm, id=48844, stack(0x00000072a7700000,0x00000072a7800000) (1024K)]
  0x000001c4863e4130 JavaThread "Thread-2"                   daemon [_thread_in_native, id=19228, stack(0x00000072a7e00000,0x00000072a7f00000) (1024K)]
  0x000001c4863e0cb0 JavaThread "Thread-3"                   daemon [_thread_in_native, id=49776, stack(0x00000072a7f00000,0x00000072a8000000) (1024K)]
  0x000001c4863e47c0 JavaThread "Thread-4"                   daemon [_thread_in_native, id=27568, stack(0x00000072a8000000,0x00000072a8100000) (1024K)]
  0x000001c4863e1340 JavaThread "Thread-5"                   daemon [_thread_in_native, id=87216, stack(0x00000072a8100000,0x00000072a8200000) (1024K)]
  0x000001c4863e4e50 JavaThread "Thread-6"                   daemon [_thread_in_native, id=61592, stack(0x00000072a8200000,0x00000072a8300000) (1024K)]
  0x000001c4863e54e0 JavaThread "Thread-7"                   daemon [_thread_in_native, id=87036, stack(0x00000072a8300000,0x00000072a8400000) (1024K)]
  0x000001c4863e6f20 JavaThread "Thread-8"                   daemon [_thread_in_native, id=64140, stack(0x00000072a8400000,0x00000072a8500000) (1024K)]
  0x000001c4863e5b70 JavaThread "Thread-9"                   daemon [_thread_in_native, id=79652, stack(0x00000072a8500000,0x00000072a8600000) (1024K)]
  0x000001c4863e6200 JavaThread "Thread-10"                  daemon [_thread_in_native, id=71236, stack(0x00000072a8600000,0x00000072a8700000) (1024K)]
  0x000001c4863e6890 JavaThread "Thread-11"                  daemon [_thread_in_native, id=61740, stack(0x00000072a8700000,0x00000072a8800000) (1024K)]
  0x000001c48a1adad0 JavaThread "Thread-12"                  daemon [_thread_in_native, id=36868, stack(0x00000072a8800000,0x00000072a8900000) (1024K)]
  0x000001c48a1ad440 JavaThread "Thread-13"                  daemon [_thread_in_native, id=83256, stack(0x00000072a8900000,0x00000072a8a00000) (1024K)]
  0x000001c48a1aa650 JavaThread "Thread-14"                  daemon [_thread_in_native, id=88488, stack(0x00000072a8a00000,0x00000072a8b00000) (1024K)]
  0x000001c48a1ae160 JavaThread "Thread-15"                  daemon [_thread_in_native, id=89044, stack(0x00000072a8b00000,0x00000072a8c00000) (1024K)]
  0x000001c48a1aace0 JavaThread "Thread-16"                  daemon [_thread_in_native, id=29380, stack(0x00000072a8c00000,0x00000072a8d00000) (1024K)]
  0x000001c48a1ac720 JavaThread "Thread-17"                  daemon [_thread_in_native, id=62940, stack(0x00000072a8d00000,0x00000072a8e00000) (1024K)]
  0x000001c48a1acdb0 JavaThread "Thread-18"                  daemon [_thread_in_native, id=64740, stack(0x00000072a8e00000,0x00000072a8f00000) (1024K)]
  0x000001c48a1ae7f0 JavaThread "pool-2-thread-1"                   [_thread_blocked, id=10064, stack(0x00000072a8f00000,0x00000072a9000000) (1024K)]
  0x000001c48a1aee80 JavaThread "WorkspaceEventsHandler"            [_thread_blocked, id=26168, stack(0x00000072a9400000,0x00000072a9500000) (1024K)]
  0x000001c48a1aba00 JavaThread "pool-1-thread-1"                   [_thread_blocked, id=4132, stack(0x00000072a9500000,0x00000072a9600000) (1024K)]
  0x000001c4981ef620 JavaThread "ForkJoinPool.commonPool-worker-4" daemon [_thread_blocked, id=87164, stack(0x00000072a9200000,0x00000072a9300000) (1024K)]
  0x000001c4981ee900 JavaThread "ForkJoinPool.commonPool-worker-5" daemon [_thread_blocked, id=86688, stack(0x00000072ac300000,0x00000072ac400000) (1024K)]
  0x000001c4981ee270 JavaThread "ForkJoinPool.commonPool-worker-7" daemon [_thread_blocked, id=84404, stack(0x00000072ac500000,0x00000072ac600000) (1024K)]
  0x000001c4883924a0 JavaThread "ForkJoinPool.commonPool-worker-8" daemon [_thread_blocked, id=87268, stack(0x00000072ac600000,0x00000072ac700000) (1024K)]
  0x000001c4883931c0 JavaThread "ForkJoinPool.commonPool-worker-9" daemon [_thread_blocked, id=17852, stack(0x00000072a6e00000,0x00000072a6f00000) (1024K)]
  0x000001c488392b30 JavaThread "ForkJoinPool.commonPool-worker-14" daemon [_thread_blocked, id=84768, stack(0x00000072ac900000,0x00000072aca00000) (1024K)]
  0x000001c488391e10 JavaThread "Cleaner-0"                  daemon [_thread_blocked, id=16352, stack(0x00000072a7600000,0x00000072a7700000) (1024K)]
  0x000001c488398da0 JavaThread "Compiler Source File Reader" daemon [_thread_blocked, id=25308, stack(0x00000072a6c00000,0x00000072a6d00000) (1024K)]
  0x000001c498f461e0 JavaThread "Compiler Source File Reader" daemon [_thread_blocked, id=19532, stack(0x00000072a4a00000,0x00000072a4b00000) (1024K)]
  0x000001c498f49cf0 JavaThread "ForkJoinPool.commonPool-worker-17" daemon [_thread_blocked, id=56584, stack(0x00000072a7900000,0x00000072a7a00000) (1024K)]
  0x000001c498f46870 JavaThread "ForkJoinPool.commonPool-worker-16" daemon [_thread_blocked, id=86452, stack(0x00000072a7a00000,0x00000072a7b00000) (1024K)]
  0x000001c498f4aa10 JavaThread "ForkJoinPool.commonPool-worker-18" daemon [_thread_blocked, id=59664, stack(0x00000072a7b00000,0x00000072a7c00000) (1024K)]
  0x000001c498f482b0 JavaThread "ForkJoinPool.commonPool-worker-22" daemon [_thread_blocked, id=70860, stack(0x00000072a9900000,0x00000072a9a00000) (1024K)]
  0x000001c498f4d170 JavaThread "ForkJoinPool.commonPool-worker-23" daemon [_thread_blocked, id=17080, stack(0x00000072a9a00000,0x00000072a9b00000) (1024K)]
  0x000001c498f4d800 JavaThread "Compiler Source File Reader" daemon [_thread_blocked, id=76992, stack(0x00000072aa100000,0x00000072aa200000) (1024K)]
  0x000001c4879048c0 JavaThread "Compiler Source File Reader" daemon [_thread_blocked, id=43756, stack(0x00000072a6b00000,0x00000072a6c00000) (1024K)]
  0x000001c487908a60 JavaThread "Compiler Source File Reader" daemon [_thread_blocked, id=53220, stack(0x00000072a4b00000,0x00000072a4c00000) (1024K)]
  0x000001c4879090f0 JavaThread "Compiler Source File Reader" daemon [_thread_blocked, id=78960, stack(0x00000072a7500000,0x00000072a7600000) (1024K)]
  0x000001c48790ab30 JavaThread "Compiler Source File Reader" daemon [_thread_blocked, id=73268, stack(0x00000072a9700000,0x00000072a9800000) (1024K)]
  0x000001c4981e8690 JavaThread "Compiler Source File Reader" daemon [_thread_blocked, id=40124, stack(0x00000072a9c00000,0x00000072a9d00000) (1024K)]
  0x000001c4981ec830 JavaThread "Compiler Source File Reader" daemon [_thread_blocked, id=53924, stack(0x00000072aa500000,0x00000072aa600000) (1024K)]
  0x000001c4981e93b0 JavaThread "Compiler Source File Reader" daemon [_thread_blocked, id=34124, stack(0x00000072aa700000,0x00000072aa800000) (1024K)]
  0x000001c4981eef90 JavaThread "Compiler Source File Reader" daemon [_thread_blocked, id=33216, stack(0x00000072aa400000,0x00000072aa500000) (1024K)]
  0x000001c48a1ac090 JavaThread "Compiler Source File Reader" daemon [_thread_blocked, id=32804, stack(0x00000072a9100000,0x00000072a9200000) (1024K)]
  0x000001c48a1b0f50 JavaThread "Compiler Source File Reader" daemon [_thread_blocked, id=46252, stack(0x00000072a9f00000,0x00000072aa000000) (1024K)]
  0x000001c48a1b0230 JavaThread "Compiler Source File Reader" daemon [_thread_blocked, id=46884, stack(0x00000072aa600000,0x00000072aa700000) (1024K)]
  0x000001c487906990 JavaThread "Worker-10"                         [_thread_blocked, id=7016, stack(0x00000072a6f00000,0x00000072a7000000) (1024K)]
  0x000001c498f47c20 JavaThread "ForkJoinPool.commonPool-worker-24" daemon [_thread_blocked, id=48728, stack(0x00000072a7100000,0x00000072a7200000) (1024K)]
  0x000001c4981ebb10 JavaThread "LocalFile Deleter"          daemon [_thread_blocked, id=30684, stack(0x00000072aa300000,0x00000072aa400000) (1024K)]
  0x000001c487906300 JavaThread "LocalFile Deleter"          daemon [_thread_blocked, id=40076, stack(0x00000072ab000000,0x00000072ab100000) (1024K)]
  0x000001c4863e2060 JavaThread "LocalFile Deleter"          daemon [_thread_blocked, id=39768, stack(0x00000072ab300000,0x00000072ab400000) (1024K)]
  0x000001c48ac50e60 JavaThread "ForkJoinPool.commonPool-worker-25" daemon [_thread_blocked, id=6044, stack(0x00000072a7d00000,0x00000072a7e00000) (1024K)]
  0x000001c48ac51b80 JavaThread "ForkJoinPool.commonPool-worker-26" daemon [_thread_blocked, id=9300, stack(0x00000072a9800000,0x00000072a9900000) (1024K)]
  0x000001c48ac528a0 JavaThread "Worker-18: Updating workspace"        [_thread_in_native, id=84072, stack(0x00000072a9600000,0x00000072a9700000) (1024K)]
  0x000001c48ac4e700 JavaThread "Worker-20: Building"               [_thread_blocked, id=32016, stack(0x00000072a7c00000,0x00000072a7d00000) (1024K)]
  0x000001c48ac4f420 JavaThread "Worker-21: Java indexing... "        [_thread_blocked, id=23484, stack(0x00000072a7000000,0x00000072a7100000) (1024K)]
  0x000001c48ac4bfa0 JavaThread "LocalFile Deleter"          daemon [_thread_blocked, id=50372, stack(0x00000072a7800000,0x00000072a7900000) (1024K)]
  0x000001c48ac52f30 JavaThread "LocalFile Deleter"          daemon [_thread_blocked, id=88196, stack(0x00000072a9000000,0x00000072a9100000) (1024K)]
  0x000001c48ac535c0 JavaThread "LocalFile Deleter"          daemon [_thread_blocked, id=80252, stack(0x00000072a9300000,0x00000072a9400000) (1024K)]
  0x000001c487905c70 JavaThread "Compiler Processing Task"   daemon [_thread_in_Java, id=77256, stack(0x00000072aa800000,0x00000072aa900000) (1024K)]
  0x000001c49c587e20 JavaThread "C1 CompilerThread1"         daemon [_thread_blocked, id=62108, stack(0x00000072a4c00000,0x00000072a4d00000) (1024K)]
  0x000001c496c174f0 JavaThread "C2 CompilerThread1"         daemon [_thread_in_native, id=55064, stack(0x00000072a9e00000,0x00000072a9f00000) (1024K)]
  0x000001c496c152e0 JavaThread "C2 CompilerThread2"         daemon [_thread_in_native, id=21416, stack(0x00000072aa000000,0x00000072aa100000) (1024K)]
  0x000001c496c159b0 JavaThread "C2 CompilerThread3"         daemon [_thread_in_native, id=45520, stack(0x00000072aa200000,0x00000072aa300000) (1024K)]
  0x000001c496c18290 JavaThread "C2 CompilerThread4"         daemon [_thread_in_native, id=25812, stack(0x00000072aa900000,0x00000072aaa00000) (1024K)]
  0x000001c496c1bfe0 JavaThread "C2 CompilerThread5"         daemon [_thread_in_native, id=44640, stack(0x00000072aaa00000,0x00000072aab00000) (1024K)]
Total: 86

Other Threads:
  0x000001c4bd231d40 VMThread "VM Thread"                           [id=73444, stack(0x00000072a5000000,0x00000072a5100000) (1024K)]
  0x000001c4bd12ca00 WatcherThread "VM Periodic Task Thread"        [id=5600, stack(0x00000072a4f00000,0x00000072a5000000) (1024K)]
  0x000001c4a615a920 WorkerThread "GC Thread#0"                     [id=70296, stack(0x00000072a4e00000,0x00000072a4f00000) (1024K)]
  0x000001c4816bbf40 WorkerThread "GC Thread#1"                     [id=86460, stack(0x00000072a5f00000,0x00000072a6000000) (1024K)]
  0x000001c4816bc2e0 WorkerThread "GC Thread#2"                     [id=81852, stack(0x00000072a6000000,0x00000072a6100000) (1024K)]
  0x000001c4861dab10 WorkerThread "GC Thread#3"                     [id=84060, stack(0x00000072a6100000,0x00000072a6200000) (1024K)]
  0x000001c4861daeb0 WorkerThread "GC Thread#4"                     [id=80964, stack(0x00000072a6200000,0x00000072a6300000) (1024K)]
  0x000001c4816d0700 WorkerThread "GC Thread#5"                     [id=50492, stack(0x00000072a6300000,0x00000072a6400000) (1024K)]
  0x000001c4816d0aa0 WorkerThread "GC Thread#6"                     [id=35952, stack(0x00000072a6400000,0x00000072a6500000) (1024K)]
  0x000001c48604cf10 WorkerThread "GC Thread#7"                     [id=81572, stack(0x00000072a6900000,0x00000072a6a00000) (1024K)]
  0x000001c48604c7d0 WorkerThread "GC Thread#8"                     [id=79724, stack(0x00000072a5a00000,0x00000072a5b00000) (1024K)]
  0x000001c48604dd90 WorkerThread "GC Thread#9"                     [id=63664, stack(0x00000072a6500000,0x00000072a6600000) (1024K)]
  0x000001c48604d2b0 WorkerThread "GC Thread#10"                    [id=21576, stack(0x00000072a6600000,0x00000072a6700000) (1024K)]
  0x000001c48604d650 WorkerThread "GC Thread#11"                    [id=38616, stack(0x00000072a6d00000,0x00000072a6e00000) (1024K)]
  0x000001c4814b5110 WorkerThread "GC Thread#12"                    [id=8924, stack(0x00000072a7300000,0x00000072a7400000) (1024K)]
Total: 15

Threads with active compile tasks:
C2 CompilerThread0  7520497 38992       4       org.eclipse.jdt.internal.compiler.ClassFile::traverse (7238 bytes)
C1 CompilerThread0  7520497 39147   !   3       org.eclipse.jdt.internal.compiler.lookup.Scope::getExactMethod (254 bytes)
C1 CompilerThread1  7520497 39148       3       org.eclipse.jdt.internal.compiler.ast.ReferenceExpression::descriptorParametersAsArgumentExpressions (87 bytes)
C2 CompilerThread1  7520497 39145       4       org.eclipse.jdt.internal.compiler.SourceElementParser::classInstanceCreation (107 bytes)
C2 CompilerThread2  7520497 39110       4       org.eclipse.jdt.internal.core.search.matching.JavaSearchNameEnvironment::getModulesDeclaringPackage (259 bytes)
C2 CompilerThread3  7520497 39019       4       org.eclipse.jdt.internal.compiler.lookup.MethodVerifier::computeInheritedMethods (1096 bytes)
C2 CompilerThread4  7520497 39122       4       org.eclipse.jdt.internal.compiler.lookup.CompilationUnitScope::storeDependencyInfo (355 bytes)
C2 CompilerThread5  7520497 39118   !   4       org.eclipse.jdt.internal.core.search.matching.JavaSearchNameEnvironment::mapToClassPathLocation (219 bytes)
Total: 8

VM state: not at safepoint (normal execution)

VM Mutex/Monitor currently owned by a thread:  ([mutex/lock_event])
[0x00007ffe6be8ce88] MethodCompileQueue_lock - owner thread: 0x000001c4ff7f7020
[0x00007ffe6be8e208] CodeCache_lock - owner thread: 0x000001c4ff7f7020
[0x00007ffe6be8e388] Compile_lock - owner thread: 0x000001c4ff7f7020

Heap address: 0x0000000080000000, size: 2048 MB, Compressed Oops mode: 32-bit

CDS archive(s) mapped at: [0x000001c4be000000-0x000001c4beba0000-0x000001c4beba0000), size 12189696, SharedBaseAddress: 0x000001c4be000000, ArchiveRelocationMode: 1.
Compressed class space mapped at: 0x000001c4bf000000-0x000001c4ff000000, reserved size: 1073741824
Narrow klass base: 0x000001c4be000000, Narrow klass shift: 0, Narrow klass range: 0x100000000

GC Precious Log:
 CardTable entry size: 512
 CPUs: 16 total, 16 available
 Memory: 15775M
 Large Page Support: Disabled
 NUMA Support: Disabled
 Compressed Oops: Enabled (32-bit)
 Alignments: Space 512K, Generation 512K, Heap 2M
 Heap Min Capacity: 100M
 Heap Initial Capacity: 100M
 Heap Max Capacity: 2G
 Pre-touch: Disabled
 Parallel Workers: 13

Heap:
 PSYoungGen      total 9216K, used 7525K [0x00000000d5580000, 0x00000000d6100000, 0x0000000100000000)
  eden space 7680K, 82% used [0x00000000d5580000,0x00000000d5bb14f0,0x00000000d5d00000)
  from space 1536K, 77% used [0x00000000d5e00000,0x00000000d5f28000,0x00000000d5f80000)
  to   space 1536K, 0% used [0x00000000d5f80000,0x00000000d5f80000,0x00000000d6100000)
 ParOldGen       total 1165824K, used 1165797K [0x0000000080000000, 0x00000000c7280000, 0x00000000d5580000)
  object space 1165824K, 99% used [0x0000000080000000,0x00000000c72797d8,0x00000000c7280000)
 Metaspace       used 91670K, committed 93504K, reserved 1179648K
  class space    used 8430K, committed 9344K, reserved 1048576K

Card table byte_map: [0x000001c4b8560000,0x000001c4b8970000] _byte_map_base: 0x000001c4b8160000

Marking Bits: (ParMarkBitMap*) 0x00007ffe6be931f0
 Begin Bits: [0x000001c4b8c20000, 0x000001c4bac20000)
 End Bits:   [0x000001c4bac20000, 0x000001c4bcc20000)

Polling page: 0x000001c4a6200000

Metaspace:

Usage:
  Non-class:     81.29 MB used.
      Class:      8.23 MB used.
       Both:     89.52 MB used.

Virtual space:
  Non-class space:      128.00 MB reserved,      82.19 MB ( 64%) committed,  2 nodes.
      Class space:        1.00 GB reserved,       9.12 MB ( <1%) committed,  1 nodes.
             Both:        1.12 GB reserved,      91.31 MB (  8%) committed. 

Chunk freelists:
   Non-Class:  13.49 MB
       Class:  6.84 MB
        Both:  20.32 MB

MaxMetaspaceSize: unlimited
CompressedClassSpaceSize: 1.00 GB
Initial GC threshold: 21.00 MB
Current GC threshold: 151.69 MB
CDS: on
 - commit_granule_bytes: 65536.
 - commit_granule_words: 8192.
 - virtual_space_node_default_size: 8388608.
 - enlarge_chunks_in_place: 1.
 - use_allocation_guard: 0.


Internal statistics:

num_allocs_failed_limit: 9.
num_arena_births: 2172.
num_arena_deaths: 318.
num_vsnodes_births: 3.
num_vsnodes_deaths: 0.
num_space_committed: 1461.
num_space_uncommitted: 0.
num_chunks_returned_to_freelist: 384.
num_chunks_taken_from_freelist: 7274.
num_chunk_merges: 107.
num_chunk_splits: 4150.
num_chunks_enlarged: 2018.
num_inconsistent_stats: 0.

CodeHeap 'non-profiled nmethods': size=119168Kb used=27804Kb max_used=27804Kb free=91363Kb
 bounds [0x000001c4b0f20000, 0x000001c4b2a50000, 0x000001c4b8380000]
CodeHeap 'profiled nmethods': size=119104Kb used=30589Kb max_used=51614Kb free=88515Kb
 bounds [0x000001c4a9380000, 0x000001c4ac5f0000, 0x000001c4b07d0000]
CodeHeap 'non-nmethods': size=7488Kb used=2074Kb max_used=3307Kb free=5413Kb
 bounds [0x000001c4b07d0000, 0x000001c4b0b30000, 0x000001c4b0f20000]
 total_blobs=15081 nmethods=14258 adapters=721
 compilation: enabled
              stopped_count=0, restarted_count=0
 full_count=0

Compilation events (20 events):
Event: 7519.366 Thread 0x000001c496c174f0 39116       4       org.eclipse.jdt.internal.compiler.lookup.WildcardBinding::resolve (244 bytes)
Event: 7519.368 Thread 0x000001c49c58bb70 39117       3       org.eclipse.jdt.internal.compiler.lookup.ReferenceBinding::retrieveAnnotationHolder (26 bytes)
Event: 7519.369 Thread 0x000001c49c58bb70 nmethod 39117 0x000001c4ac5b3c90 code [0x000001c4ac5b3e60, 0x000001c4ac5b4250]
Event: 7519.378 Thread 0x000001c496c174f0 nmethod 39116 0x000001c4b2a37890 code [0x000001c4b2a37bc0, 0x000001c4b2a387d0]
Event: 7519.378 Thread 0x000001c496c1bfe0 39118   !   4       org.eclipse.jdt.internal.core.search.matching.JavaSearchNameEnvironment::mapToClassPathLocation (219 bytes)
Event: 7519.379 Thread 0x000001c496c174f0 39119   !   4       org.eclipse.jdt.internal.core.search.matching.JavaSearchNameEnvironment::computeModuleFor (82 bytes)
Event: 7519.387 Thread 0x000001c496c174f0 nmethod 39119 0x000001c4b2a39110 code [0x000001c4b2a39300, 0x000001c4b2a39830]
Event: 7519.388 Thread 0x000001c496c174f0 39120       4       org.eclipse.jdt.internal.compiler.lookup.LookupEnvironment::getTypeFromCompoundName (160 bytes)
Event: 7519.389 Thread 0x000001c49c58bb70 39123       3       org.eclipse.jdt.internal.compiler.parser.Parser::consumeInsideCastExpressionLL1 (28 bytes)
Event: 7519.389 Thread 0x000001c4ff7f7020 39124       3       org.eclipse.jdt.internal.compiler.parser.Parser::consumeCastExpressionLL1 (77 bytes)
Event: 7519.390 Thread 0x000001c49c58bb70 nmethod 39123 0x000001c4aa69a910 code [0x000001c4aa69ab00, 0x000001c4aa69af50]
Event: 7519.390 Thread 0x000001c4ff7f7020 nmethod 39124 0x000001c4ac26f490 code [0x000001c4ac26f680, 0x000001c4ac26fdb0]
Event: 7519.390 Thread 0x000001c49c58cfe0 39125       3       org.eclipse.jdt.internal.core.search.indexing.SourceIndexerRequestor::pushTypeName (57 bytes)
Event: 7519.390 Thread 0x000001c4ff7f7020 39126       3       org.eclipse.jdt.internal.core.search.indexing.SourceIndexerRequestor::exitType (5 bytes)
Event: 7519.390 Thread 0x000001c49c58bb70 39127       3       org.eclipse.jdt.internal.core.search.indexing.SourceIndexerRequestor::popTypeName (37 bytes)
Event: 7519.391 Thread 0x000001c4ff7f7020 nmethod 39126 0x000001c4aa69a410 code [0x000001c4aa69a5c0, 0x000001c4aa69a718]
Event: 7519.391 Thread 0x000001c49c58cfe0 nmethod 39125 0x000001c4ac26ed10 code [0x000001c4ac26eee0, 0x000001c4ac26f310]
Event: 7519.391 Thread 0x000001c49c58bb70 nmethod 39127 0x000001c4ac26e610 code [0x000001c4ac26e7e0, 0x000001c4ac26ebb0]
Event: 7520.449 Thread 0x000001c496c174f0 nmethod 39120 0x000001c4b2a39c90 code [0x000001c4b2a39f60, 0x000001c4b2a3aa10]
Event: 7520.450 Thread 0x000001c496c174f0 39128       4       org.eclipse.jdt.internal.compiler.lookup.LookupEnvironment::getTypeFromConstantPoolName (111 bytes)

GC Heap History (20 events):
Event: 7519.238 GC heap before
{Heap before GC invocations=11621 (full 25):
 PSYoungGen      total 8704K, used 8704K [0x00000000d5580000, 0x00000000d6400000, 0x0000000100000000)
  eden space 7168K, 100% used [0x00000000d5580000,0x00000000d5c80000,0x00000000d5c80000)
  from space 1536K, 100% used [0x00000000d5c80000,0x00000000d5e00000,0x00000000d5e00000)
  to   space 3072K, 0% used [0x00000000d6100000,0x00000000d6100000,0x00000000d6400000)
 ParOldGen       total 1147904K, used 1147796K [0x0000000080000000, 0x00000000c6100000, 0x00000000d5580000)
  object space 1147904K, 99% used [0x0000000080000000,0x00000000c60e53b0,0x00000000c6100000)
 Metaspace       used 91638K, committed 93440K, reserved 1179648K
  class space    used 8430K, committed 9344K, reserved 1048576K
}
Event: 7519.241 GC heap after
{Heap after GC invocations=11621 (full 25):
 PSYoungGen      total 11264K, used 2362K [0x00000000d5580000, 0x00000000d6380000, 0x0000000100000000)
  eden space 8704K, 0% used [0x00000000d5580000,0x00000000d5580000,0x00000000d5e00000)
  from space 2560K, 92% used [0x00000000d6100000,0x00000000d634ea78,0x00000000d6380000)
  to   space 2560K, 0% used [0x00000000d5e80000,0x00000000d5e80000,0x00000000d6100000)
 ParOldGen       total 1149440K, used 1149256K [0x0000000080000000, 0x00000000c6280000, 0x00000000d5580000)
  object space 1149440K, 99% used [0x0000000080000000,0x00000000c62520d0,0x00000000c6280000)
 Metaspace       used 91638K, committed 93440K, reserved 1179648K
  class space    used 8430K, committed 9344K, reserved 1048576K
}
Event: 7519.255 GC heap before
{Heap before GC invocations=11622 (full 25):
 PSYoungGen      total 11264K, used 11066K [0x00000000d5580000, 0x00000000d6380000, 0x0000000100000000)
  eden space 8704K, 100% used [0x00000000d5580000,0x00000000d5e00000,0x00000000d5e00000)
  from space 2560K, 92% used [0x00000000d6100000,0x00000000d634ea78,0x00000000d6380000)
  to   space 2560K, 0% used [0x00000000d5e80000,0x00000000d5e80000,0x00000000d6100000)
 ParOldGen       total 1149440K, used 1149256K [0x0000000080000000, 0x00000000c6280000, 0x00000000d5580000)
  object space 1149440K, 99% used [0x0000000080000000,0x00000000c62520d0,0x00000000c6280000)
 Metaspace       used 91639K, committed 93440K, reserved 1179648K
  class space    used 8430K, committed 9344K, reserved 1048576K
}
Event: 7519.258 GC heap after
{Heap after GC invocations=11622 (full 25):
 PSYoungGen      total 11776K, used 2336K [0x00000000d5580000, 0x00000000d6500000, 0x0000000100000000)
  eden space 9216K, 0% used [0x00000000d5580000,0x00000000d5580000,0x00000000d5e80000)
  from space 2560K, 91% used [0x00000000d5e80000,0x00000000d60c8010,0x00000000d6100000)
  to   space 2560K, 0% used [0x00000000d6280000,0x00000000d6280000,0x00000000d6500000)
 ParOldGen       total 1151488K, used 1151245K [0x0000000080000000, 0x00000000c6480000, 0x00000000d5580000)
  object space 1151488K, 99% used [0x0000000080000000,0x00000000c6443708,0x00000000c6480000)
 Metaspace       used 91639K, committed 93440K, reserved 1179648K
  class space    used 8430K, committed 9344K, reserved 1048576K
}
Event: 7519.273 GC heap before
{Heap before GC invocations=11623 (full 25):
 PSYoungGen      total 11776K, used 11546K [0x00000000d5580000, 0x00000000d6500000, 0x0000000100000000)
  eden space 9216K, 99% used [0x00000000d5580000,0x00000000d5e7e9e0,0x00000000d5e80000)
  from space 2560K, 91% used [0x00000000d5e80000,0x00000000d60c8010,0x00000000d6100000)
  to   space 2560K, 0% used [0x00000000d6280000,0x00000000d6280000,0x00000000d6500000)
 ParOldGen       total 1151488K, used 1151245K [0x0000000080000000, 0x00000000c6480000, 0x00000000d5580000)
  object space 1151488K, 99% used [0x0000000080000000,0x00000000c6443708,0x00000000c6480000)
 Metaspace       used 91639K, committed 93440K, reserved 1179648K
  class space    used 8430K, committed 9344K, reserved 1048576K
}
Event: 7519.276 GC heap after
{Heap after GC invocations=11623 (full 25):
 PSYoungGen      total 11264K, used 1953K [0x00000000d5580000, 0x00000000d6480000, 0x0000000100000000)
  eden space 9216K, 0% used [0x00000000d5580000,0x00000000d5580000,0x00000000d5e80000)
  from space 2048K, 95% used [0x00000000d6280000,0x00000000d6468668,0x00000000d6480000)
  to   space 2560K, 0% used [0x00000000d5f80000,0x00000000d5f80000,0x00000000d6200000)
 ParOldGen       total 1153536K, used 1153412K [0x0000000080000000, 0x00000000c6680000, 0x00000000d5580000)
  object space 1153536K, 99% used [0x0000000080000000,0x00000000c6661078,0x00000000c6680000)
 Metaspace       used 91639K, committed 93440K, reserved 1179648K
  class space    used 8430K, committed 9344K, reserved 1048576K
}
Event: 7519.293 GC heap before
{Heap before GC invocations=11624 (full 25):
 PSYoungGen      total 11264K, used 11169K [0x00000000d5580000, 0x00000000d6480000, 0x0000000100000000)
  eden space 9216K, 99% used [0x00000000d5580000,0x00000000d5e7fff0,0x00000000d5e80000)
  from space 2048K, 95% used [0x00000000d6280000,0x00000000d6468668,0x00000000d6480000)
  to   space 2560K, 0% used [0x00000000d5f80000,0x00000000d5f80000,0x00000000d6200000)
 ParOldGen       total 1153536K, used 1153412K [0x0000000080000000, 0x00000000c6680000, 0x00000000d5580000)
  object space 1153536K, 99% used [0x0000000080000000,0x00000000c6661078,0x00000000c6680000)
 Metaspace       used 91643K, committed 93440K, reserved 1179648K
  class space    used 8430K, committed 9344K, reserved 1048576K
}
Event: 7519.297 GC heap after
{Heap after GC invocations=11624 (full 25):
 PSYoungGen      total 11776K, used 2110K [0x00000000d5580000, 0x00000000d6380000, 0x0000000100000000)
  eden space 9216K, 0% used [0x00000000d5580000,0x00000000d5580000,0x00000000d5e80000)
  from space 2560K, 82% used [0x00000000d5f80000,0x00000000d618fbd0,0x00000000d6200000)
  to   space 1536K, 0% used [0x00000000d6200000,0x00000000d6200000,0x00000000d6380000)
 ParOldGen       total 1155584K, used 1155112K [0x0000000080000000, 0x00000000c6880000, 0x00000000d5580000)
  object space 1155584K, 99% used [0x0000000080000000,0x00000000c680a178,0x00000000c6880000)
 Metaspace       used 91643K, committed 93440K, reserved 1179648K
  class space    used 8430K, committed 9344K, reserved 1048576K
}
Event: 7519.311 GC heap before
{Heap before GC invocations=11625 (full 25):
 PSYoungGen      total 11776K, used 11326K [0x00000000d5580000, 0x00000000d6380000, 0x0000000100000000)
  eden space 9216K, 100% used [0x00000000d5580000,0x00000000d5e80000,0x00000000d5e80000)
  from space 2560K, 82% used [0x00000000d5f80000,0x00000000d618fbd0,0x00000000d6200000)
  to   space 1536K, 0% used [0x00000000d6200000,0x00000000d6200000,0x00000000d6380000)
 ParOldGen       total 1155584K, used 1155112K [0x0000000080000000, 0x00000000c6880000, 0x00000000d5580000)
  object space 1155584K, 99% used [0x0000000080000000,0x00000000c680a178,0x00000000c6880000)
 Metaspace       used 91643K, committed 93440K, reserved 1179648K
  class space    used 8430K, committed 9344K, reserved 1048576K
}
Event: 7519.314 GC heap after
{Heap after GC invocations=11625 (full 25):
 PSYoungGen      total 9216K, used 1504K [0x00000000d5580000, 0x00000000d6880000, 0x0000000100000000)
  eden space 7680K, 0% used [0x00000000d5580000,0x00000000d5580000,0x00000000d5d00000)
  from space 1536K, 97% used [0x00000000d6200000,0x00000000d6378320,0x00000000d6380000)
  to   space 5120K, 0% used [0x00000000d5d00000,0x00000000d5d00000,0x00000000d6200000)
 ParOldGen       total 1158144K, used 1158046K [0x0000000080000000, 0x00000000c6b00000, 0x00000000d5580000)
  object space 1158144K, 99% used [0x0000000080000000,0x00000000c6ae7988,0x00000000c6b00000)
 Metaspace       used 91643K, committed 93440K, reserved 1179648K
  class space    used 8430K, committed 9344K, reserved 1048576K
}
Event: 7519.334 GC heap before
{Heap before GC invocations=11626 (full 25):
 PSYoungGen      total 9216K, used 9184K [0x00000000d5580000, 0x00000000d6880000, 0x0000000100000000)
  eden space 7680K, 100% used [0x00000000d5580000,0x00000000d5d00000,0x00000000d5d00000)
  from space 1536K, 97% used [0x00000000d6200000,0x00000000d6378320,0x00000000d6380000)
  to   space 5120K, 0% used [0x00000000d5d00000,0x00000000d5d00000,0x00000000d6200000)
 ParOldGen       total 1158144K, used 1158046K [0x0000000080000000, 0x00000000c6b00000, 0x00000000d5580000)
  object space 1158144K, 99% used [0x0000000080000000,0x00000000c6ae7988,0x00000000c6b00000)
 Metaspace       used 91646K, committed 93440K, reserved 1179648K
  class space    used 8430K, committed 9344K, reserved 1048576K
}
Event: 7519.338 GC heap after
{Heap after GC invocations=11626 (full 25):
 PSYoungGen      total 9728K, used 1757K [0x00000000d5580000, 0x00000000d6300000, 0x0000000100000000)
  eden space 7680K, 0% used [0x00000000d5580000,0x00000000d5580000,0x00000000d5d00000)
  from space 2048K, 85% used [0x00000000d5d00000,0x00000000d5eb7430,0x00000000d5f00000)
  to   space 3072K, 0% used [0x00000000d6000000,0x00000000d6000000,0x00000000d6300000)
 ParOldGen       total 1159680K, used 1159492K [0x0000000080000000, 0x00000000c6c80000, 0x00000000d5580000)
  object space 1159680K, 99% used [0x0000000080000000,0x00000000c6c51218,0x00000000c6c80000)
 Metaspace       used 91646K, committed 93440K, reserved 1179648K
  class space    used 8430K, committed 9344K, reserved 1048576K
}
Event: 7519.354 GC heap before
{Heap before GC invocations=11627 (full 25):
 PSYoungGen      total 9728K, used 9437K [0x00000000d5580000, 0x00000000d6300000, 0x0000000100000000)
  eden space 7680K, 100% used [0x00000000d5580000,0x00000000d5d00000,0x00000000d5d00000)
  from space 2048K, 85% used [0x00000000d5d00000,0x00000000d5eb7430,0x00000000d5f00000)
  to   space 3072K, 0% used [0x00000000d6000000,0x00000000d6000000,0x00000000d6300000)
 ParOldGen       total 1159680K, used 1159492K [0x0000000080000000, 0x00000000c6c80000, 0x00000000d5580000)
  object space 1159680K, 99% used [0x0000000080000000,0x00000000c6c51218,0x00000000c6c80000)
 Metaspace       used 91646K, committed 93440K, reserved 1179648K
  class space    used 8430K, committed 9344K, reserved 1048576K
}
Event: 7519.358 GC heap after
{Heap after GC invocations=11627 (full 25):
 PSYoungGen      total 10752K, used 2546K [0x00000000d5580000, 0x00000000d6300000, 0x0000000100000000)
  eden space 7680K, 0% used [0x00000000d5580000,0x00000000d5580000,0x00000000d5d00000)
  from space 3072K, 82% used [0x00000000d6000000,0x00000000d627cb08,0x00000000d6300000)
  to   space 3072K, 0% used [0x00000000d5d00000,0x00000000d5d00000,0x00000000d6000000)
 ParOldGen       total 1161216K, used 1161025K [0x0000000080000000, 0x00000000c6e00000, 0x00000000d5580000)
  object space 1161216K, 99% used [0x0000000080000000,0x00000000c6dd0460,0x00000000c6e00000)
 Metaspace       used 91646K, committed 93440K, reserved 1179648K
  class space    used 8430K, committed 9344K, reserved 1048576K
}
Event: 7519.374 GC heap before
{Heap before GC invocations=11628 (full 25):
 PSYoungGen      total 10752K, used 10226K [0x00000000d5580000, 0x00000000d6300000, 0x0000000100000000)
  eden space 7680K, 100% used [0x00000000d5580000,0x00000000d5d00000,0x00000000d5d00000)
  from space 3072K, 82% used [0x00000000d6000000,0x00000000d627cb08,0x00000000d6300000)
  to   space 3072K, 0% used [0x00000000d5d00000,0x00000000d5d00000,0x00000000d6000000)
 ParOldGen       total 1161216K, used 1161025K [0x0000000080000000, 0x00000000c6e00000, 0x00000000d5580000)
  object space 1161216K, 99% used [0x0000000080000000,0x00000000c6dd0460,0x00000000c6e00000)
 Metaspace       used 91646K, committed 93440K, reserved 1179648K
  class space    used 8430K, committed 9344K, reserved 1048576K
}
Event: 7519.377 GC heap after
{Heap after GC invocations=11628 (full 25):
 PSYoungGen      total 8704K, used 864K [0x00000000d5580000, 0x00000000d6080000, 0x0000000100000000)
  eden space 7680K, 0% used [0x00000000d5580000,0x00000000d5580000,0x00000000d5d00000)
  from space 1024K, 84% used [0x00000000d5d00000,0x00000000d5dd8000,0x00000000d5e00000)
  to   space 1536K, 0% used [0x00000000d5f00000,0x00000000d5f00000,0x00000000d6080000)
 ParOldGen       total 1161728K, used 1161625K [0x0000000080000000, 0x00000000c6e80000, 0x00000000d5580000)
  object space 1161728K, 99% used [0x0000000080000000,0x00000000c6e66618,0x00000000c6e80000)
 Metaspace       used 91646K, committed 93440K, reserved 1179648K
  class space    used 8430K, committed 9344K, reserved 1048576K
}
Event: 7519.391 GC heap before
{Heap before GC invocations=11629 (full 25):
 PSYoungGen      total 8704K, used 8544K [0x00000000d5580000, 0x00000000d6080000, 0x0000000100000000)
  eden space 7680K, 100% used [0x00000000d5580000,0x00000000d5d00000,0x00000000d5d00000)
  from space 1024K, 84% used [0x00000000d5d00000,0x00000000d5dd8000,0x00000000d5e00000)
  to   space 1536K, 0% used [0x00000000d5f00000,0x00000000d5f00000,0x00000000d6080000)
 ParOldGen       total 1161728K, used 1161625K [0x0000000080000000, 0x00000000c6e80000, 0x00000000d5580000)
  object space 1161728K, 99% used [0x0000000080000000,0x00000000c6e66618,0x00000000c6e80000)
 Metaspace       used 91646K, committed 93440K, reserved 1179648K
  class space    used 8430K, committed 9344K, reserved 1048576K
}
Event: 7519.394 GC heap after
{Heap after GC invocations=11629 (full 25):
 PSYoungGen      total 8704K, used 784K [0x00000000d5580000, 0x00000000d6000000, 0x0000000100000000)
  eden space 7680K, 0% used [0x00000000d5580000,0x00000000d5580000,0x00000000d5d00000)
  from space 1024K, 76% used [0x00000000d5f00000,0x00000000d5fc4010,0x00000000d6000000)
  to   space 1024K, 0% used [0x00000000d5d00000,0x00000000d5d00000,0x00000000d5e00000)
 ParOldGen       total 1162240K, used 1161761K [0x0000000080000000, 0x00000000c6f00000, 0x00000000d5580000)
  object space 1162240K, 99% used [0x0000000080000000,0x00000000c6e88618,0x00000000c6f00000)
 Metaspace       used 91646K, committed 93440K, reserved 1179648K
  class space    used 8430K, committed 9344K, reserved 1048576K
}
Event: 7519.403 GC heap before
{Heap before GC invocations=11630 (full 25):
 PSYoungGen      total 8704K, used 8464K [0x00000000d5580000, 0x00000000d6000000, 0x0000000100000000)
  eden space 7680K, 100% used [0x00000000d5580000,0x00000000d5d00000,0x00000000d5d00000)
  from space 1024K, 76% used [0x00000000d5f00000,0x00000000d5fc4010,0x00000000d6000000)
  to   space 1024K, 0% used [0x00000000d5d00000,0x00000000d5d00000,0x00000000d5e00000)
 ParOldGen       total 1162240K, used 1161761K [0x0000000080000000, 0x00000000c6f00000, 0x00000000d5580000)
  object space 1162240K, 99% used [0x0000000080000000,0x00000000c6e88618,0x00000000c6f00000)
 Metaspace       used 91646K, committed 93440K, reserved 1179648K
  class space    used 8430K, committed 9344K, reserved 1048576K
}
Event: 7520.448 GC heap after
{Heap after GC invocations=11630 (full 25):
 PSYoungGen      total 8704K, used 992K [0x00000000d5580000, 0x00000000d6400000, 0x0000000100000000)
  eden space 7680K, 0% used [0x00000000d5580000,0x00000000d5580000,0x00000000d5d00000)
  from space 1024K, 96% used [0x00000000d5d00000,0x00000000d5df8030,0x00000000d5e00000)
  to   space 3584K, 0% used [0x00000000d6080000,0x00000000d6080000,0x00000000d6400000)
 ParOldGen       total 1163776K, used 1163571K [0x0000000080000000, 0x00000000c7080000, 0x00000000d5580000)
  object space 1163776K, 99% used [0x0000000080000000,0x00000000c704cfb8,0x00000000c7080000)
 Metaspace       used 91646K, committed 93440K, reserved 1179648K
  class space    used 8430K, committed 9344K, reserved 1048576K
}

Dll operation events (11 events):
Event: 0.011 Loaded shared library c:\Users\bhaah\.vscode\extensions\redhat.java-1.43.0-win32-x64\jre\21.0.7-win32-x86_64\bin\java.dll
Event: 0.038 Loaded shared library c:\Users\bhaah\.vscode\extensions\redhat.java-1.43.0-win32-x64\jre\21.0.7-win32-x86_64\bin\zip.dll
Event: 0.106 Loaded shared library C:\Users\bhaah\.vscode\extensions\redhat.java-1.43.0-win32-x64\jre\21.0.7-win32-x86_64\bin\instrument.dll
Event: 0.112 Loaded shared library C:\Users\bhaah\.vscode\extensions\redhat.java-1.43.0-win32-x64\jre\21.0.7-win32-x86_64\bin\net.dll
Event: 0.115 Loaded shared library C:\Users\bhaah\.vscode\extensions\redhat.java-1.43.0-win32-x64\jre\21.0.7-win32-x86_64\bin\nio.dll
Event: 0.120 Loaded shared library C:\Users\bhaah\.vscode\extensions\redhat.java-1.43.0-win32-x64\jre\21.0.7-win32-x86_64\bin\zip.dll
Event: 0.140 Loaded shared library C:\Users\bhaah\.vscode\extensions\redhat.java-1.43.0-win32-x64\jre\21.0.7-win32-x86_64\bin\jimage.dll
Event: 0.224 Loaded shared library c:\Users\bhaah\.vscode\extensions\redhat.java-1.43.0-win32-x64\jre\21.0.7-win32-x86_64\bin\verify.dll
Event: 4.029 Loaded shared library C:\Users\bhaah\AppData\Roaming\Code\User\globalStorage\redhat.java\1.43.0\config_win\org.eclipse.equinox.launcher\org.eclipse.equinox.launcher.win32.win32.x86_64_1.2.1300.v20250331-1702\eclipse_11911.dll
Event: 12.278 Loaded shared library C:\Users\bhaah\AppData\Local\Temp\jna-93699650\jna14653667583968375268.dll
Event: 36.231 Loaded shared library C:\Users\bhaah\.vscode\extensions\redhat.java-1.43.0-win32-x64\jre\21.0.7-win32-x86_64\bin\sunmscapi.dll

Deoptimization events (20 events):
Event: 7519.308 Thread 0x000001c487905c70 DEOPT PACKING pc=0x000001c4b236523c sp=0x00000072aa8fe700
Event: 7519.308 Thread 0x000001c487905c70 DEOPT UNPACKING pc=0x000001c4b0823aa2 sp=0x00000072aa8fe5e8 mode 2
Event: 7519.325 Thread 0x000001c48ac4e700 Uncommon trap: trap_request=0xffffffd6 fr.pc=0x000001c4b2a1c3d0 relative=0x00000000000003d0
Event: 7519.325 Thread 0x000001c48ac4e700 Uncommon trap: reason=array_check action=maybe_recompile pc=0x000001c4b2a1c3d0 method=org.eclipse.core.internal.resources.MarkerSet.add(Lorg/eclipse/core/internal/resources/IMarkerSetElement;)V @ 97 c2
Event: 7519.325 Thread 0x000001c48ac4e700 DEOPT PACKING pc=0x000001c4b2a1c3d0 sp=0x00000072a7cfe010
Event: 7519.325 Thread 0x000001c48ac4e700 DEOPT UNPACKING pc=0x000001c4b0823aa2 sp=0x00000072a7cfdf90 mode 2
Event: 7519.325 Thread 0x000001c48ac4e700 Uncommon trap: trap_request=0xffffffd6 fr.pc=0x000001c4b2a1c3d0 relative=0x00000000000003d0
Event: 7519.325 Thread 0x000001c48ac4e700 Uncommon trap: reason=array_check action=maybe_recompile pc=0x000001c4b2a1c3d0 method=org.eclipse.core.internal.resources.MarkerSet.add(Lorg/eclipse/core/internal/resources/IMarkerSetElement;)V @ 97 c2
Event: 7519.325 Thread 0x000001c48ac4e700 DEOPT PACKING pc=0x000001c4b2a1c3d0 sp=0x00000072a7cfe010
Event: 7519.325 Thread 0x000001c48ac4e700 DEOPT UNPACKING pc=0x000001c4b0823aa2 sp=0x00000072a7cfdf90 mode 2
Event: 7519.388 Thread 0x000001c487905c70 Uncommon trap: trap_request=0xffffff45 fr.pc=0x000001c4b1ee2b6c relative=0x000000000000038c
Event: 7519.388 Thread 0x000001c487905c70 Uncommon trap: reason=unstable_if action=reinterpret pc=0x000001c4b1ee2b6c method=org.eclipse.jdt.internal.compiler.codegen.CodeStream.iconst_3()V @ 53 c2
Event: 7519.388 Thread 0x000001c487905c70 DEOPT PACKING pc=0x000001c4b1ee2b6c sp=0x00000072aa8fe690
Event: 7519.388 Thread 0x000001c487905c70 DEOPT UNPACKING pc=0x000001c4b0823aa2 sp=0x00000072aa8fe660 mode 2
Event: 7519.389 Thread 0x000001c487905c70 DEOPT PACKING pc=0x000001c4aa8c7bf3 sp=0x00000072aa8feb40
Event: 7519.389 Thread 0x000001c487905c70 DEOPT UNPACKING pc=0x000001c4b0824242 sp=0x00000072aa8fe000 mode 0
Event: 7519.397 Thread 0x000001c487905c70 Uncommon trap: trap_request=0xffffff45 fr.pc=0x000001c4b26cec8c relative=0x000000000000046c
Event: 7519.397 Thread 0x000001c487905c70 Uncommon trap: reason=unstable_if action=reinterpret pc=0x000001c4b26cec8c method=org.eclipse.jdt.internal.compiler.codegen.CodeStream.aload_0()V @ 63 c2
Event: 7519.397 Thread 0x000001c487905c70 DEOPT PACKING pc=0x000001c4b26cec8c sp=0x00000072aa8fe760
Event: 7519.397 Thread 0x000001c487905c70 DEOPT UNPACKING pc=0x000001c4b0823aa2 sp=0x00000072aa8fe738 mode 2

Classes loaded (20 events):
Event: 589.818 Loading class java/util/Spliterators$IntArraySpliterator
Event: 589.818 Loading class java/util/Spliterators$IntArraySpliterator done
Event: 590.924 Loading class java/io/CharArrayReader
Event: 590.924 Loading class java/io/CharArrayReader done
Event: 590.925 Loading class java/util/regex/Pattern$Bound
Event: 590.925 Loading class java/util/regex/Pattern$Bound done
Event: 633.630 Loading class java/nio/channels/CompletionHandler
Event: 633.630 Loading class java/nio/channels/CompletionHandler done
Event: 660.359 Loading class java/util/Collections$EmptyListIterator
Event: 660.359 Loading class java/util/Collections$EmptyListIterator done
Event: 721.671 Loading class java/util/concurrent/ConcurrentHashMap$TreeNode
Event: 721.671 Loading class java/util/concurrent/ConcurrentHashMap$TreeNode done
Event: 721.671 Loading class java/util/concurrent/ConcurrentHashMap$TreeBin
Event: 721.671 Loading class java/util/concurrent/ConcurrentHashMap$TreeBin done
Event: 1201.860 Loading class java/util/DualPivotQuicksort$Sorter
Event: 1201.860 Loading class java/util/DualPivotQuicksort$Sorter done
Event: 1292.597 Loading class java/lang/Throwable$WrappedPrintWriter
Event: 1292.597 Loading class java/lang/Throwable$PrintStreamOrWriter
Event: 1292.598 Loading class java/lang/Throwable$PrintStreamOrWriter done
Event: 1292.598 Loading class java/lang/Throwable$WrappedPrintWriter done

Classes unloaded (20 events):
Event: 1733.711 Thread 0x000001c4bd231d40 Unloading class 0x000001c4bf01ec00 'java/lang/invoke/LambdaForm$MH+0x000001c4bf01ec00'
Event: 1733.711 Thread 0x000001c4bd231d40 Unloading class 0x000001c4bf00d800 'java/lang/invoke/LambdaForm$MH+0x000001c4bf00d800'
Event: 1733.711 Thread 0x000001c4bd231d40 Unloading class 0x000001c4bf00d400 'java/lang/invoke/LambdaForm$MH+0x000001c4bf00d400'
Event: 1733.711 Thread 0x000001c4bd231d40 Unloading class 0x000001c4bf00d000 'java/lang/invoke/LambdaForm$MH+0x000001c4bf00d000'
Event: 1733.711 Thread 0x000001c4bd231d40 Unloading class 0x000001c4bf00cc00 'java/lang/invoke/LambdaForm$MH+0x000001c4bf00cc00'
Event: 1733.711 Thread 0x000001c4bd231d40 Unloading class 0x000001c4bf00c800 'java/lang/invoke/LambdaForm$BMH+0x000001c4bf00c800'
Event: 1733.711 Thread 0x000001c4bd231d40 Unloading class 0x000001c4bf00c000 'java/lang/invoke/LambdaForm$DMH+0x000001c4bf00c000'
Event: 1733.711 Thread 0x000001c4bd231d40 Unloading class 0x000001c4bf008400 'java/lang/invoke/LambdaForm$MH+0x000001c4bf008400'
Event: 1733.711 Thread 0x000001c4bd231d40 Unloading class 0x000001c4bf008000 'java/lang/invoke/LambdaForm$MH+0x000001c4bf008000'
Event: 1733.711 Thread 0x000001c4bd231d40 Unloading class 0x000001c4bf007c00 'java/lang/invoke/LambdaForm$MH+0x000001c4bf007c00'
Event: 1733.711 Thread 0x000001c4bd231d40 Unloading class 0x000001c4bf006800 'java/lang/invoke/LambdaForm$MH+0x000001c4bf006800'
Event: 1733.711 Thread 0x000001c4bd231d40 Unloading class 0x000001c4bf006000 'java/lang/invoke/LambdaForm$MH+0x000001c4bf006000'
Event: 1733.711 Thread 0x000001c4bd231d40 Unloading class 0x000001c4bf005c00 'java/lang/invoke/LambdaForm$MH+0x000001c4bf005c00'
Event: 1733.711 Thread 0x000001c4bd231d40 Unloading class 0x000001c4bf005800 'java/lang/invoke/LambdaForm$MH+0x000001c4bf005800'
Event: 1733.711 Thread 0x000001c4bd231d40 Unloading class 0x000001c4bf005400 'java/lang/invoke/LambdaForm$BMH+0x000001c4bf005400'
Event: 1733.711 Thread 0x000001c4bd231d40 Unloading class 0x000001c4bf004000 'java/lang/invoke/LambdaForm$DMH+0x000001c4bf004000'
Event: 1733.711 Thread 0x000001c4bd231d40 Unloading class 0x000001c4bf002800 'java/lang/invoke/LambdaForm$MH+0x000001c4bf002800'
Event: 1733.711 Thread 0x000001c4bd231d40 Unloading class 0x000001c4bf002400 'java/lang/invoke/LambdaForm$MH+0x000001c4bf002400'
Event: 1733.711 Thread 0x000001c4bd231d40 Unloading class 0x000001c4bf002000 'java/lang/invoke/LambdaForm$MH+0x000001c4bf002000'
Event: 1733.711 Thread 0x000001c4bd231d40 Unloading class 0x000001c4bf001800 'java/lang/invoke/LambdaForm$MH+0x000001c4bf001800'

Classes redefined (0 events):
No events

Internal exceptions (20 events):
Event: 1932.456 Thread 0x000001c4863e3410 Exception <a 'sun/nio/fs/WindowsException'{0x00000000d55b97a0}> (0x00000000d55b97a0) 
thrown [s\src\hotspot\share\prims\jni.cpp, line 520]
Event: 1932.712 Thread 0x000001c4863e3410 Exception <a 'sun/nio/fs/WindowsException'{0x00000000d56b7638}> (0x00000000d56b7638) 
thrown [s\src\hotspot\share\prims\jni.cpp, line 520]
Event: 1943.568 Thread 0x000001c48ac51b80 Implicit null exception at 0x000001c4b147918e to 0x000001c4b1479235
Event: 1943.569 Thread 0x000001c48ac51b80 Implicit null exception at 0x000001c4b1cb4851 to 0x000001c4b1cb4ac8
Event: 1949.247 Thread 0x000001c4863e3410 Exception <a 'sun/nio/fs/WindowsException'{0x00000000d573ab90}> (0x00000000d573ab90) 
thrown [s\src\hotspot\share\prims\jni.cpp, line 520]
Event: 1949.472 Thread 0x000001c4863e3410 Exception <a 'sun/nio/fs/WindowsException'{0x00000000d5604188}> (0x00000000d5604188) 
thrown [s\src\hotspot\share\prims\jni.cpp, line 520]
Event: 7502.915 Thread 0x000001c48a1aee80 Implicit null exception at 0x000001c4b20c5f4d to 0x000001c4b20c6ad8
Event: 7502.916 Thread 0x000001c48a1aee80 Implicit null exception at 0x000001c4b2246386 to 0x000001c4b22465d0
Event: 7502.920 Thread 0x000001c48a1aee80 Implicit null exception at 0x000001c4b248b00c to 0x000001c4b248bc90
Event: 7502.929 Thread 0x000001c48a1aee80 Implicit null exception at 0x000001c4b114b0e5 to 0x000001c4b114ecf0
Event: 7502.957 Thread 0x000001c4863e3410 Exception <a 'sun/nio/fs/WindowsException'{0x00000000d5588be8}> (0x00000000d5588be8) 
thrown [s\src\hotspot\share\prims\jni.cpp, line 520]
Event: 7503.004 Thread 0x000001c48a1aee80 Implicit null exception at 0x000001c4b142d044 to 0x000001c4b142de68
Event: 7503.004 Thread 0x000001c48a1aee80 Implicit null exception at 0x000001c4b1d35e28 to 0x000001c4b1d36e44
Event: 7503.004 Thread 0x000001c48a1aee80 Implicit null exception at 0x000001c4b2037658 to 0x000001c4b2038754
Event: 7503.161 Thread 0x000001c48ac4e700 Implicit null exception at 0x000001c4b10b0d12 to 0x000001c4b10b0f68
Event: 7503.162 Thread 0x000001c48ac528a0 Exception <a 'sun/nio/fs/WindowsException'{0x00000000d5651908}> (0x00000000d5651908) 
thrown [s\src\hotspot\share\prims\jni.cpp, line 520]
Event: 7503.208 Thread 0x000001c498f47c20 Implicit null exception at 0x000001c4b11825bc to 0x000001c4b11828fc
Event: 7503.249 Thread 0x000001c4863e3410 Exception <a 'sun/nio/fs/WindowsException'{0x00000000d57318b0}> (0x00000000d57318b0) 
thrown [s\src\hotspot\share\prims\jni.cpp, line 520]
Event: 7517.837 Thread 0x000001c4863e3410 Exception <a 'sun/nio/fs/WindowsException'{0x00000000d56b4a28}> (0x00000000d56b4a28) 
thrown [s\src\hotspot\share\prims\jni.cpp, line 520]
Event: 7518.203 Thread 0x000001c4863e3410 Exception <a 'sun/nio/fs/WindowsException'{0x00000000d56853a8}> (0x00000000d56853a8) 
thrown [s\src\hotspot\share\prims\jni.cpp, line 520]

ZGC Phase Switch (0 events):
No events

VM Operations (20 events):
Event: 7519.238 Executing VM operation: ParallelGCFailedAllocation (Allocation Failure)
Event: 7519.241 Executing VM operation: ParallelGCFailedAllocation (Allocation Failure) done
Event: 7519.255 Executing VM operation: ParallelGCFailedAllocation (Allocation Failure)
Event: 7519.258 Executing VM operation: ParallelGCFailedAllocation (Allocation Failure) done
Event: 7519.273 Executing VM operation: ParallelGCFailedAllocation (Allocation Failure)
Event: 7519.276 Executing VM operation: ParallelGCFailedAllocation (Allocation Failure) done
Event: 7519.293 Executing VM operation: ParallelGCFailedAllocation (Allocation Failure)
Event: 7519.297 Executing VM operation: ParallelGCFailedAllocation (Allocation Failure) done
Event: 7519.311 Executing VM operation: ParallelGCFailedAllocation (Allocation Failure)
Event: 7519.314 Executing VM operation: ParallelGCFailedAllocation (Allocation Failure) done
Event: 7519.334 Executing VM operation: ParallelGCFailedAllocation (Allocation Failure)
Event: 7519.338 Executing VM operation: ParallelGCFailedAllocation (Allocation Failure) done
Event: 7519.354 Executing VM operation: ParallelGCFailedAllocation (Allocation Failure)
Event: 7519.358 Executing VM operation: ParallelGCFailedAllocation (Allocation Failure) done
Event: 7519.374 Executing VM operation: ParallelGCFailedAllocation (Allocation Failure)
Event: 7519.377 Executing VM operation: ParallelGCFailedAllocation (Allocation Failure) done
Event: 7519.391 Executing VM operation: ParallelGCFailedAllocation (Allocation Failure)
Event: 7519.394 Executing VM operation: ParallelGCFailedAllocation (Allocation Failure) done
Event: 7519.403 Executing VM operation: ParallelGCFailedAllocation (Allocation Failure)
Event: 7520.448 Executing VM operation: ParallelGCFailedAllocation (Allocation Failure) done

Memory protections (0 events):
No events

Nmethod flushes (20 events):
Event: 1911.307 Thread 0x000001c4bd231d40 flushing  nmethod 0x000001c4aa754210
Event: 1911.307 Thread 0x000001c4bd231d40 flushing  nmethod 0x000001c4aa8f9790
Event: 1911.307 Thread 0x000001c4bd231d40 flushing  nmethod 0x000001c4aa9de710
Event: 1911.307 Thread 0x000001c4bd231d40 flushing  nmethod 0x000001c4aab7ca10
Event: 1911.307 Thread 0x000001c4bd231d40 flushing  nmethod 0x000001c4aabc6190
Event: 1911.307 Thread 0x000001c4bd231d40 flushing  nmethod 0x000001c4aaffef90
Event: 1911.307 Thread 0x000001c4bd231d40 flushing  nmethod 0x000001c4ab000290
Event: 1911.307 Thread 0x000001c4bd231d40 flushing  nmethod 0x000001c4ab030510
Event: 1911.307 Thread 0x000001c4bd231d40 flushing  nmethod 0x000001c4ab1f0890
Event: 1911.307 Thread 0x000001c4bd231d40 flushing  nmethod 0x000001c4ab577710
Event: 1911.307 Thread 0x000001c4bd231d40 flushing  nmethod 0x000001c4abafa490
Event: 1911.307 Thread 0x000001c4bd231d40 flushing  nmethod 0x000001c4abafad10
Event: 1911.307 Thread 0x000001c4bd231d40 flushing  nmethod 0x000001c4abe42510
Event: 1911.307 Thread 0x000001c4bd231d40 flushing osr nmethod 0x000001c4abef0890
Event: 1911.307 Thread 0x000001c4bd231d40 flushing  nmethod 0x000001c4abf9ec90
Event: 1911.307 Thread 0x000001c4bd231d40 flushing  nmethod 0x000001c4ac0a5e10
Event: 1911.307 Thread 0x000001c4bd231d40 flushing  nmethod 0x000001c4ac3de910
Event: 1911.307 Thread 0x000001c4bd231d40 flushing  nmethod 0x000001c4ac461f90
Event: 1911.307 Thread 0x000001c4bd231d40 flushing  nmethod 0x000001c4ac4ab610
Event: 1911.307 Thread 0x000001c4bd231d40 flushing  nmethod 0x000001c4ac4b5090

Events (20 events):
Event: 7503.173 Thread 0x000001c4ff7f7020 Thread added: 0x000001c49c58d6b0
Event: 7503.399 Thread 0x000001c48ac528a0 Thread added: 0x000001c487905c70
Event: 7503.415 Thread 0x000001c49c58c240 Thread exited: 0x000001c49c58c240
Event: 7503.840 Thread 0x000001c49c589960 Thread exited: 0x000001c49c589960
Event: 7504.375 Thread 0x000001c49c58cfe0 Thread exited: 0x000001c49c58cfe0
Event: 7504.478 Thread 0x000001c4ff7f7020 Thread added: 0x000001c49c58cfe0
Event: 7505.181 Thread 0x000001c49c58cfe0 Thread exited: 0x000001c49c58cfe0
Event: 7505.181 Thread 0x000001c49c587e20 Thread exited: 0x000001c49c587e20
Event: 7510.207 Thread 0x000001c49c58d6b0 Thread exited: 0x000001c49c58d6b0
Event: 7515.220 Thread 0x000001c49c58bb70 Thread exited: 0x000001c49c58bb70
Event: 7517.969 Thread 0x000001c4ff7f7020 Thread added: 0x000001c49c587e20
Event: 7517.969 Thread 0x000001c4ff7f7020 Thread added: 0x000001c49c58bb70
Event: 7517.969 Thread 0x000001c4ff7f7020 Thread added: 0x000001c49c58cfe0
Event: 7518.076 Thread 0x000001c49c587e20 Thread added: 0x000001c496c152e0
Event: 7518.544 Thread 0x000001c496c152e0 Thread exited: 0x000001c496c152e0
Event: 7518.786 Thread 0x000001c49c58cfe0 Thread added: 0x000001c496c174f0
Event: 7518.965 Thread 0x000001c4ff7f7020 Thread added: 0x000001c496c152e0
Event: 7518.965 Thread 0x000001c4ff7f7020 Thread added: 0x000001c496c159b0
Event: 7519.217 Thread 0x000001c49c587e20 Thread added: 0x000001c496c18290
Event: 7519.217 Thread 0x000001c49c587e20 Thread added: 0x000001c496c1bfe0


Dynamic libraries:
0x00007ff755ee0000 - 0x00007ff755eee000 	c:\Users\bhaah\.vscode\extensions\redhat.java-1.43.0-win32-x64\jre\21.0.7-win32-x86_64\bin\java.exe
0x00007ffebfda0000 - 0x00007ffec0005000 	C:\WINDOWS\SYSTEM32\ntdll.dll
0x00007ffebf170000 - 0x00007ffebf239000 	C:\WINDOWS\System32\KERNEL32.DLL
0x00007ffebcef0000 - 0x00007ffebd2d8000 	C:\WINDOWS\System32\KERNELBASE.dll
0x00007ffebd670000 - 0x00007ffebd7bb000 	C:\WINDOWS\System32\ucrtbase.dll
0x00007ffe8edf0000 - 0x00007ffe8ee08000 	c:\Users\bhaah\.vscode\extensions\redhat.java-1.43.0-win32-x64\jre\21.0.7-win32-x86_64\bin\jli.dll
0x00007ffe8e7e0000 - 0x00007ffe8e7fe000 	c:\Users\bhaah\.vscode\extensions\redhat.java-1.43.0-win32-x64\jre\21.0.7-win32-x86_64\bin\VCRUNTIME140.dll
0x00007ffebec40000 - 0x00007ffebee0a000 	C:\WINDOWS\System32\USER32.dll
0x00007ffebd4c0000 - 0x00007ffebd4e7000 	C:\WINDOWS\System32\win32u.dll
0x00007ffea8b50000 - 0x00007ffea8dea000 	C:\WINDOWS\WinSxS\amd64_microsoft.windows.common-controls_6595b64144ccf1df_6.0.26100.4202_none_3e0698d4e335f517\COMCTL32.dll
0x00007ffebdc60000 - 0x00007ffebdc8b000 	C:\WINDOWS\System32\GDI32.dll
0x00007ffebdea0000 - 0x00007ffebdf49000 	C:\WINDOWS\System32\msvcrt.dll
0x00007ffebda00000 - 0x00007ffebdb37000 	C:\WINDOWS\System32\gdi32full.dll
0x00007ffebd2e0000 - 0x00007ffebd383000 	C:\WINDOWS\System32\msvcp_win.dll
0x00007ffebde60000 - 0x00007ffebde90000 	C:\WINDOWS\System32\IMM32.DLL
0x00007ffeb62d0000 - 0x00007ffeb62dc000 	c:\Users\bhaah\.vscode\extensions\redhat.java-1.43.0-win32-x64\jre\21.0.7-win32-x86_64\bin\vcruntime140_1.dll
0x00007ffe83e90000 - 0x00007ffe83f1d000 	c:\Users\bhaah\.vscode\extensions\redhat.java-1.43.0-win32-x64\jre\21.0.7-win32-x86_64\bin\msvcp140.dll
0x00007ffe6b1e0000 - 0x00007ffe6bf70000 	c:\Users\bhaah\.vscode\extensions\redhat.java-1.43.0-win32-x64\jre\21.0.7-win32-x86_64\bin\server\jvm.dll
0x00007ffebf780000 - 0x00007ffebf833000 	C:\WINDOWS\System32\ADVAPI32.dll
0x00007ffebfa90000 - 0x00007ffebfb36000 	C:\WINDOWS\System32\sechost.dll
0x00007ffebdb40000 - 0x00007ffebdc55000 	C:\WINDOWS\System32\RPCRT4.dll
0x00007ffebee20000 - 0x00007ffebee94000 	C:\WINDOWS\System32\WS2_32.dll
0x00007ffebcd60000 - 0x00007ffebcdbe000 	C:\WINDOWS\SYSTEM32\POWRPROF.dll
0x00007ffeba710000 - 0x00007ffeba745000 	C:\WINDOWS\SYSTEM32\WINMM.dll
0x00007ffeb42f0000 - 0x00007ffeb42fb000 	C:\WINDOWS\SYSTEM32\VERSION.dll
0x00007ffebcd40000 - 0x00007ffebcd54000 	C:\WINDOWS\SYSTEM32\UMPDC.dll
0x00007ffebbc90000 - 0x00007ffebbcab000 	C:\WINDOWS\SYSTEM32\kernel.appcore.dll
0x00007ffeab5b0000 - 0x00007ffeab5ba000 	c:\Users\bhaah\.vscode\extensions\redhat.java-1.43.0-win32-x64\jre\21.0.7-win32-x86_64\bin\jimage.dll
0x00007ffeba4c0000 - 0x00007ffeba701000 	C:\WINDOWS\SYSTEM32\DBGHELP.DLL
0x00007ffebe8b0000 - 0x00007ffebec35000 	C:\WINDOWS\System32\combase.dll
0x00007ffebe6a0000 - 0x00007ffebe781000 	C:\WINDOWS\System32\OLEAUT32.dll
0x00007ffeba480000 - 0x00007ffeba4b9000 	C:\WINDOWS\SYSTEM32\dbgcore.DLL
0x00007ffebd390000 - 0x00007ffebd429000 	C:\WINDOWS\System32\bcryptPrimitives.dll
0x00007ffeaab10000 - 0x00007ffeaab1f000 	c:\Users\bhaah\.vscode\extensions\redhat.java-1.43.0-win32-x64\jre\21.0.7-win32-x86_64\bin\instrument.dll
0x00007ffe8b3a0000 - 0x00007ffe8b3bf000 	c:\Users\bhaah\.vscode\extensions\redhat.java-1.43.0-win32-x64\jre\21.0.7-win32-x86_64\bin\java.dll
0x00007ffebdf50000 - 0x00007ffebe692000 	C:\WINDOWS\System32\SHELL32.dll
0x00007ffebd7c0000 - 0x00007ffebd934000 	C:\WINDOWS\System32\wintypes.dll
0x00007ffebab10000 - 0x00007ffebb368000 	C:\WINDOWS\SYSTEM32\windows.storage.dll
0x00007ffebeef0000 - 0x00007ffebefe1000 	C:\WINDOWS\System32\SHCORE.dll
0x00007ffebf840000 - 0x00007ffebf8aa000 	C:\WINDOWS\System32\shlwapi.dll
0x00007ffebce00000 - 0x00007ffebce2f000 	C:\WINDOWS\SYSTEM32\profapi.dll
0x00007ffe8a670000 - 0x00007ffe8a688000 	c:\Users\bhaah\.vscode\extensions\redhat.java-1.43.0-win32-x64\jre\21.0.7-win32-x86_64\bin\zip.dll
0x00007ffea1380000 - 0x00007ffea1390000 	C:\Users\bhaah\.vscode\extensions\redhat.java-1.43.0-win32-x64\jre\21.0.7-win32-x86_64\bin\net.dll
0x00007ffeb5a50000 - 0x00007ffeb5b6e000 	C:\WINDOWS\SYSTEM32\WINHTTP.dll
0x00007ffebc220000 - 0x00007ffebc28a000 	C:\WINDOWS\system32\mswsock.dll
0x00007ffe8ddb0000 - 0x00007ffe8ddc6000 	C:\Users\bhaah\.vscode\extensions\redhat.java-1.43.0-win32-x64\jre\21.0.7-win32-x86_64\bin\nio.dll
0x00007ffe9c1a0000 - 0x00007ffe9c1b0000 	c:\Users\bhaah\.vscode\extensions\redhat.java-1.43.0-win32-x64\jre\21.0.7-win32-x86_64\bin\verify.dll
0x00007ffe898b0000 - 0x00007ffe898f5000 	C:\Users\bhaah\AppData\Roaming\Code\User\globalStorage\redhat.java\1.43.0\config_win\org.eclipse.equinox.launcher\org.eclipse.equinox.launcher.win32.win32.x86_64_1.2.1300.v20250331-1702\eclipse_11911.dll
0x00007ffebdca0000 - 0x00007ffebde3e000 	C:\WINDOWS\System32\ole32.dll
0x00007ffebc4d0000 - 0x00007ffebc4eb000 	C:\WINDOWS\SYSTEM32\CRYPTSP.dll
0x00007ffebbbf0000 - 0x00007ffebbc2a000 	C:\WINDOWS\system32\rsaenh.dll
0x00007ffebc2c0000 - 0x00007ffebc2eb000 	C:\WINDOWS\SYSTEM32\USERENV.dll
0x00007ffebcdd0000 - 0x00007ffebcdf6000 	C:\WINDOWS\SYSTEM32\bcrypt.dll
0x00007ffebc4f0000 - 0x00007ffebc4fc000 	C:\WINDOWS\SYSTEM32\CRYPTBASE.dll
0x00007ffebb690000 - 0x00007ffebb6c3000 	C:\WINDOWS\SYSTEM32\IPHLPAPI.DLL
0x00007ffebe8a0000 - 0x00007ffebe8aa000 	C:\WINDOWS\System32\NSI.dll
0x00007ffe88750000 - 0x00007ffe88799000 	C:\Users\bhaah\AppData\Local\Temp\jna-93699650\jna14653667583968375268.dll
0x00007ffebee10000 - 0x00007ffebee18000 	C:\WINDOWS\System32\PSAPI.DLL
0x00007ffeb62a0000 - 0x00007ffeb62bf000 	C:\WINDOWS\SYSTEM32\dhcpcsvc6.DLL
0x00007ffeb6270000 - 0x00007ffeb6295000 	C:\WINDOWS\SYSTEM32\dhcpcsvc.DLL
0x00007ffebbdb0000 - 0x00007ffebbde6000 	C:\WINDOWS\SYSTEM32\ntmarta.dll
0x00007ffe96970000 - 0x00007ffe9697e000 	C:\Users\bhaah\.vscode\extensions\redhat.java-1.43.0-win32-x64\jre\21.0.7-win32-x86_64\bin\sunmscapi.dll
0x00007ffebd4f0000 - 0x00007ffebd667000 	C:\WINDOWS\System32\CRYPT32.dll
0x00007ffebc670000 - 0x00007ffebc6a0000 	C:\WINDOWS\SYSTEM32\ncrypt.dll
0x00007ffebc620000 - 0x00007ffebc65f000 	C:\WINDOWS\SYSTEM32\NTASN1.dll

dbghelp: loaded successfully - version: 4.0.5 - missing functions: none
symbol engine: initialized successfully - sym options: 0x614 - pdb path: .;c:\Users\bhaah\.vscode\extensions\redhat.java-1.43.0-win32-x64\jre\21.0.7-win32-x86_64\bin;C:\WINDOWS\SYSTEM32;C:\WINDOWS\WinSxS\amd64_microsoft.windows.common-controls_6595b64144ccf1df_6.0.26100.4202_none_3e0698d4e335f517;c:\Users\bhaah\.vscode\extensions\redhat.java-1.43.0-win32-x64\jre\21.0.7-win32-x86_64\bin\server;C:\Users\bhaah\AppData\Roaming\Code\User\globalStorage\redhat.java\1.43.0\config_win\org.eclipse.equinox.launcher\org.eclipse.equinox.launcher.win32.win32.x86_64_1.2.1300.v20250331-1702;C:\Users\bhaah\AppData\Local\Temp\jna-93699650

VM Arguments:
jvm_args: --add-modules=ALL-SYSTEM --add-opens=java.base/java.util=ALL-UNNAMED --add-opens=java.base/java.lang=ALL-UNNAMED --add-opens=java.base/sun.nio.fs=ALL-UNNAMED -Declipse.application=org.eclipse.jdt.ls.core.id1 -Dosgi.bundles.defaultStartLevel=4 -Declipse.product=org.eclipse.jdt.ls.core.product -Djava.import.generatesMetadataFilesAtProjectRoot=false -DDetectVMInstallationsJob.disabled=true -Dfile.encoding=utf8 -XX:+UseParallelGC -XX:GCTimeRatio=4 -XX:AdaptiveSizePolicyWeight=90 -Dsun.zip.disableMemoryMapping=true -Xmx2G -Xms100m -Xlog:disable -javaagent:c:\Users\bhaah\.vscode\extensions\redhat.java-1.43.0-win32-x64\lombok\lombok-1.18.39-4050.jar -XX:+HeapDumpOnOutOfMemoryError -XX:HeapDumpPath=c:\Users\bhaah\AppData\Roaming\Code\User\workspaceStorage\75d33d689fd5cbe0b77c0b6ea9c27db4\redhat.java -Daether.dependencyCollector.impl=bf 
java_command: c:\Users\bhaah\.vscode\extensions\redhat.java-1.43.0-win32-x64\server\plugins\org.eclipse.equinox.launcher_1.7.0.v20250519-0528.jar -configuration c:\Users\bhaah\AppData\Roaming\Code\User\globalStorage\redhat.java\1.43.0\config_win -data c:\Users\bhaah\AppData\Roaming\Code\User\workspaceStorage\75d33d689fd5cbe0b77c0b6ea9c27db4\redhat.java\jdt_ws --pipe=\\.\pipe\lsp-c8cbf78265188385df80d686020b98d4-sock
java_class_path (initial): c:\Users\bhaah\.vscode\extensions\redhat.java-1.43.0-win32-x64\server\plugins\org.eclipse.equinox.launcher_1.7.0.v20250519-0528.jar
Launcher Type: SUN_STANDARD

[Global flags]
    uintx AdaptiveSizePolicyWeight                 = 90                                        {product} {command line}
     intx CICompilerCount                          = 12                                        {product} {ergonomic}
    uintx GCTimeRatio                              = 4                                         {product} {command line}
     bool HeapDumpOnOutOfMemoryError               = true                                   {manageable} {command line}
    ccstr HeapDumpPath                             = c:\Users\bhaah\AppData\Roaming\Code\User\workspaceStorage\75d33d689fd5cbe0b77c0b6ea9c27db4\redhat.java         {manageable} {command line}
   size_t InitialHeapSize                          = 104857600                                 {product} {command line}
   size_t MaxHeapSize                              = 2147483648                                {product} {command line}
   size_t MaxNewSize                               = 715653120                                 {product} {ergonomic}
   size_t MinHeapDeltaBytes                        = 524288                                    {product} {ergonomic}
   size_t MinHeapSize                              = 104857600                                 {product} {command line}
   size_t NewSize                                  = 34603008                                  {product} {ergonomic}
    uintx NonNMethodCodeHeapSize                   = 7602480                                {pd product} {ergonomic}
    uintx NonProfiledCodeHeapSize                  = 122027880                              {pd product} {ergonomic}
   size_t OldSize                                  = 70254592                                  {product} {ergonomic}
    uintx ProfiledCodeHeapSize                     = 122027880                              {pd product} {ergonomic}
    uintx ReservedCodeCacheSize                    = 251658240                              {pd product} {ergonomic}
     bool SegmentedCodeCache                       = true                                      {product} {ergonomic}
   size_t SoftMaxHeapSize                          = 2147483648                             {manageable} {ergonomic}
     bool UseCompressedOops                        = true                           {product lp64_product} {ergonomic}
     bool UseLargePagesIndividualAllocation        = false                                  {pd product} {ergonomic}
     bool UseParallelGC                            = true                                      {product} {command line}

Logging:
Log output configuration:
 #0: stdout all=off uptime,level,tags foldmultilines=false
 #1: stderr all=off uptime,level,tags foldmultilines=false

Environment Variables:
JAVA_HOME=C:\Users\bhaah\Downloads\jdk-18.0.2.1_windows-x64_bin.exe
PATH=C:\Program Files (x86)\Microsoft SDKs\Azure\CLI2\wbin;C:\Program Files\Eclipse Adoptium\jdk-21.0.4.7-hotspot\bin;C:\Program Files\Common Files\Oracle\Java\javapath;C:\Windows\system32;C:\Windows;C:\Windows\System32\Wbem;C:\Windows\System32\WindowsPowerShell\v1.0\;C:\Windows\System32\OpenSSH\;C:\Program Files (x86)\NVIDIA Corporation\PhysX\Common;C:\Program Files\NVIDIA Corporation\NVIDIA NvDLISR;C:\WINDOWS\system32;C:\WINDOWS;C:\WINDOWS\System32\Wbem;C:\WINDOWS\System32\WindowsPowerShell\v1.0\;C:\WINDOWS\System32\OpenSSH\;C:\Program Files\dotnet\;C:\Program Files\Git\cmd;C:\Program Files\nodejs\;C:\Program Files\Microsoft SQL Server\150\Tools\Binn\;C:\Program Files\Microsoft SQL Server\Client SDK\ODBC\170\Tools\Binn\;C:\Program Files\Docker\Docker\resources\bin;C:\Users\bhaah\Downloads\jdk-18.0.2.1_windows-x64_bin.exe;C:\Users\bhaah\AppData\Local\Microsoft\WindowsApps;C:\Users\bhaah\.dotnet\tools;C:\Users\bhaah\AppData\Local\gitkraken\bin;C:\Users\bhaah\AppData\Local\GitHubDesktop\bin;C:\Users\bhaah\AppData\Roaming\npm;C:\Users\bhaah\AppData\Local\Programs\Microsoft VS Code\bin;C:\Users\bhaah\AppData\Local\Microsoft\WinGet\Packages\Schniz.fnm_Microsoft.Winget.Source_8wekyb3d8bbwe;C:\Users\bhaah\.dotnet\tools;C:\Program Files\Apache\Maven;;C:\Users\bhaah\AppData\Local\Programs\Azure Data Studio\bin;C:\Users\bhaah\AppData\Local\Microsoft\WindowsApps
USERNAME=bhaah
OS=Windows_NT
PROCESSOR_IDENTIFIER=AMD64 Family 25 Model 80 Stepping 0, AuthenticAMD
TMP=C:\Users\bhaah\AppData\Local\Temp
TEMP=C:\Users\bhaah\AppData\Local\Temp




Periodic native trim disabled

---------------  S Y S T E M  ---------------

OS:
 Windows 11 , 64 bit Build 26100 (10.0.26100.4202)
OS uptime: 9 days 14:11 hours
Hyper-V role detected

CPU: total 16 (initial active 16) (16 cores per cpu, 2 threads per core) family 25 model 80 stepping 0 microcode 0xa50000c, cx8, cmov, fxsr, ht, mmx, 3dnowpref, sse, sse2, sse3, ssse3, sse4a, sse4.1, sse4.2, popcnt, lzcnt, tsc, tscinvbit, avx, avx2, aes, erms, clmul, bmi1, bmi2, adx, sha, fma, vzeroupper, clflush, clflushopt, hv, rdtscp, rdpid, fsrm, f16c, cet_ss
Processor Information for the first 16 processors :
  Max Mhz: 3201, Current Mhz: 3201, Mhz Limit: 3201

Memory: 4k page, system-wide physical 15775M (5906M free)
TotalPageFile size 64927M (AvailPageFile size 42M)
current process WorkingSet (physical memory assigned to process): 1688M, peak: 1933M
current process commit charge ("private bytes"): 1641M, peak: 1882M

vm_info: OpenJDK 64-Bit Server VM (21.0.7+6-LTS) for windows-amd64 JRE (21.0.7+6-LTS), built on 2025-04-15T00:00:00Z by "admin" with MS VC++ 17.7 (VS2022)

END.
