#
# There is insufficient memory for the Java Runtime Environment to continue.
# Native memory allocation (malloc) failed to allocate 1256176 bytes. Error detail: Chunk::new
# Possible reasons:
#   The system is out of physical RAM or swap space
#   This process is running with CompressedOops enabled, and the Java Heap may be blocking the growth of the native heap
# Possible solutions:
#   Reduce memory load on the system
#   Increase physical memory or swap space
#   Check if swap backing store is full
#   Decrease Java heap size (-Xmx/-Xms)
#   Decrease number of Java threads
#   Decrease Java thread stack sizes (-Xss)
#   Set larger code cache with -XX:ReservedCodeCacheSize=
#   JVM is running with Zero Based Compressed Oops mode in which the Java heap is
#     placed in the first 32GB address space. The Java Heap base address is the
#     maximum limit for the native heap growth. Please use -XX:HeapBaseMinAddress
#     to set the Java Heap base and to place the Java Heap above 32GB virtual address.
# This output file may be truncated or incomplete.
#
#  Out of Memory Error (arena.cpp:168), pid=22080, tid=83836
#
# JRE version: OpenJDK Runtime Environment Temurin-21.0.4+7 (21.0.4+7) (build 21.0.4+7-LTS)
# Java VM: OpenJDK 64-Bit Server VM Temurin-21.0.4+7 (21.0.4+7-LTS, mixed mode, sharing, tiered, compressed oops, compressed class ptrs, g1 gc, windows-amd64)
# No core dump will be written. Minidumps are not enabled by default on client versions of Windows
#

---------------  S U M M A R Y ------------

Command Line: -XX:+ShowCodeDetailsInExceptionMessages workshop.demo.DemoApplication

Host: AMD Ryzen 7 5800HS with Radeon Graphics         , 16 cores, 15G,  Windows 11 , 64 bit Build 26100 (10.0.26100.4202)
Time: Sat Jun 28 17:12:40 2025 Jerusalem Daylight Time elapsed time: 10.357846 seconds (0d 0h 0m 10s)

---------------  T H R E A D  ---------------

Current thread (0x0000020b6613fe10):  JavaThread "C2 CompilerThread4" daemon [_thread_in_native, id=83836, stack(0x0000001c57e00000,0x0000001c57f00000) (1024K)]


Current CompileTask:
C2:  10357 7497       4       sun.security.ec.ECOperations::setDouble (463 bytes)

Stack: [0x0000001c57e00000,0x0000001c57f00000]
Native frames: (J=compiled Java code, j=interpreted, Vv=VM code, C=native code)
V  [jvm.dll+0x6cbcf9]
V  [jvm.dll+0x8a5551]
V  [jvm.dll+0x8a7a7e]
V  [jvm.dll+0x8a8153]
V  [jvm.dll+0x27eca6]
V  [jvm.dll+0xc4aad]
V  [jvm.dll+0xc4fe3]
V  [jvm.dll+0x2f1abf]
V  [jvm.dll+0x5f532a]
V  [jvm.dll+0x2501d2]
V  [jvm.dll+0x25058f]
V  [jvm.dll+0x248f54]
V  [jvm.dll+0x2465e4]
V  [jvm.dll+0x1c6f7e]
V  [jvm.dll+0x255e7a]
V  [jvm.dll+0x25441a]
V  [jvm.dll+0x3eeef6]
V  [jvm.dll+0x84f17b]
V  [jvm.dll+0x6ca3fd]
C  [ucrtbase.dll+0x37b0]
C  [KERNEL32.DLL+0x2e8d7]
C  [ntdll.dll+0x3c34c]


---------------  P R O C E S S  ---------------

Threads class SMR info:
_java_thread_list=0x0000020b63acff10, length=25, elements={
0x0000020b7c863160, 0x0000020b1d4e3b40, 0x0000020b1d4e45a0, 0x0000020b1d4e6700,
0x0000020b1d4e73c0, 0x0000020b1d4f0880, 0x0000020b1d4f6f30, 0x0000020b1d50ea90,
0x0000020b1d518610, 0x0000020b1d51a820, 0x0000020b1d5193b0, 0x0000020b1d4f54f0,
0x0000020b1d4f6210, 0x0000020b1d518ce0, 0x0000020b63a98a20, 0x0000020b63a99740,
0x0000020b63a99dd0, 0x0000020b63a97670, 0x0000020b63a9a460, 0x0000020b63a9aaf0,
0x0000020b63a9b180, 0x0000020b1d517f40, 0x0000020b1d517870, 0x0000020b1d51a150,
0x0000020b6613fe10
}

Java Threads: ( => current thread )
  0x0000020b7c863160 JavaThread "main"                              [_thread_in_native, id=78680, stack(0x0000001c54d00000,0x0000001c54e00000) (1024K)]
  0x0000020b1d4e3b40 JavaThread "Reference Handler"          daemon [_thread_blocked, id=81888, stack(0x0000001c55500000,0x0000001c55600000) (1024K)]
  0x0000020b1d4e45a0 JavaThread "Finalizer"                  daemon [_thread_blocked, id=24284, stack(0x0000001c55600000,0x0000001c55700000) (1024K)]
  0x0000020b1d4e6700 JavaThread "Signal Dispatcher"          daemon [_thread_blocked, id=84872, stack(0x0000001c55700000,0x0000001c55800000) (1024K)]
  0x0000020b1d4e73c0 JavaThread "Attach Listener"            daemon [_thread_blocked, id=82708, stack(0x0000001c55800000,0x0000001c55900000) (1024K)]
  0x0000020b1d4f0880 JavaThread "Service Thread"             daemon [_thread_blocked, id=84400, stack(0x0000001c55900000,0x0000001c55a00000) (1024K)]
  0x0000020b1d4f6f30 JavaThread "Monitor Deflation Thread"   daemon [_thread_blocked, id=80944, stack(0x0000001c55a00000,0x0000001c55b00000) (1024K)]
  0x0000020b1d50ea90 JavaThread "C2 CompilerThread0"         daemon [_thread_blocked, id=82044, stack(0x0000001c55b00000,0x0000001c55c00000) (1024K)]
  0x0000020b1d518610 JavaThread "C1 CompilerThread0"         daemon [_thread_blocked, id=83936, stack(0x0000001c55c00000,0x0000001c55d00000) (1024K)]
  0x0000020b1d51a820 JavaThread "C1 CompilerThread1"         daemon [_thread_blocked, id=83764, stack(0x0000001c55d00000,0x0000001c55e00000) (1024K)]
  0x0000020b1d5193b0 JavaThread "C1 CompilerThread2"         daemon [_thread_blocked, id=80668, stack(0x0000001c55e00000,0x0000001c55f00000) (1024K)]
  0x0000020b1d4f54f0 JavaThread "Notification Thread"        daemon [_thread_blocked, id=76068, stack(0x0000001c55f00000,0x0000001c56000000) (1024K)]
  0x0000020b1d4f6210 JavaThread "Common-Cleaner"             daemon [_thread_blocked, id=82320, stack(0x0000001c56000000,0x0000001c56100000) (1024K)]
  0x0000020b1d518ce0 JavaThread "C1 CompilerThread3"         daemon [_thread_blocked, id=67308, stack(0x0000001c56300000,0x0000001c56400000) (1024K)]
  0x0000020b63a98a20 JavaThread "JNA Cleaner"                daemon [_thread_blocked, id=86988, stack(0x0000001c56800000,0x0000001c56900000) (1024K)]
  0x0000020b63a99740 JavaThread "ForkJoinPool.commonPool-worker-1" daemon [_thread_blocked, id=85116, stack(0x0000001c57800000,0x0000001c57900000) (1024K)]
  0x0000020b63a99dd0 JavaThread "ForkJoinPool.commonPool-worker-2" daemon [_thread_blocked, id=80032, stack(0x0000001c57900000,0x0000001c57a00000) (1024K)]
  0x0000020b63a97670 JavaThread "ForkJoinPool.commonPool-worker-3" daemon [_thread_blocked, id=83288, stack(0x0000001c57a00000,0x0000001c57b00000) (1024K)]
  0x0000020b63a9a460 JavaThread "Catalina-utility-1"                [_thread_blocked, id=45252, stack(0x0000001c57b00000,0x0000001c57c00000) (1024K)]
  0x0000020b63a9aaf0 JavaThread "Catalina-utility-2"                [_thread_blocked, id=85248, stack(0x0000001c57c00000,0x0000001c57d00000) (1024K)]
  0x0000020b63a9b180 JavaThread "container-0"                       [_thread_blocked, id=86836, stack(0x0000001c57d00000,0x0000001c57e00000) (1024K)]
  0x0000020b1d517f40 JavaThread "C2 CompilerThread1"         daemon [_thread_blocked, id=85212, stack(0x0000001c56100000,0x0000001c56200000) (1024K)]
  0x0000020b1d517870 JavaThread "C2 CompilerThread2"         daemon [_thread_blocked, id=58900, stack(0x0000001c56200000,0x0000001c56300000) (1024K)]
  0x0000020b1d51a150 JavaThread "C2 CompilerThread3"         daemon [_thread_blocked, id=86672, stack(0x0000001c56c00000,0x0000001c56d00000) (1024K)]
=>0x0000020b6613fe10 JavaThread "C2 CompilerThread4"         daemon [_thread_in_native, id=83836, stack(0x0000001c57e00000,0x0000001c57f00000) (1024K)]
Total: 25

Other Threads:
  0x0000020b7e520350 VMThread "VM Thread"                           [id=68028, stack(0x0000001c55400000,0x0000001c55500000) (1024K)]
  0x0000020b7e5077f0 WatcherThread "VM Periodic Task Thread"        [id=63184, stack(0x0000001c55300000,0x0000001c55400000) (1024K)]
  0x0000020b7c8d2b70 WorkerThread "GC Thread#0"                     [id=72844, stack(0x0000001c54e00000,0x0000001c54f00000) (1024K)]
  0x0000020b63a5b990 WorkerThread "GC Thread#1"                     [id=7724, stack(0x0000001c56400000,0x0000001c56500000) (1024K)]
  0x0000020b63a5c140 WorkerThread "GC Thread#2"                     [id=83728, stack(0x0000001c56500000,0x0000001c56600000) (1024K)]
  0x0000020b63a5c4e0 WorkerThread "GC Thread#3"                     [id=73924, stack(0x0000001c56600000,0x0000001c56700000) (1024K)]
  0x0000020b63a5c880 WorkerThread "GC Thread#4"                     [id=18988, stack(0x0000001c56700000,0x0000001c56800000) (1024K)]
  0x0000020b64227370 WorkerThread "GC Thread#5"                     [id=85284, stack(0x0000001c56900000,0x0000001c56a00000) (1024K)]
  0x0000020b64227710 WorkerThread "GC Thread#6"                     [id=71440, stack(0x0000001c56a00000,0x0000001c56b00000) (1024K)]
  0x0000020b64227ab0 WorkerThread "GC Thread#7"                     [id=80992, stack(0x0000001c56b00000,0x0000001c56c00000) (1024K)]
  0x0000020b64309360 WorkerThread "GC Thread#8"                     [id=85460, stack(0x0000001c56f00000,0x0000001c57000000) (1024K)]
  0x0000020b6430a1e0 WorkerThread "GC Thread#9"                     [id=65820, stack(0x0000001c57000000,0x0000001c57100000) (1024K)]
  0x0000020b64309aa0 WorkerThread "GC Thread#10"                    [id=83616, stack(0x0000001c57100000,0x0000001c57200000) (1024K)]
  0x0000020b64309e40 WorkerThread "GC Thread#11"                    [id=53656, stack(0x0000001c57200000,0x0000001c57300000) (1024K)]
  0x0000020b6430a920 WorkerThread "GC Thread#12"                    [id=73104, stack(0x0000001c57300000,0x0000001c57400000) (1024K)]
  0x0000020b7c8e34e0 ConcurrentGCThread "G1 Main Marker"            [id=49908, stack(0x0000001c54f00000,0x0000001c55000000) (1024K)]
  0x0000020b7c8e5a00 WorkerThread "G1 Conc#0"                       [id=78528, stack(0x0000001c55000000,0x0000001c55100000) (1024K)]
  0x0000020b64308fc0 WorkerThread "G1 Conc#1"                       [id=85852, stack(0x0000001c57400000,0x0000001c57500000) (1024K)]
  0x0000020b649c9040 WorkerThread "G1 Conc#2"                       [id=77940, stack(0x0000001c57500000,0x0000001c57600000) (1024K)]
  0x0000020b7e3d44e0 ConcurrentGCThread "G1 Refine#0"               [id=86180, stack(0x0000001c55100000,0x0000001c55200000) (1024K)]
  0x0000020b7e3d6d10 ConcurrentGCThread "G1 Service"                [id=76064, stack(0x0000001c55200000,0x0000001c55300000) (1024K)]
Total: 21

Threads with active compile tasks:
C2 CompilerThread4    10404 7497       4       sun.security.ec.ECOperations::setDouble (463 bytes)
Total: 1

VM state: not at safepoint (normal execution)

VM Mutex/Monitor currently owned by a thread: None

Heap address: 0x0000000709800000, size: 3944 MB, Compressed Oops mode: Zero based, Oop shift amount: 3

CDS archive(s) mapped at: [0x0000020b1e000000-0x0000020b1ec90000-0x0000020b1ec90000), size 13172736, SharedBaseAddress: 0x0000020b1e000000, ArchiveRelocationMode: 1.
Compressed class space mapped at: 0x0000020b1f000000-0x0000020b5f000000, reserved size: 1073741824
Narrow klass base: 0x0000020b1e000000, Narrow klass shift: 0, Narrow klass range: 0x100000000

GC Precious Log:
 CardTable entry size: 512
 Card Set container configuration: InlinePtr #cards 4 size 8 Array Of Cards #cards 16 size 48 Howl #buckets 8 coarsen threshold 3686 Howl Bitmap #cards 512 size 80 coarsen threshold 460 Card regions per heap region 1 cards per card region 4096
 CPUs: 16 total, 16 available
 Memory: 15775M
 Large Page Support: Disabled
 NUMA Support: Disabled
 Compressed Oops: Enabled (Zero based)
 Heap Region Size: 2M
 Heap Min Capacity: 8M
 Heap Initial Capacity: 248M
 Heap Max Capacity: 3944M
 Pre-touch: Disabled
 Parallel Workers: 13
 Concurrent Workers: 3
 Concurrent Refinement Workers: 13
 Periodic GC: Disabled

Heap:
 garbage-first heap   total 303104K, used 118784K [0x0000000709800000, 0x0000000800000000)
  region size 2048K, 31 young (63488K), 5 survivors (10240K)
 Metaspace       used 57192K, committed 57792K, reserved 1114112K
  class space    used 7284K, committed 7552K, reserved 1048576K

Heap Regions: E=young(eden), S=young(survivor), O=old, HS=humongous(starts), HC=humongous(continues), CS=collection set, F=free, TAMS=top-at-mark-start, PB=parsable bottom
|   0|0x0000000709800000, 0x0000000709a00000, 0x0000000709a00000|100%| O|  |TAMS 0x0000000709800000| PB 0x0000000709800000| Untracked 
|   1|0x0000000709a00000, 0x0000000709c00000, 0x0000000709c00000|100%| O|  |TAMS 0x0000000709a00000| PB 0x0000000709a00000| Untracked 
|   2|0x0000000709c00000, 0x0000000709e00000, 0x0000000709e00000|100%| O|  |TAMS 0x0000000709c00000| PB 0x0000000709c00000| Untracked 
|   3|0x0000000709e00000, 0x000000070a000000, 0x000000070a000000|100%| O|  |TAMS 0x0000000709e00000| PB 0x0000000709e00000| Untracked 
|   4|0x000000070a000000, 0x000000070a200000, 0x000000070a200000|100%| O|  |TAMS 0x000000070a000000| PB 0x000000070a000000| Untracked 
|   5|0x000000070a200000, 0x000000070a400000, 0x000000070a400000|100%| O|  |TAMS 0x000000070a200000| PB 0x000000070a200000| Untracked 
|   6|0x000000070a400000, 0x000000070a600000, 0x000000070a600000|100%| O|  |TAMS 0x000000070a400000| PB 0x000000070a400000| Untracked 
|   7|0x000000070a600000, 0x000000070a800000, 0x000000070a800000|100%| O|  |TAMS 0x000000070a600000| PB 0x000000070a600000| Untracked 
|   8|0x000000070a800000, 0x000000070aa00000, 0x000000070aa00000|100%| O|  |TAMS 0x000000070a800000| PB 0x000000070a800000| Untracked 
|   9|0x000000070aa00000, 0x000000070ac00000, 0x000000070ac00000|100%| O|  |TAMS 0x000000070aa00000| PB 0x000000070aa00000| Untracked 
|  10|0x000000070ac00000, 0x000000070ae00000, 0x000000070ae00000|100%| O|  |TAMS 0x000000070ac00000| PB 0x000000070ac00000| Untracked 
|  11|0x000000070ae00000, 0x000000070b000000, 0x000000070b000000|100%| O|  |TAMS 0x000000070ae00000| PB 0x000000070ae00000| Untracked 
|  12|0x000000070b000000, 0x000000070b200000, 0x000000070b200000|100%| O|  |TAMS 0x000000070b000000| PB 0x000000070b000000| Untracked 
|  13|0x000000070b200000, 0x000000070b400000, 0x000000070b400000|100%| O|  |TAMS 0x000000070b200000| PB 0x000000070b200000| Untracked 
|  14|0x000000070b400000, 0x000000070b600000, 0x000000070b600000|100%| O|  |TAMS 0x000000070b400000| PB 0x000000070b400000| Untracked 
|  15|0x000000070b600000, 0x000000070b800000, 0x000000070b800000|100%| O|  |TAMS 0x000000070b600000| PB 0x000000070b600000| Untracked 
|  16|0x000000070b800000, 0x000000070ba00000, 0x000000070ba00000|100%| O|  |TAMS 0x000000070b800000| PB 0x000000070b800000| Untracked 
|  17|0x000000070ba00000, 0x000000070bc00000, 0x000000070bc00000|100%| O|  |TAMS 0x000000070ba00000| PB 0x000000070ba00000| Untracked 
|  18|0x000000070bc00000, 0x000000070be00000, 0x000000070be00000|100%| O|  |TAMS 0x000000070bc00000| PB 0x000000070bc00000| Untracked 
|  19|0x000000070be00000, 0x000000070c000000, 0x000000070c000000|100%| O|  |TAMS 0x000000070be00000| PB 0x000000070be00000| Untracked 
|  20|0x000000070c000000, 0x000000070c200000, 0x000000070c200000|100%| O|  |TAMS 0x000000070c000000| PB 0x000000070c000000| Untracked 
|  21|0x000000070c200000, 0x000000070c400000, 0x000000070c400000|100%| O|  |TAMS 0x000000070c200000| PB 0x000000070c200000| Untracked 
|  22|0x000000070c400000, 0x000000070c600000, 0x000000070c600000|100%| O|  |TAMS 0x000000070c400000| PB 0x000000070c400000| Untracked 
|  23|0x000000070c600000, 0x000000070c800000, 0x000000070c800000|100%| O|  |TAMS 0x000000070c600000| PB 0x000000070c600000| Untracked 
|  24|0x000000070c800000, 0x000000070ca00000, 0x000000070ca00000|100%| O|  |TAMS 0x000000070c800000| PB 0x000000070c800000| Untracked 
|  25|0x000000070ca00000, 0x000000070cc00000, 0x000000070cc00000|100%| O|  |TAMS 0x000000070ca00000| PB 0x000000070ca00000| Untracked 
|  26|0x000000070cc00000, 0x000000070ce00000, 0x000000070ce00000|100%| O|  |TAMS 0x000000070cc00000| PB 0x000000070cc00000| Untracked 
|  27|0x000000070ce00000, 0x000000070d000000, 0x000000070d000000|100%| O|  |TAMS 0x000000070ce00000| PB 0x000000070ce00000| Untracked 
|  28|0x000000070d000000, 0x000000070d000000, 0x000000070d200000|  0%| F|  |TAMS 0x000000070d000000| PB 0x000000070d000000| Untracked 
|  29|0x000000070d200000, 0x000000070d200000, 0x000000070d400000|  0%| F|  |TAMS 0x000000070d200000| PB 0x000000070d200000| Untracked 
|  30|0x000000070d400000, 0x000000070d400000, 0x000000070d600000|  0%| F|  |TAMS 0x000000070d400000| PB 0x000000070d400000| Untracked 
|  31|0x000000070d600000, 0x000000070d600000, 0x000000070d800000|  0%| F|  |TAMS 0x000000070d600000| PB 0x000000070d600000| Untracked 
|  32|0x000000070d800000, 0x000000070d800000, 0x000000070da00000|  0%| F|  |TAMS 0x000000070d800000| PB 0x000000070d800000| Untracked 
|  33|0x000000070da00000, 0x000000070da00000, 0x000000070dc00000|  0%| F|  |TAMS 0x000000070da00000| PB 0x000000070da00000| Untracked 
|  34|0x000000070dc00000, 0x000000070dc00000, 0x000000070de00000|  0%| F|  |TAMS 0x000000070dc00000| PB 0x000000070dc00000| Untracked 
|  35|0x000000070de00000, 0x000000070de00000, 0x000000070e000000|  0%| F|  |TAMS 0x000000070de00000| PB 0x000000070de00000| Untracked 
|  36|0x000000070e000000, 0x000000070e000000, 0x000000070e200000|  0%| F|  |TAMS 0x000000070e000000| PB 0x000000070e000000| Untracked 
|  37|0x000000070e200000, 0x000000070e200000, 0x000000070e400000|  0%| F|  |TAMS 0x000000070e200000| PB 0x000000070e200000| Untracked 
|  38|0x000000070e400000, 0x000000070e400000, 0x000000070e600000|  0%| F|  |TAMS 0x000000070e400000| PB 0x000000070e400000| Untracked 
|  39|0x000000070e600000, 0x000000070e600000, 0x000000070e800000|  0%| F|  |TAMS 0x000000070e600000| PB 0x000000070e600000| Untracked 
|  40|0x000000070e800000, 0x000000070e800000, 0x000000070ea00000|  0%| F|  |TAMS 0x000000070e800000| PB 0x000000070e800000| Untracked 
|  41|0x000000070ea00000, 0x000000070ea00000, 0x000000070ec00000|  0%| F|  |TAMS 0x000000070ea00000| PB 0x000000070ea00000| Untracked 
|  42|0x000000070ec00000, 0x000000070ec00000, 0x000000070ee00000|  0%| F|  |TAMS 0x000000070ec00000| PB 0x000000070ec00000| Untracked 
|  43|0x000000070ee00000, 0x000000070ee00000, 0x000000070f000000|  0%| F|  |TAMS 0x000000070ee00000| PB 0x000000070ee00000| Untracked 
|  44|0x000000070f000000, 0x000000070f000000, 0x000000070f200000|  0%| F|  |TAMS 0x000000070f000000| PB 0x000000070f000000| Untracked 
|  45|0x000000070f200000, 0x000000070f200000, 0x000000070f400000|  0%| F|  |TAMS 0x000000070f200000| PB 0x000000070f200000| Untracked 
|  46|0x000000070f400000, 0x000000070f400000, 0x000000070f600000|  0%| F|  |TAMS 0x000000070f400000| PB 0x000000070f400000| Untracked 
|  47|0x000000070f600000, 0x000000070f600000, 0x000000070f800000|  0%| F|  |TAMS 0x000000070f600000| PB 0x000000070f600000| Untracked 
|  48|0x000000070f800000, 0x000000070f800000, 0x000000070fa00000|  0%| F|  |TAMS 0x000000070f800000| PB 0x000000070f800000| Untracked 
|  49|0x000000070fa00000, 0x000000070fa00000, 0x000000070fc00000|  0%| F|  |TAMS 0x000000070fa00000| PB 0x000000070fa00000| Untracked 
|  50|0x000000070fc00000, 0x000000070fc00000, 0x000000070fe00000|  0%| F|  |TAMS 0x000000070fc00000| PB 0x000000070fc00000| Untracked 
|  51|0x000000070fe00000, 0x000000070fe00000, 0x0000000710000000|  0%| F|  |TAMS 0x000000070fe00000| PB 0x000000070fe00000| Untracked 
|  52|0x0000000710000000, 0x0000000710000000, 0x0000000710200000|  0%| F|  |TAMS 0x0000000710000000| PB 0x0000000710000000| Untracked 
|  53|0x0000000710200000, 0x0000000710200000, 0x0000000710400000|  0%| F|  |TAMS 0x0000000710200000| PB 0x0000000710200000| Untracked 
|  54|0x0000000710400000, 0x0000000710400000, 0x0000000710600000|  0%| F|  |TAMS 0x0000000710400000| PB 0x0000000710400000| Untracked 
|  55|0x0000000710600000, 0x0000000710800000, 0x0000000710800000|100%| S|CS|TAMS 0x0000000710600000| PB 0x0000000710600000| Complete 
|  56|0x0000000710800000, 0x0000000710a00000, 0x0000000710a00000|100%| S|CS|TAMS 0x0000000710800000| PB 0x0000000710800000| Complete 
|  57|0x0000000710a00000, 0x0000000710c00000, 0x0000000710c00000|100%| S|CS|TAMS 0x0000000710a00000| PB 0x0000000710a00000| Complete 
|  58|0x0000000710c00000, 0x0000000710e00000, 0x0000000710e00000|100%| S|CS|TAMS 0x0000000710c00000| PB 0x0000000710c00000| Complete 
|  59|0x0000000710e00000, 0x0000000710e00000, 0x0000000711000000|  0%| F|  |TAMS 0x0000000710e00000| PB 0x0000000710e00000| Untracked 
|  60|0x0000000711000000, 0x0000000711000000, 0x0000000711200000|  0%| F|  |TAMS 0x0000000711000000| PB 0x0000000711000000| Untracked 
|  61|0x0000000711200000, 0x0000000711200000, 0x0000000711400000|  0%| F|  |TAMS 0x0000000711200000| PB 0x0000000711200000| Untracked 
|  62|0x0000000711400000, 0x0000000711400000, 0x0000000711600000|  0%| F|  |TAMS 0x0000000711400000| PB 0x0000000711400000| Untracked 
|  63|0x0000000711600000, 0x0000000711800000, 0x0000000711800000|100%| S|CS|TAMS 0x0000000711600000| PB 0x0000000711600000| Complete 
|  64|0x0000000711800000, 0x0000000711800000, 0x0000000711a00000|  0%| F|  |TAMS 0x0000000711800000| PB 0x0000000711800000| Untracked 
|  65|0x0000000711a00000, 0x0000000711a00000, 0x0000000711c00000|  0%| F|  |TAMS 0x0000000711a00000| PB 0x0000000711a00000| Untracked 
|  66|0x0000000711c00000, 0x0000000711c00000, 0x0000000711e00000|  0%| F|  |TAMS 0x0000000711c00000| PB 0x0000000711c00000| Untracked 
|  67|0x0000000711e00000, 0x0000000711e00000, 0x0000000712000000|  0%| F|  |TAMS 0x0000000711e00000| PB 0x0000000711e00000| Untracked 
|  68|0x0000000712000000, 0x0000000712000000, 0x0000000712200000|  0%| F|  |TAMS 0x0000000712000000| PB 0x0000000712000000| Untracked 
|  69|0x0000000712200000, 0x0000000712200000, 0x0000000712400000|  0%| F|  |TAMS 0x0000000712200000| PB 0x0000000712200000| Untracked 
|  70|0x0000000712400000, 0x0000000712400000, 0x0000000712600000|  0%| F|  |TAMS 0x0000000712400000| PB 0x0000000712400000| Untracked 
|  71|0x0000000712600000, 0x0000000712600000, 0x0000000712800000|  0%| F|  |TAMS 0x0000000712600000| PB 0x0000000712600000| Untracked 
|  72|0x0000000712800000, 0x0000000712800000, 0x0000000712a00000|  0%| F|  |TAMS 0x0000000712800000| PB 0x0000000712800000| Untracked 
|  73|0x0000000712a00000, 0x0000000712a00000, 0x0000000712c00000|  0%| F|  |TAMS 0x0000000712a00000| PB 0x0000000712a00000| Untracked 
|  74|0x0000000712c00000, 0x0000000712c00000, 0x0000000712e00000|  0%| F|  |TAMS 0x0000000712c00000| PB 0x0000000712c00000| Untracked 
|  75|0x0000000712e00000, 0x0000000712e00000, 0x0000000713000000|  0%| F|  |TAMS 0x0000000712e00000| PB 0x0000000712e00000| Untracked 
|  76|0x0000000713000000, 0x0000000713000000, 0x0000000713200000|  0%| F|  |TAMS 0x0000000713000000| PB 0x0000000713000000| Untracked 
|  77|0x0000000713200000, 0x0000000713200000, 0x0000000713400000|  0%| F|  |TAMS 0x0000000713200000| PB 0x0000000713200000| Untracked 
|  78|0x0000000713400000, 0x0000000713400000, 0x0000000713600000|  0%| F|  |TAMS 0x0000000713400000| PB 0x0000000713400000| Untracked 
|  79|0x0000000713600000, 0x0000000713600000, 0x0000000713800000|  0%| F|  |TAMS 0x0000000713600000| PB 0x0000000713600000| Untracked 
|  80|0x0000000713800000, 0x0000000713800000, 0x0000000713a00000|  0%| F|  |TAMS 0x0000000713800000| PB 0x0000000713800000| Untracked 
|  81|0x0000000713a00000, 0x0000000713a00000, 0x0000000713c00000|  0%| F|  |TAMS 0x0000000713a00000| PB 0x0000000713a00000| Untracked 
|  82|0x0000000713c00000, 0x0000000713c00000, 0x0000000713e00000|  0%| F|  |TAMS 0x0000000713c00000| PB 0x0000000713c00000| Untracked 
|  83|0x0000000713e00000, 0x0000000713e00000, 0x0000000714000000|  0%| F|  |TAMS 0x0000000713e00000| PB 0x0000000713e00000| Untracked 
|  84|0x0000000714000000, 0x0000000714000000, 0x0000000714200000|  0%| F|  |TAMS 0x0000000714000000| PB 0x0000000714000000| Untracked 
|  85|0x0000000714200000, 0x0000000714200000, 0x0000000714400000|  0%| F|  |TAMS 0x0000000714200000| PB 0x0000000714200000| Untracked 
|  86|0x0000000714400000, 0x0000000714400000, 0x0000000714600000|  0%| F|  |TAMS 0x0000000714400000| PB 0x0000000714400000| Untracked 
|  87|0x0000000714600000, 0x0000000714600000, 0x0000000714800000|  0%| F|  |TAMS 0x0000000714600000| PB 0x0000000714600000| Untracked 
|  88|0x0000000714800000, 0x0000000714800000, 0x0000000714a00000|  0%| F|  |TAMS 0x0000000714800000| PB 0x0000000714800000| Untracked 
|  89|0x0000000714a00000, 0x0000000714a00000, 0x0000000714c00000|  0%| F|  |TAMS 0x0000000714a00000| PB 0x0000000714a00000| Untracked 
|  90|0x0000000714c00000, 0x0000000714c00000, 0x0000000714e00000|  0%| F|  |TAMS 0x0000000714c00000| PB 0x0000000714c00000| Untracked 
|  91|0x0000000714e00000, 0x0000000714e00000, 0x0000000715000000|  0%| F|  |TAMS 0x0000000714e00000| PB 0x0000000714e00000| Untracked 
|  92|0x0000000715000000, 0x0000000715000000, 0x0000000715200000|  0%| F|  |TAMS 0x0000000715000000| PB 0x0000000715000000| Untracked 
|  93|0x0000000715200000, 0x0000000715200000, 0x0000000715400000|  0%| F|  |TAMS 0x0000000715200000| PB 0x0000000715200000| Untracked 
|  94|0x0000000715400000, 0x0000000715400000, 0x0000000715600000|  0%| F|  |TAMS 0x0000000715400000| PB 0x0000000715400000| Untracked 
|  95|0x0000000715600000, 0x0000000715600000, 0x0000000715800000|  0%| F|  |TAMS 0x0000000715600000| PB 0x0000000715600000| Untracked 
|  96|0x0000000715800000, 0x0000000715800000, 0x0000000715a00000|  0%| F|  |TAMS 0x0000000715800000| PB 0x0000000715800000| Untracked 
|  97|0x0000000715a00000, 0x0000000715a00000, 0x0000000715c00000|  0%| F|  |TAMS 0x0000000715a00000| PB 0x0000000715a00000| Untracked 
|  98|0x0000000715c00000, 0x0000000715c00000, 0x0000000715e00000|  0%| F|  |TAMS 0x0000000715c00000| PB 0x0000000715c00000| Untracked 
|  99|0x0000000715e00000, 0x0000000715e00000, 0x0000000716000000|  0%| F|  |TAMS 0x0000000715e00000| PB 0x0000000715e00000| Untracked 
| 100|0x0000000716000000, 0x0000000716000000, 0x0000000716200000|  0%| F|  |TAMS 0x0000000716000000| PB 0x0000000716000000| Untracked 
| 101|0x0000000716200000, 0x0000000716200000, 0x0000000716400000|  0%| F|  |TAMS 0x0000000716200000| PB 0x0000000716200000| Untracked 
| 102|0x0000000716400000, 0x0000000716400000, 0x0000000716600000|  0%| F|  |TAMS 0x0000000716400000| PB 0x0000000716400000| Untracked 
| 103|0x0000000716600000, 0x0000000716600000, 0x0000000716800000|  0%| F|  |TAMS 0x0000000716600000| PB 0x0000000716600000| Untracked 
| 104|0x0000000716800000, 0x0000000716800000, 0x0000000716a00000|  0%| F|  |TAMS 0x0000000716800000| PB 0x0000000716800000| Untracked 
| 105|0x0000000716a00000, 0x0000000716a00000, 0x0000000716c00000|  0%| F|  |TAMS 0x0000000716a00000| PB 0x0000000716a00000| Untracked 
| 106|0x0000000716c00000, 0x0000000716c00000, 0x0000000716e00000|  0%| F|  |TAMS 0x0000000716c00000| PB 0x0000000716c00000| Untracked 
| 107|0x0000000716e00000, 0x0000000716e00000, 0x0000000717000000|  0%| F|  |TAMS 0x0000000716e00000| PB 0x0000000716e00000| Untracked 
| 108|0x0000000717000000, 0x0000000717000000, 0x0000000717200000|  0%| F|  |TAMS 0x0000000717000000| PB 0x0000000717000000| Untracked 
| 109|0x0000000717200000, 0x0000000717200000, 0x0000000717400000|  0%| F|  |TAMS 0x0000000717200000| PB 0x0000000717200000| Untracked 
| 110|0x0000000717400000, 0x0000000717400000, 0x0000000717600000|  0%| F|  |TAMS 0x0000000717400000| PB 0x0000000717400000| Untracked 
| 111|0x0000000717600000, 0x0000000717600000, 0x0000000717800000|  0%| F|  |TAMS 0x0000000717600000| PB 0x0000000717600000| Untracked 
| 112|0x0000000717800000, 0x0000000717800000, 0x0000000717a00000|  0%| F|  |TAMS 0x0000000717800000| PB 0x0000000717800000| Untracked 
| 113|0x0000000717a00000, 0x0000000717a00000, 0x0000000717c00000|  0%| F|  |TAMS 0x0000000717a00000| PB 0x0000000717a00000| Untracked 
| 114|0x0000000717c00000, 0x0000000717c00000, 0x0000000717e00000|  0%| F|  |TAMS 0x0000000717c00000| PB 0x0000000717c00000| Untracked 
| 115|0x0000000717e00000, 0x0000000717e00000, 0x0000000718000000|  0%| F|  |TAMS 0x0000000717e00000| PB 0x0000000717e00000| Untracked 
| 116|0x0000000718000000, 0x0000000718000000, 0x0000000718200000|  0%| F|  |TAMS 0x0000000718000000| PB 0x0000000718000000| Untracked 
| 117|0x0000000718200000, 0x0000000718200000, 0x0000000718400000|  0%| F|  |TAMS 0x0000000718200000| PB 0x0000000718200000| Untracked 
| 118|0x0000000718400000, 0x0000000718400000, 0x0000000718600000|  0%| F|  |TAMS 0x0000000718400000| PB 0x0000000718400000| Untracked 
| 119|0x0000000718600000, 0x0000000718600000, 0x0000000718800000|  0%| F|  |TAMS 0x0000000718600000| PB 0x0000000718600000| Untracked 
| 120|0x0000000718800000, 0x0000000718800000, 0x0000000718a00000|  0%| F|  |TAMS 0x0000000718800000| PB 0x0000000718800000| Untracked 
| 121|0x0000000718a00000, 0x0000000718a00000, 0x0000000718c00000|  0%| F|  |TAMS 0x0000000718a00000| PB 0x0000000718a00000| Untracked 
| 122|0x0000000718c00000, 0x0000000718d00800, 0x0000000718e00000| 50%| E|  |TAMS 0x0000000718c00000| PB 0x0000000718c00000| Complete 
| 123|0x0000000718e00000, 0x0000000719000000, 0x0000000719000000|100%| E|CS|TAMS 0x0000000718e00000| PB 0x0000000718e00000| Complete 
| 124|0x0000000719000000, 0x0000000719200000, 0x0000000719200000|100%| E|CS|TAMS 0x0000000719000000| PB 0x0000000719000000| Complete 
| 125|0x0000000719200000, 0x0000000719400000, 0x0000000719400000|100%| E|CS|TAMS 0x0000000719200000| PB 0x0000000719200000| Complete 
| 126|0x0000000719400000, 0x0000000719600000, 0x0000000719600000|100%| E|CS|TAMS 0x0000000719400000| PB 0x0000000719400000| Complete 
| 127|0x0000000719600000, 0x0000000719800000, 0x0000000719800000|100%| E|CS|TAMS 0x0000000719600000| PB 0x0000000719600000| Complete 
| 128|0x0000000719800000, 0x0000000719a00000, 0x0000000719a00000|100%| E|CS|TAMS 0x0000000719800000| PB 0x0000000719800000| Complete 
| 129|0x0000000719a00000, 0x0000000719c00000, 0x0000000719c00000|100%| E|CS|TAMS 0x0000000719a00000| PB 0x0000000719a00000| Complete 
| 130|0x0000000719c00000, 0x0000000719e00000, 0x0000000719e00000|100%| E|CS|TAMS 0x0000000719c00000| PB 0x0000000719c00000| Complete 
| 131|0x0000000719e00000, 0x000000071a000000, 0x000000071a000000|100%| E|CS|TAMS 0x0000000719e00000| PB 0x0000000719e00000| Complete 
| 132|0x000000071a000000, 0x000000071a200000, 0x000000071a200000|100%| E|CS|TAMS 0x000000071a000000| PB 0x000000071a000000| Complete 
| 133|0x000000071a200000, 0x000000071a400000, 0x000000071a400000|100%| E|CS|TAMS 0x000000071a200000| PB 0x000000071a200000| Complete 
| 134|0x000000071a400000, 0x000000071a600000, 0x000000071a600000|100%| E|CS|TAMS 0x000000071a400000| PB 0x000000071a400000| Complete 
| 135|0x000000071a600000, 0x000000071a800000, 0x000000071a800000|100%| E|CS|TAMS 0x000000071a600000| PB 0x000000071a600000| Complete 
| 136|0x000000071a800000, 0x000000071aa00000, 0x000000071aa00000|100%| E|CS|TAMS 0x000000071a800000| PB 0x000000071a800000| Complete 
| 137|0x000000071aa00000, 0x000000071ac00000, 0x000000071ac00000|100%| E|CS|TAMS 0x000000071aa00000| PB 0x000000071aa00000| Complete 
| 138|0x000000071ac00000, 0x000000071ae00000, 0x000000071ae00000|100%| E|CS|TAMS 0x000000071ac00000| PB 0x000000071ac00000| Complete 
| 139|0x000000071ae00000, 0x000000071b000000, 0x000000071b000000|100%| E|CS|TAMS 0x000000071ae00000| PB 0x000000071ae00000| Complete 
| 140|0x000000071b000000, 0x000000071b200000, 0x000000071b200000|100%| E|CS|TAMS 0x000000071b000000| PB 0x000000071b000000| Complete 
| 141|0x000000071b200000, 0x000000071b400000, 0x000000071b400000|100%| E|CS|TAMS 0x000000071b200000| PB 0x000000071b200000| Complete 
| 142|0x000000071b400000, 0x000000071b600000, 0x000000071b600000|100%| E|CS|TAMS 0x000000071b400000| PB 0x000000071b400000| Complete 
| 143|0x000000071b600000, 0x000000071b800000, 0x000000071b800000|100%| E|CS|TAMS 0x000000071b600000| PB 0x000000071b600000| Complete 
| 144|0x000000071b800000, 0x000000071ba00000, 0x000000071ba00000|100%| E|CS|TAMS 0x000000071b800000| PB 0x000000071b800000| Complete 
| 145|0x000000071ba00000, 0x000000071bc00000, 0x000000071bc00000|100%| E|CS|TAMS 0x000000071ba00000| PB 0x000000071ba00000| Complete 
| 146|0x000000071bc00000, 0x000000071be00000, 0x000000071be00000|100%| E|CS|TAMS 0x000000071bc00000| PB 0x000000071bc00000| Complete 
| 147|0x000000071be00000, 0x000000071c000000, 0x000000071c000000|100%| E|CS|TAMS 0x000000071be00000| PB 0x000000071be00000| Complete 

Card table byte_map: [0x0000020b7d950000,0x0000020b7e110000] _byte_map_base: 0x0000020b7a104000

Marking Bits: (CMBitMap*) 0x0000020b7c8d3270
 Bits: [0x0000020b17610000, 0x0000020b1b3b0000)

Polling page: 0x0000020b7a7f0000

Metaspace:

Usage:
  Non-class:     48.74 MB used.
      Class:      7.11 MB used.
       Both:     55.85 MB used.

Virtual space:
  Non-class space:       64.00 MB reserved,      49.06 MB ( 77%) committed,  1 nodes.
      Class space:        1.00 GB reserved,       7.38 MB ( <1%) committed,  1 nodes.
             Both:        1.06 GB reserved,      56.44 MB (  5%) committed. 

Chunk freelists:
   Non-Class:  14.86 MB
       Class:  8.58 MB
        Both:  23.44 MB

MaxMetaspaceSize: unlimited
CompressedClassSpaceSize: 1.00 GB
Initial GC threshold: 21.00 MB
Current GC threshold: 58.75 MB
CDS: on
 - commit_granule_bytes: 65536.
 - commit_granule_words: 8192.
 - virtual_space_node_default_size: 8388608.
 - enlarge_chunks_in_place: 1.
 - use_allocation_guard: 0.


Internal statistics:

num_allocs_failed_limit: 8.
num_arena_births: 814.
num_arena_deaths: 0.
num_vsnodes_births: 2.
num_vsnodes_deaths: 0.
num_space_committed: 902.
num_space_uncommitted: 0.
num_chunks_returned_to_freelist: 8.
num_chunks_taken_from_freelist: 2704.
num_chunk_merges: 8.
num_chunk_splits: 1862.
num_chunks_enlarged: 1424.
num_inconsistent_stats: 0.

CodeHeap 'non-profiled nmethods': size=119168Kb used=6893Kb max_used=6893Kb free=112274Kb
 bounds [0x0000020b101b0000, 0x0000020b10870000, 0x0000020b17610000]
CodeHeap 'profiled nmethods': size=119104Kb used=15533Kb max_used=15533Kb free=103570Kb
 bounds [0x0000020b08610000, 0x0000020b09540000, 0x0000020b0fa60000]
CodeHeap 'non-nmethods': size=7488Kb used=3322Kb max_used=3340Kb free=4166Kb
 bounds [0x0000020b0fa60000, 0x0000020b0fdb0000, 0x0000020b101b0000]
 total_blobs=7875 nmethods=7198 adapters=578
 compilation: enabled
              stopped_count=0, restarted_count=0
 full_count=0

Compilation events (20 events):
Event: 9.309 Thread 0x0000020b6613c790 nmethod 7566 0x0000020b10863f10 code [0x0000020b108640e0, 0x0000020b10864750]
Event: 9.310 Thread 0x0000020b6613c790 7582       4       sun.security.util.math.intpoly.IntegerPolynomialP384::carryReduce (1300 bytes)
Event: 9.310 Thread 0x0000020b1d51a150 nmethod 7579 0x0000020b10864b10 code [0x0000020b10864ca0, 0x0000020b10865060]
Event: 9.311 Thread 0x0000020b1d51a150 7581       4       sun.security.util.math.intpoly.IntegerPolynomialP384::carryReduce (591 bytes)
Event: 9.317 Thread 0x0000020b1d517870 nmethod 7572% 0x0000020b10865210 code [0x0000020b108653e0, 0x0000020b108658d0]
Event: 9.318 Thread 0x0000020b1d517870 7583       4       sun.security.util.math.intpoly.IntegerPolynomial::carryValue (17 bytes)
Event: 9.318 Thread 0x0000020b1d51a150 nmethod 7581 0x0000020b10865b10 code [0x0000020b10865ca0, 0x0000020b10866070]
Event: 9.319 Thread 0x0000020b1d518610 7584       3       java.math.MutableBigInteger::normalize (91 bytes)
Event: 9.319 Thread 0x0000020b1d51a150 7585       4       sun.security.util.math.intpoly.IntegerPolynomial::multByInt (30 bytes)
Event: 9.320 Thread 0x0000020b1d518610 nmethod 7584 0x0000020b09539510 code [0x0000020b095396c0, 0x0000020b09539a30]
Event: 9.320 Thread 0x0000020b1d517870 nmethod 7583 0x0000020b10866210 code [0x0000020b10866380, 0x0000020b10866428]
Event: 9.320 Thread 0x0000020b1d517870 7586       4       sun.security.util.math.intpoly.IntegerPolynomialP384::mult (1879 bytes)
Event: 9.322 Thread 0x0000020b1d50ea90 nmethod 7573 0x0000020b10866510 code [0x0000020b10866700, 0x0000020b10866ca0]
Event: 9.326 Thread 0x0000020b6613c790 nmethod 7582 0x0000020b10866f90 code [0x0000020b10867120, 0x0000020b10867c70]
Event: 9.329 Thread 0x0000020b1d51a150 nmethod 7585 0x0000020b10867d90 code [0x0000020b10867f40, 0x0000020b10868378]
Event: 9.334 Thread 0x0000020b1d517f40 nmethod 7569 0x0000020b10868590 code [0x0000020b10868760, 0x0000020b108692a0]
Event: 9.335 Thread 0x0000020b1d517f40 7587       4       sun.security.provider.SHA5::lf_delta0 (20 bytes)
Event: 9.335 Thread 0x0000020b1d5193b0 7588       3       sun.security.provider.SHA5::implCompress0 (346 bytes)
Event: 9.336 Thread 0x0000020b1d517f40 nmethod 7587 0x0000020b10869690 code [0x0000020b10869800, 0x0000020b10869880]
Event: 9.336 Thread 0x0000020b1d5193b0 nmethod 7588 0x0000020b09539b90 code [0x0000020b09539e00, 0x0000020b0953a868]

GC Heap History (20 events):
Event: 4.972 GC heap before
{Heap before GC invocations=10 (full 0):
 garbage-first heap   total 90112K, used 75115K [0x0000000709800000, 0x0000000800000000)
  region size 2048K, 26 young (53248K), 3 survivors (6144K)
 Metaspace       used 35752K, committed 36288K, reserved 1114112K
  class space    used 4549K, committed 4800K, reserved 1048576K
}
Event: 4.984 GC heap after
{Heap after GC invocations=11 (full 0):
 garbage-first heap   total 90112K, used 33347K [0x0000000709800000, 0x0000000800000000)
  region size 2048K, 4 young (8192K), 4 survivors (8192K)
 Metaspace       used 35752K, committed 36288K, reserved 1114112K
  class space    used 4549K, committed 4800K, reserved 1048576K
}
Event: 5.042 GC heap before
{Heap before GC invocations=11 (full 0):
 garbage-first heap   total 90112K, used 74307K [0x0000000709800000, 0x0000000800000000)
  region size 2048K, 24 young (49152K), 4 survivors (8192K)
 Metaspace       used 35754K, committed 36288K, reserved 1114112K
  class space    used 4549K, committed 4800K, reserved 1048576K
}
Event: 5.053 GC heap after
{Heap after GC invocations=12 (full 0):
 garbage-first heap   total 90112K, used 38840K [0x0000000709800000, 0x0000000800000000)
  region size 2048K, 3 young (6144K), 3 survivors (6144K)
 Metaspace       used 35754K, committed 36288K, reserved 1114112K
  class space    used 4549K, committed 4800K, reserved 1048576K
}
Event: 5.093 GC heap before
{Heap before GC invocations=12 (full 0):
 garbage-first heap   total 90112K, used 75704K [0x0000000709800000, 0x0000000800000000)
  region size 2048K, 21 young (43008K), 3 survivors (6144K)
 Metaspace       used 35754K, committed 36288K, reserved 1114112K
  class space    used 4549K, committed 4800K, reserved 1048576K
}
Event: 5.099 GC heap after
{Heap after GC invocations=13 (full 0):
 garbage-first heap   total 90112K, used 41475K [0x0000000709800000, 0x0000000800000000)
  region size 2048K, 2 young (4096K), 2 survivors (4096K)
 Metaspace       used 35754K, committed 36288K, reserved 1114112K
  class space    used 4549K, committed 4800K, reserved 1048576K
}
Event: 5.140 GC heap before
{Heap before GC invocations=13 (full 0):
 garbage-first heap   total 90112K, used 76291K [0x0000000709800000, 0x0000000800000000)
  region size 2048K, 19 young (38912K), 2 survivors (4096K)
 Metaspace       used 35754K, committed 36288K, reserved 1114112K
  class space    used 4549K, committed 4800K, reserved 1048576K
}
Event: 5.145 GC heap after
{Heap after GC invocations=14 (full 0):
 garbage-first heap   total 180224K, used 45056K [0x0000000709800000, 0x0000000800000000)
  region size 2048K, 3 young (6144K), 3 survivors (6144K)
 Metaspace       used 35754K, committed 36288K, reserved 1114112K
  class space    used 4549K, committed 4800K, reserved 1048576K
}
Event: 5.267 GC heap before
{Heap before GC invocations=14 (full 0):
 garbage-first heap   total 180224K, used 143360K [0x0000000709800000, 0x0000000800000000)
  region size 2048K, 52 young (106496K), 3 survivors (6144K)
 Metaspace       used 35765K, committed 36288K, reserved 1114112K
  class space    used 4549K, committed 4800K, reserved 1048576K
}
Event: 5.278 GC heap after
{Heap after GC invocations=15 (full 0):
 garbage-first heap   total 180224K, used 56298K [0x0000000709800000, 0x0000000800000000)
  region size 2048K, 7 young (14336K), 7 survivors (14336K)
 Metaspace       used 35765K, committed 36288K, reserved 1114112K
  class space    used 4549K, committed 4800K, reserved 1048576K
}
Event: 5.617 GC heap before
{Heap before GC invocations=15 (full 0):
 garbage-first heap   total 180224K, used 146410K [0x0000000709800000, 0x0000000800000000)
  region size 2048K, 51 young (104448K), 7 survivors (14336K)
 Metaspace       used 35832K, committed 36416K, reserved 1114112K
  class space    used 4560K, committed 4800K, reserved 1048576K
}
Event: 5.626 GC heap after
{Heap after GC invocations=16 (full 0):
 garbage-first heap   total 180224K, used 62897K [0x0000000709800000, 0x0000000800000000)
  region size 2048K, 3 young (6144K), 3 survivors (6144K)
 Metaspace       used 35832K, committed 36416K, reserved 1114112K
  class space    used 4560K, committed 4800K, reserved 1048576K
}
Event: 5.828 GC heap before
{Heap before GC invocations=16 (full 0):
 garbage-first heap   total 180224K, used 153009K [0x0000000709800000, 0x0000000800000000)
  region size 2048K, 47 young (96256K), 3 survivors (6144K)
 Metaspace       used 35838K, committed 36416K, reserved 1114112K
  class space    used 4562K, committed 4800K, reserved 1048576K
}
Event: 5.833 GC heap after
{Heap after GC invocations=17 (full 0):
 garbage-first heap   total 180224K, used 62028K [0x0000000709800000, 0x0000000800000000)
  region size 2048K, 3 young (6144K), 3 survivors (6144K)
 Metaspace       used 35838K, committed 36416K, reserved 1114112K
  class space    used 4562K, committed 4800K, reserved 1048576K
}
Event: 6.109 GC heap before
{Heap before GC invocations=17 (full 0):
 garbage-first heap   total 180224K, used 156236K [0x0000000709800000, 0x0000000800000000)
  region size 2048K, 49 young (100352K), 3 survivors (6144K)
 Metaspace       used 35890K, committed 36416K, reserved 1114112K
  class space    used 4575K, committed 4800K, reserved 1048576K
}
Event: 6.113 GC heap after
{Heap after GC invocations=18 (full 0):
 garbage-first heap   total 303104K, used 62344K [0x0000000709800000, 0x0000000800000000)
  region size 2048K, 3 young (6144K), 3 survivors (6144K)
 Metaspace       used 35890K, committed 36416K, reserved 1114112K
  class space    used 4575K, committed 4800K, reserved 1048576K
}
Event: 6.940 GC heap before
{Heap before GC invocations=18 (full 0):
 garbage-first heap   total 303104K, used 236424K [0x0000000709800000, 0x0000000800000000)
  region size 2048K, 88 young (180224K), 3 survivors (6144K)
 Metaspace       used 41776K, committed 42304K, reserved 1114112K
  class space    used 5259K, committed 5504K, reserved 1048576K
}
Event: 6.943 GC heap after
{Heap after GC invocations=19 (full 0):
 garbage-first heap   total 303104K, used 65404K [0x0000000709800000, 0x0000000800000000)
  region size 2048K, 4 young (8192K), 4 survivors (8192K)
 Metaspace       used 41776K, committed 42304K, reserved 1114112K
  class space    used 5259K, committed 5504K, reserved 1048576K
}
Event: 8.024 GC heap before
{Heap before GC invocations=19 (full 0):
 garbage-first heap   total 303104K, used 237436K [0x0000000709800000, 0x0000000800000000)
  region size 2048K, 88 young (180224K), 4 survivors (8192K)
 Metaspace       used 45435K, committed 46016K, reserved 1114112K
  class space    used 5699K, committed 5952K, reserved 1048576K
}
Event: 8.029 GC heap after
{Heap after GC invocations=20 (full 0):
 garbage-first heap   total 303104K, used 67584K [0x0000000709800000, 0x0000000800000000)
  region size 2048K, 5 young (10240K), 5 survivors (10240K)
 Metaspace       used 45435K, committed 46016K, reserved 1114112K
  class space    used 5699K, committed 5952K, reserved 1048576K
}

Dll operation events (12 events):
Event: 0.007 Loaded shared library C:\Program Files\Eclipse Adoptium\jdk-21.0.4.7-hotspot\bin\java.dll
Event: 0.043 Loaded shared library C:\Program Files\Eclipse Adoptium\jdk-21.0.4.7-hotspot\bin\jsvml.dll
Event: 0.147 Loaded shared library C:\Program Files\Eclipse Adoptium\jdk-21.0.4.7-hotspot\bin\net.dll
Event: 0.148 Loaded shared library C:\Program Files\Eclipse Adoptium\jdk-21.0.4.7-hotspot\bin\nio.dll
Event: 0.150 Loaded shared library C:\Program Files\Eclipse Adoptium\jdk-21.0.4.7-hotspot\bin\zip.dll
Event: 0.235 Loaded shared library C:\Program Files\Eclipse Adoptium\jdk-21.0.4.7-hotspot\bin\jimage.dll
Event: 0.832 Loaded shared library C:\Program Files\Eclipse Adoptium\jdk-21.0.4.7-hotspot\bin\extnet.dll
Event: 1.626 Loaded shared library C:\Program Files\Eclipse Adoptium\jdk-21.0.4.7-hotspot\bin\sunmscapi.dll
Event: 3.871 Loaded shared library C:\Program Files\Eclipse Adoptium\jdk-21.0.4.7-hotspot\bin\management.dll
Event: 3.873 Loaded shared library C:\Program Files\Eclipse Adoptium\jdk-21.0.4.7-hotspot\bin\management_ext.dll
Event: 4.641 Loaded shared library C:\Program Files\Eclipse Adoptium\jdk-21.0.4.7-hotspot\bin\verify.dll
Event: 6.792 Loaded shared library C:\Users\bhaah\AppData\Local\Temp\jna-93699650\jna1980370997264960209.dll

Deoptimization events (20 events):
Event: 9.298 Thread 0x0000020b7c863160 Uncommon trap: trap_request=0xffffffde fr.pc=0x0000020b10854ca8 relative=0x0000000000000268
Event: 9.298 Thread 0x0000020b7c863160 Uncommon trap: reason=class_check action=maybe_recompile pc=0x0000020b10854ca8 method=sun.security.util.math.intpoly.IntegerPolynomial.multByInt([JJ)V @ 26 c2
Event: 9.298 Thread 0x0000020b7c863160 DEOPT PACKING pc=0x0000020b10854ca8 sp=0x0000001c54dfc330
Event: 9.298 Thread 0x0000020b7c863160 DEOPT UNPACKING pc=0x0000020b0fab46a2 sp=0x0000001c54dfc300 mode 2
Event: 9.298 Thread 0x0000020b7c863160 Uncommon trap: trap_request=0xffffffde fr.pc=0x0000020b10854ca8 relative=0x0000000000000268
Event: 9.298 Thread 0x0000020b7c863160 Uncommon trap: reason=class_check action=maybe_recompile pc=0x0000020b10854ca8 method=sun.security.util.math.intpoly.IntegerPolynomial.multByInt([JJ)V @ 26 c2
Event: 9.298 Thread 0x0000020b7c863160 DEOPT PACKING pc=0x0000020b10854ca8 sp=0x0000001c54dfc330
Event: 9.298 Thread 0x0000020b7c863160 DEOPT UNPACKING pc=0x0000020b0fab46a2 sp=0x0000001c54dfc300 mode 2
Event: 9.299 Thread 0x0000020b7c863160 Uncommon trap: trap_request=0xffffffde fr.pc=0x0000020b10854ca8 relative=0x0000000000000268
Event: 9.299 Thread 0x0000020b7c863160 Uncommon trap: reason=class_check action=maybe_recompile pc=0x0000020b10854ca8 method=sun.security.util.math.intpoly.IntegerPolynomial.multByInt([JJ)V @ 26 c2
Event: 9.299 Thread 0x0000020b7c863160 DEOPT PACKING pc=0x0000020b10854ca8 sp=0x0000001c54dfc330
Event: 9.299 Thread 0x0000020b7c863160 DEOPT UNPACKING pc=0x0000020b0fab46a2 sp=0x0000001c54dfc300 mode 2
Event: 9.299 Thread 0x0000020b7c863160 Uncommon trap: trap_request=0xffffffde fr.pc=0x0000020b10854ca8 relative=0x0000000000000268
Event: 9.299 Thread 0x0000020b7c863160 Uncommon trap: reason=class_check action=maybe_recompile pc=0x0000020b10854ca8 method=sun.security.util.math.intpoly.IntegerPolynomial.multByInt([JJ)V @ 26 c2
Event: 9.299 Thread 0x0000020b7c863160 DEOPT PACKING pc=0x0000020b10854ca8 sp=0x0000001c54dfc330
Event: 9.299 Thread 0x0000020b7c863160 DEOPT UNPACKING pc=0x0000020b0fab46a2 sp=0x0000001c54dfc300 mode 2
Event: 9.327 Thread 0x0000020b7c863160 Uncommon trap: trap_request=0xffffff66 fr.pc=0x0000020b108597f4 relative=0x0000000000000314
Event: 9.327 Thread 0x0000020b7c863160 Uncommon trap: reason=speculate_class_check action=maybe_recompile pc=0x0000020b108597f4 method=sun.security.util.math.intpoly.IntegerPolynomial.multByInt([JJ)V @ 26 c2
Event: 9.327 Thread 0x0000020b7c863160 DEOPT PACKING pc=0x0000020b108597f4 sp=0x0000001c54dfc6d0
Event: 9.327 Thread 0x0000020b7c863160 DEOPT UNPACKING pc=0x0000020b0fab46a2 sp=0x0000001c54dfc5b8 mode 2

Classes loaded (20 events):
Event: 9.340 Loading class com/sun/crypto/provider/GCM done
Event: 9.340 Loading class com/sun/crypto/provider/CounterMode
Event: 9.340 Loading class com/sun/crypto/provider/CounterMode done
Event: 9.340 Loading class com/sun/crypto/provider/GCTR done
Event: 9.340 Loading class com/sun/crypto/provider/GHASH
Event: 9.340 Loading class com/sun/crypto/provider/GHASH done
Event: 9.340 Loading class com/sun/crypto/provider/GaloisCounterMode$EncryptOp
Event: 9.340 Loading class com/sun/crypto/provider/GaloisCounterMode$GCMOperation
Event: 9.340 Loading class com/sun/crypto/provider/GaloisCounterMode$GCMOperation done
Event: 9.340 Loading class com/sun/crypto/provider/GaloisCounterMode$EncryptOp done
Event: 9.367 Loading class sun/security/ssl/SSLCipher$T12GcmReadCipherGenerator$GcmReadCipher
Event: 9.367 Loading class sun/security/ssl/SSLCipher$T12GcmReadCipherGenerator$GcmReadCipher done
Event: 9.367 Loading class com/sun/crypto/provider/GaloisCounterMode$GCMDecrypt
Event: 9.367 Loading class com/sun/crypto/provider/GaloisCounterMode$GCMDecrypt done
Event: 9.368 Loading class com/sun/crypto/provider/GaloisCounterMode$DecryptOp
Event: 9.368 Loading class com/sun/crypto/provider/GaloisCounterMode$DecryptOp done
Event: 9.368 Loading class jdk/internal/event/TLSHandshakeEvent
Event: 9.368 Loading class jdk/internal/event/TLSHandshakeEvent done
Event: 9.368 Loading class javax/net/ssl/SSLEngineResult$HandshakeStatus
Event: 9.368 Loading class javax/net/ssl/SSLEngineResult$HandshakeStatus done

Classes unloaded (0 events):
No events

Classes redefined (0 events):
No events

Internal exceptions (20 events):
Event: 6.930 Thread 0x0000020b7c863160 Exception <a 'java/lang/NoSuchMethodError'{0x00000007117541b8}: 'double java.lang.invoke.Invokers$Holder.invokeExact_MT(java.lang.Object, java.lang.Object, java.lang.Object)'> (0x00000007117541b8) 
thrown [s\src\hotspot\share\interpreter\linkResolver.cpp, line 773]
Event: 6.948 Thread 0x0000020b7c863160 Exception <a 'java/lang/UnsatisfiedLinkError'{0x000000071be9f6f0}: The specified procedure could not be found.
> (0x000000071be9f6f0) 
thrown [s\src\hotspot\share\prims\jni.cpp, line 539]
Event: 6.952 Thread 0x0000020b7c863160 Exception <a 'java/lang/UnsatisfiedLinkError'{0x000000071beb1d00}: The specified procedure could not be found.
> (0x000000071beb1d00) 
thrown [s\src\hotspot\share\prims\jni.cpp, line 539]
Event: 7.162 Thread 0x0000020b7c863160 Exception <a 'java/lang/UnsatisfiedLinkError'{0x000000071bd98bb0}: The specified procedure could not be found.
> (0x000000071bd98bb0) 
thrown [s\src\hotspot\share\prims\jni.cpp, line 539]
Event: 7.168 Thread 0x0000020b7c863160 Exception <a 'java/lang/UnsatisfiedLinkError'{0x000000071bddb820}: The specified procedure could not be found.
> (0x000000071bddb820) 
thrown [s\src\hotspot\share\prims\jni.cpp, line 539]
Event: 7.168 Thread 0x0000020b7c863160 Exception <a 'java/lang/UnsatisfiedLinkError'{0x000000071bddd5d8}: The specified procedure could not be found.
> (0x000000071bddd5d8) 
thrown [s\src\hotspot\share\prims\jni.cpp, line 539]
Event: 7.233 Thread 0x0000020b7c863160 Exception <a 'java/lang/UnsatisfiedLinkError'{0x000000071b8fc140}: The specified procedure could not be found.
> (0x000000071b8fc140) 
thrown [s\src\hotspot\share\prims\jni.cpp, line 539]
Event: 7.237 Thread 0x0000020b7c863160 Exception <a 'java/lang/UnsatisfiedLinkError'{0x000000071b922988}: The specified procedure could not be found.
> (0x000000071b922988) 
thrown [s\src\hotspot\share\prims\jni.cpp, line 539]
Event: 7.334 Thread 0x0000020b7c863160 Implicit null exception at 0x0000020b103d087c to 0x0000020b103d0934
Event: 7.416 Thread 0x0000020b7c863160 Exception <a 'java/lang/NoSuchMethodError'{0x000000071b0ada38}: 'java.lang.Object java.lang.invoke.DirectMethodHandle$Holder.invokeStatic(java.lang.Object, java.lang.Object, int, java.lang.Object)'> (0x000000071b0ada38) 
thrown [s\src\hotspot\share\interpreter\linkResolver.cpp, line 773]
Event: 7.417 Thread 0x0000020b7c863160 Exception <a 'java/lang/NoSuchMethodError'{0x000000071b0b4070}: 'java.lang.Object java.lang.invoke.DirectMethodHandle$Holder.newInvokeSpecial(java.lang.Object, java.lang.Object, int, java.lang.Object)'> (0x000000071b0b4070) 
thrown [s\src\hotspot\share\interpreter\linkResolver.cpp, line 773]
Event: 7.417 Thread 0x0000020b7c863160 Exception <a 'java/lang/NoSuchMethodError'{0x000000071b0b7cf0}: 'java.lang.Object java.lang.invoke.Invokers$Holder.linkToTargetMethod(java.lang.Object, int, java.lang.Object, java.lang.Object)'> (0x000000071b0b7cf0) 
thrown [s\src\hotspot\share\interpreter\linkResolver.cpp, line 773]
Event: 7.429 Thread 0x0000020b7c863160 Exception <a 'java/lang/IncompatibleClassChangeError'{0x000000071b12b2a8}: Found class java.lang.Object, but interface was expected> (0x000000071b12b2a8) 
thrown [s\src\hotspot\share\interpreter\linkResolver.cpp, line 840]
Event: 7.445 Thread 0x0000020b7c863160 Exception <a 'java/lang/IncompatibleClassChangeError'{0x000000071b189040}: Found class java.lang.Object, but interface was expected> (0x000000071b189040) 
thrown [s\src\hotspot\share\interpreter\linkResolver.cpp, line 840]
Event: 7.719 Thread 0x0000020b7c863160 Exception <a 'java/lang/NoSuchMethodError'{0x0000000716d48e48}: 'java.lang.Object java.lang.invoke.DirectMethodHandle$Holder.invokeStaticInit(java.lang.Object, java.lang.Object, java.lang.Object, java.lang.Object)'> (0x0000000716d48e48) 
thrown [s\src\hotspot\share\interpreter\linkResolver.cpp, line 773]
Event: 7.914 Thread 0x0000020b7c863160 Implicit null exception at 0x0000020b10711ff7 to 0x0000020b10712268
Event: 7.919 Thread 0x0000020b7c863160 Exception <a 'java/lang/NoSuchMethodError'{0x00000007157e9a80}: 'java.lang.Object java.lang.invoke.DirectMethodHandle$Holder.newInvokeSpecial(java.lang.Object, java.lang.Object, java.lang.Object, java.lang.Object, java.lang.Object, java.lang.Object, java.lang.Object, java.lang.Object, java.lang.Object, java.lang.Object, java.lang.Object)'> (0x00000007157e9a80) 
thrown [s\src\hotspot\share\interpreter\linkResolver.cpp, line 773]
Event: 8.111 Thread 0x0000020b7c863160 Exception <a 'java/lang/NoSuchMethodError'{0x000000071b7fbd00}: 'void java.lang.invoke.DelegatingMethodHandle$Holder.reinvoke_L(java.lang.Object, java.lang.Object, java.lang.Object, java.lang.Object, int, java.lang.Object, java.lang.Object, java.lang.Object)'> (0x000000071b7fbd00) 
thrown [s\src\hotspot\share\interpreter\linkResolver.cpp, line 773]
Event: 8.702 Thread 0x0000020b7c863160 Exception <a 'java/lang/NoSuchMethodError'{0x0000000719d686a0}: 'int java.lang.invoke.DirectMethodHandle$Holder.invokeStatic(java.lang.Object)'> (0x0000000719d686a0) 
thrown [s\src\hotspot\share\interpreter\linkResolver.cpp, line 773]
Event: 9.079 Thread 0x0000020b7c863160 Exception <a 'sun/nio/fs/WindowsException'{0x000000071909b788}> (0x000000071909b788) 
thrown [s\src\hotspot\share\prims\jni.cpp, line 520]

ZGC Phase Switch (0 events):
No events

VM Operations (20 events):
Event: 7.926 Executing VM operation: ICBufferFull
Event: 7.926 Executing VM operation: ICBufferFull done
Event: 8.024 Executing VM operation: G1CollectForAllocation (G1 Evacuation Pause)
Event: 8.030 Executing VM operation: G1CollectForAllocation (G1 Evacuation Pause) done
Event: 9.042 Executing VM operation: Cleanup
Event: 9.043 Executing VM operation: Cleanup done
Event: 9.081 Executing VM operation: HandshakeAllThreads (Deoptimize)
Event: 9.081 Executing VM operation: HandshakeAllThreads (Deoptimize) done
Event: 9.085 Executing VM operation: HandshakeAllThreads (Deoptimize)
Event: 9.085 Executing VM operation: HandshakeAllThreads (Deoptimize) done
Event: 9.109 Executing VM operation: HandshakeAllThreads (Deoptimize)
Event: 9.109 Executing VM operation: HandshakeAllThreads (Deoptimize) done
Event: 9.116 Executing VM operation: HandshakeAllThreads (Deoptimize)
Event: 9.117 Executing VM operation: HandshakeAllThreads (Deoptimize) done
Event: 9.126 Executing VM operation: HandshakeAllThreads (Deoptimize)
Event: 9.126 Executing VM operation: HandshakeAllThreads (Deoptimize) done
Event: 9.137 Executing VM operation: HandshakeAllThreads (Deoptimize)
Event: 9.137 Executing VM operation: HandshakeAllThreads (Deoptimize) done
Event: 10.146 Executing VM operation: Cleanup
Event: 10.146 Executing VM operation: Cleanup done

Memory protections (0 events):
No events

Nmethod flushes (20 events):
Event: 4.705 Thread 0x0000020b7e520350 flushing  nmethod 0x0000020b089fe090
Event: 4.705 Thread 0x0000020b7e520350 flushing  nmethod 0x0000020b08a0af90
Event: 4.705 Thread 0x0000020b7e520350 flushing  nmethod 0x0000020b08a23e90
Event: 4.705 Thread 0x0000020b7e520350 flushing  nmethod 0x0000020b08a3ef10
Event: 4.705 Thread 0x0000020b7e520350 flushing  nmethod 0x0000020b08a3f710
Event: 4.705 Thread 0x0000020b7e520350 flushing  nmethod 0x0000020b08a40710
Event: 4.705 Thread 0x0000020b7e520350 flushing  nmethod 0x0000020b08a41390
Event: 4.705 Thread 0x0000020b7e520350 flushing  nmethod 0x0000020b08a41c90
Event: 4.705 Thread 0x0000020b7e520350 flushing  nmethod 0x0000020b08a42a90
Event: 4.705 Thread 0x0000020b7e520350 flushing  nmethod 0x0000020b08a46f10
Event: 4.705 Thread 0x0000020b7e520350 flushing  nmethod 0x0000020b08a4f990
Event: 4.705 Thread 0x0000020b7e520350 flushing  nmethod 0x0000020b08a51690
Event: 4.705 Thread 0x0000020b7e520350 flushing  nmethod 0x0000020b08a71990
Event: 4.705 Thread 0x0000020b7e520350 flushing  nmethod 0x0000020b08a83810
Event: 4.705 Thread 0x0000020b7e520350 flushing  nmethod 0x0000020b08a86690
Event: 4.705 Thread 0x0000020b7e520350 flushing  nmethod 0x0000020b08aef210
Event: 4.705 Thread 0x0000020b7e520350 flushing  nmethod 0x0000020b08b4a290
Event: 4.705 Thread 0x0000020b7e520350 flushing  nmethod 0x0000020b08b4a610
Event: 4.705 Thread 0x0000020b7e520350 flushing  nmethod 0x0000020b08bdd110
Event: 4.705 Thread 0x0000020b7e520350 flushing  nmethod 0x0000020b08bf5890

Events (20 events):
Event: 7.310 Thread 0x0000020b1d51a820 Thread added: 0x0000020b6613c790
Event: 7.728 Thread 0x0000020b7c863160 Thread added: 0x0000020b63a99740
Event: 7.729 Thread 0x0000020b7c863160 Thread added: 0x0000020b63a99dd0
Event: 7.732 Thread 0x0000020b63a99dd0 Thread added: 0x0000020b63a97670
Event: 7.769 Thread 0x0000020b7c863160 Thread added: 0x0000020b63a9a460
Event: 7.770 Thread 0x0000020b63a9a460 Thread added: 0x0000020b63a9aaf0
Event: 7.779 Thread 0x0000020b7c863160 Thread added: 0x0000020b63a9b180
Event: 7.894 Thread 0x0000020b1d518ce0 Thread added: 0x0000020b6613d530
Event: 7.894 Thread 0x0000020b1d518ce0 Thread added: 0x0000020b1d5171a0
Event: 8.435 Thread 0x0000020b1d5171a0 Thread exited: 0x0000020b1d5171a0
Event: 8.435 Thread 0x0000020b6613d530 Thread exited: 0x0000020b6613d530
Event: 8.969 Thread 0x0000020b6613c790 Thread exited: 0x0000020b6613c790
Event: 9.041 Thread 0x0000020b6613e9a0 Thread exited: 0x0000020b6613e9a0
Event: 9.045 Thread 0x0000020b6613f070 Thread exited: 0x0000020b6613f070
Event: 9.045 Thread 0x0000020b6613fe10 Thread exited: 0x0000020b6613fe10
Event: 9.055 Thread 0x0000020b1d5193b0 Thread added: 0x0000020b1d517f40
Event: 9.130 Thread 0x0000020b1d517f40 Thread added: 0x0000020b1d517870
Event: 9.184 Thread 0x0000020b1d51a820 Thread added: 0x0000020b1d51a150
Event: 9.187 Thread 0x0000020b1d517870 Thread added: 0x0000020b6613fe10
Event: 9.190 Thread 0x0000020b1d51a820 Thread added: 0x0000020b6613c790


Dynamic libraries:
0x00007ff65b7e0000 - 0x00007ff65b7ee000 	C:\Program Files\Eclipse Adoptium\jdk-21.0.4.7-hotspot\bin\java.exe
0x00007ffebfda0000 - 0x00007ffec0005000 	C:\WINDOWS\SYSTEM32\ntdll.dll
0x00007ffebf170000 - 0x00007ffebf239000 	C:\WINDOWS\System32\KERNEL32.DLL
0x00007ffebcef0000 - 0x00007ffebd2d8000 	C:\WINDOWS\System32\KERNELBASE.dll
0x00007ffebd670000 - 0x00007ffebd7bb000 	C:\WINDOWS\System32\ucrtbase.dll
0x00007ffeba420000 - 0x00007ffeba438000 	C:\Program Files\Eclipse Adoptium\jdk-21.0.4.7-hotspot\bin\jli.dll
0x00007ffeaa780000 - 0x00007ffeaa79b000 	C:\Program Files\Eclipse Adoptium\jdk-21.0.4.7-hotspot\bin\VCRUNTIME140.dll
0x00007ffebec40000 - 0x00007ffebee0a000 	C:\WINDOWS\System32\USER32.dll
0x00007ffebd4c0000 - 0x00007ffebd4e7000 	C:\WINDOWS\System32\win32u.dll
0x00007ffea8b50000 - 0x00007ffea8dea000 	C:\WINDOWS\WinSxS\amd64_microsoft.windows.common-controls_6595b64144ccf1df_6.0.26100.4202_none_3e0698d4e335f517\COMCTL32.dll
0x00007ffebdc60000 - 0x00007ffebdc8b000 	C:\WINDOWS\System32\GDI32.dll
0x00007ffebdea0000 - 0x00007ffebdf49000 	C:\WINDOWS\System32\msvcrt.dll
0x00007ffebda00000 - 0x00007ffebdb37000 	C:\WINDOWS\System32\gdi32full.dll
0x00007ffebd2e0000 - 0x00007ffebd383000 	C:\WINDOWS\System32\msvcp_win.dll
0x00007ffebde60000 - 0x00007ffebde90000 	C:\WINDOWS\System32\IMM32.DLL
0x00007ffeb99e0000 - 0x00007ffeb99ec000 	C:\Program Files\Eclipse Adoptium\jdk-21.0.4.7-hotspot\bin\vcruntime140_1.dll
0x00007ffe96460000 - 0x00007ffe964ee000 	C:\Program Files\Eclipse Adoptium\jdk-21.0.4.7-hotspot\bin\msvcp140.dll
0x00007ffe2abd0000 - 0x00007ffe2b958000 	C:\Program Files\Eclipse Adoptium\jdk-21.0.4.7-hotspot\bin\server\jvm.dll
0x00007ffebf780000 - 0x00007ffebf833000 	C:\WINDOWS\System32\ADVAPI32.dll
0x00007ffebfa90000 - 0x00007ffebfb36000 	C:\WINDOWS\System32\sechost.dll
0x00007ffebdb40000 - 0x00007ffebdc55000 	C:\WINDOWS\System32\RPCRT4.dll
0x00007ffebee20000 - 0x00007ffebee94000 	C:\WINDOWS\System32\WS2_32.dll
0x00007ffebcd60000 - 0x00007ffebcdbe000 	C:\WINDOWS\SYSTEM32\POWRPROF.dll
0x00007ffeba710000 - 0x00007ffeba745000 	C:\WINDOWS\SYSTEM32\WINMM.dll
0x00007ffeb42f0000 - 0x00007ffeb42fb000 	C:\WINDOWS\SYSTEM32\VERSION.dll
0x00007ffebcd40000 - 0x00007ffebcd54000 	C:\WINDOWS\SYSTEM32\UMPDC.dll
0x00007ffebbc90000 - 0x00007ffebbcab000 	C:\WINDOWS\SYSTEM32\kernel.appcore.dll
0x00007ffeaad10000 - 0x00007ffeaad1a000 	C:\Program Files\Eclipse Adoptium\jdk-21.0.4.7-hotspot\bin\jimage.dll
0x00007ffeba4c0000 - 0x00007ffeba701000 	C:\WINDOWS\SYSTEM32\DBGHELP.DLL
0x00007ffebe8b0000 - 0x00007ffebec35000 	C:\WINDOWS\System32\combase.dll
0x00007ffebe6a0000 - 0x00007ffebe781000 	C:\WINDOWS\System32\OLEAUT32.dll
0x00007ffeba480000 - 0x00007ffeba4b9000 	C:\WINDOWS\SYSTEM32\dbgcore.DLL
0x00007ffebd390000 - 0x00007ffebd429000 	C:\WINDOWS\System32\bcryptPrimitives.dll
0x00007ffea2450000 - 0x00007ffea246f000 	C:\Program Files\Eclipse Adoptium\jdk-21.0.4.7-hotspot\bin\java.dll
0x00007ffebdf50000 - 0x00007ffebe692000 	C:\WINDOWS\System32\SHELL32.dll
0x00007ffebd7c0000 - 0x00007ffebd934000 	C:\WINDOWS\System32\wintypes.dll
0x00007ffebab10000 - 0x00007ffebb368000 	C:\WINDOWS\SYSTEM32\windows.storage.dll
0x00007ffebeef0000 - 0x00007ffebefe1000 	C:\WINDOWS\System32\SHCORE.dll
0x00007ffebf840000 - 0x00007ffebf8aa000 	C:\WINDOWS\System32\shlwapi.dll
0x00007ffebce00000 - 0x00007ffebce2f000 	C:\WINDOWS\SYSTEM32\profapi.dll
0x00007ffe8a5e0000 - 0x00007ffe8a6b7000 	C:\Program Files\Eclipse Adoptium\jdk-21.0.4.7-hotspot\bin\jsvml.dll
0x00007ffeaace0000 - 0x00007ffeaacf0000 	C:\Program Files\Eclipse Adoptium\jdk-21.0.4.7-hotspot\bin\net.dll
0x00007ffeb5a50000 - 0x00007ffeb5b6e000 	C:\WINDOWS\SYSTEM32\WINHTTP.dll
0x00007ffebc220000 - 0x00007ffebc28a000 	C:\WINDOWS\system32\mswsock.dll
0x00007ffe97280000 - 0x00007ffe97296000 	C:\Program Files\Eclipse Adoptium\jdk-21.0.4.7-hotspot\bin\nio.dll
0x00007ffe968c0000 - 0x00007ffe968d8000 	C:\Program Files\Eclipse Adoptium\jdk-21.0.4.7-hotspot\bin\zip.dll
0x00007ffeb5230000 - 0x00007ffeb5239000 	C:\Program Files\Eclipse Adoptium\jdk-21.0.4.7-hotspot\bin\extnet.dll
0x00007ffeb5220000 - 0x00007ffeb522e000 	C:\Program Files\Eclipse Adoptium\jdk-21.0.4.7-hotspot\bin\sunmscapi.dll
0x00007ffebd4f0000 - 0x00007ffebd667000 	C:\WINDOWS\System32\CRYPT32.dll
0x00007ffebc670000 - 0x00007ffebc6a0000 	C:\WINDOWS\SYSTEM32\ncrypt.dll
0x00007ffebc620000 - 0x00007ffebc65f000 	C:\WINDOWS\SYSTEM32\NTASN1.dll
0x00007ffebc4d0000 - 0x00007ffebc4eb000 	C:\WINDOWS\SYSTEM32\CRYPTSP.dll
0x00007ffebbbf0000 - 0x00007ffebbc2a000 	C:\WINDOWS\system32\rsaenh.dll
0x00007ffebc2c0000 - 0x00007ffebc2eb000 	C:\WINDOWS\SYSTEM32\USERENV.dll
0x00007ffebcdd0000 - 0x00007ffebcdf6000 	C:\WINDOWS\SYSTEM32\bcrypt.dll
0x00007ffebc4f0000 - 0x00007ffebc4fc000 	C:\WINDOWS\SYSTEM32\CRYPTBASE.dll
0x00007ffebb690000 - 0x00007ffebb6c3000 	C:\WINDOWS\SYSTEM32\IPHLPAPI.DLL
0x00007ffebe8a0000 - 0x00007ffebe8aa000 	C:\WINDOWS\System32\NSI.dll
0x00007ffe97980000 - 0x00007ffe9798a000 	C:\Program Files\Eclipse Adoptium\jdk-21.0.4.7-hotspot\bin\management.dll
0x00007ffe968b0000 - 0x00007ffe968bb000 	C:\Program Files\Eclipse Adoptium\jdk-21.0.4.7-hotspot\bin\management_ext.dll
0x00007ffebee10000 - 0x00007ffebee18000 	C:\WINDOWS\System32\PSAPI.DLL
0x00007ffe968a0000 - 0x00007ffe968b0000 	C:\Program Files\Eclipse Adoptium\jdk-21.0.4.7-hotspot\bin\verify.dll
0x00007ffe96410000 - 0x00007ffe96455000 	C:\Users\bhaah\AppData\Local\Temp\jna-93699650\jna1980370997264960209.dll
0x00007ffebdca0000 - 0x00007ffebde3e000 	C:\WINDOWS\System32\Ole32.dll
0x00007ffebf6d0000 - 0x00007ffebf778000 	C:\WINDOWS\System32\clbcatq.dll
0x00007ffead200000 - 0x00007ffead21d000 	C:\WINDOWS\SYSTEM32\amsi.dll
0x00007ffead060000 - 0x00007ffead0fb000 	C:\ProgramData\Microsoft\Windows Defender\Platform\4.18.25050.5-0\MpOav.dll
0x00007ffe8d9a0000 - 0x00007ffe8d9b8000 	C:\WINDOWS\system32\napinsp.dll
0x00007ffebb720000 - 0x00007ffebb847000 	C:\WINDOWS\SYSTEM32\DNSAPI.dll
0x00007ffe8d980000 - 0x00007ffe8d992000 	C:\WINDOWS\System32\winrnr.dll
0x00007ffe8d940000 - 0x00007ffe8d970000 	C:\WINDOWS\system32\nlansp_c.dll
0x00007ffeb5300000 - 0x00007ffeb5320000 	C:\WINDOWS\system32\wshbth.dll
0x00007ffeb5690000 - 0x00007ffeb569b000 	C:\Windows\System32\rasadhlp.dll
0x00007ffeb6420000 - 0x00007ffeb64a6000 	C:\WINDOWS\System32\fwpuclnt.dll

dbghelp: loaded successfully - version: 4.0.5 - missing functions: none
symbol engine: initialized successfully - sym options: 0x614 - pdb path: .;C:\Program Files\Eclipse Adoptium\jdk-21.0.4.7-hotspot\bin;C:\WINDOWS\SYSTEM32;C:\WINDOWS\WinSxS\amd64_microsoft.windows.common-controls_6595b64144ccf1df_6.0.26100.4202_none_3e0698d4e335f517;C:\Program Files\Eclipse Adoptium\jdk-21.0.4.7-hotspot\bin\server;C:\Users\bhaah\AppData\Local\Temp\jna-93699650;C:\ProgramData\Microsoft\Windows Defender\Platform\4.18.25050.5-0

VM Arguments:
jvm_args: -XX:+ShowCodeDetailsInExceptionMessages 
java_command: workshop.demo.DemoApplication
java_class_path (initial): C:\Users\bhaah\OneDrive\ \sdna-4\WorkShop\Backend\target\classes;C:\Users\bhaah\.m2\repository\org\springframework\boot\spring-boot-starter-security\3.4.4\spring-boot-starter-security-3.4.4.jar;C:\Users\bhaah\.m2\repository\org\springframework\spring-aop\6.2.5\spring-aop-6.2.5.jar;C:\Users\bhaah\.m2\repository\org\springframework\security\spring-security-config\6.4.4\spring-security-config-6.4.4.jar;C:\Users\bhaah\.m2\repository\org\springframework\security\spring-security-core\6.4.4\spring-security-core-6.4.4.jar;C:\Users\bhaah\.m2\repository\org\springframework\security\spring-security-crypto\6.4.4\spring-security-crypto-6.4.4.jar;C:\Users\bhaah\.m2\repository\org\springframework\security\spring-security-web\6.4.4\spring-security-web-6.4.4.jar;C:\Users\bhaah\.m2\repository\org\springframework\spring-expression\6.2.5\spring-expression-6.2.5.jar;C:\Users\bhaah\.m2\repository\org\springframework\boot\spring-boot-starter-web\3.4.4\spring-boot-starter-web-3.4.4.jar;C:\Users\bhaah\.m2\repository\org\springframework\boot\spring-boot-starter-json\3.4.4\spring-boot-starter-json-3.4.4.jar;C:\Users\bhaah\.m2\repository\com\fasterxml\jackson\datatype\jackson-datatype-jdk8\2.18.3\jackson-datatype-jdk8-2.18.3.jar;C:\Users\bhaah\.m2\repository\com\fasterxml\jackson\datatype\jackson-datatype-jsr310\2.18.3\jackson-datatype-jsr310-2.18.3.jar;C:\Users\bhaah\.m2\repository\com\fasterxml\jackson\module\jackson-module-parameter-names\2.18.3\jackson-module-parameter-names-2.18.3.jar;C:\Users\bhaah\.m2\repository\org\springframework\boot\spring-boot-starter-tomcat\3.4.4\spring-boot-starter-tomcat-3.4.4.jar;C:\Users\bhaah\.m2\repository\org\apache\tomcat\embed\tomcat-embed-core\10.1.39\tomcat-embed-core-10.1.39.jar;C:\Users\bhaah\.m2\repository\org\apache\tomcat\embed\tomcat-embed-el\10.1.39\tomcat-embed-el-10.1.39.jar;C:\Users\bhaah\.m2\repository\org\apache\tomcat\embed\tomcat-embed-websocket\10.1.39\tomcat-embed-websocket-10.1.39.jar;C:\Users\bhaah\.m2\repository\org\springframework\spring-web\6.2.5\spring-web-6.2.5.jar;C:\Users\bhaah\.m2\repository\io\micrometer\micrometer-observation\1.14.5\micrometer-observation-1.14.5.jar;C:\Users\bhaah\.m2\repository\io\micrometer\micrometer-commons\1.14.5\micrometer-commons-1.14.5.jar;C:\Users\bhaah\.m2\repository\org\springframework\spring-webmvc\6.2.5\spring-webmvc-6.2.5.jar;C:\Users\bhaah\.m2\repository\io\jsonwebtoken\jjwt-api\0.11.5\jjwt-api-0.11.5.jar;C:\Users\bhaah\.m2\repository\io\jsonwebtoken\jjwt-impl\0.11.5\jjwt-impl-0.11.5.jar;C:\Users\bhaah\.m2\repository\io\jsonwebtoken\jjwt-jackson\0.11.5\jjwt-jackson-0.11.5.jar;C:\Users\bhaah\.m2\repository\com\fasterxml\jackson\core\jackson-databind\2.18.3\jackson-databind-2.18.3.jar;C:\Users\bhaah\.m2\repository\com\fasterxml\jackson\core\jackson-annotations\2.18.3\jackson-annotations-2.18.3.jar;C:\Users\bhaah\.m2\repository\com\fasterxml\jackson\core\jackson-core\2.18.3\jackson-core-2.18.3.jar;C:\Users\bhaah\.m2\repository\org\springframework\boot\spring-boot-starter\3.4.4\spring-boot-starter-3.4.4.jar;C:\Users\bhaah\.m2\repository\org\springframework\boot\spring-boot\3.4.4\spring-boot-3.4.4.jar;C:\Users\bhaah\.m2\repository\org\springframework\boot\spring-boot-autoconfigure\3.4.4\spring-boot-autoconfigure-3.4.4.jar;C:\Users\bhaah\.m2\repository\org\springframework\boot\spring-boot-starter-logging\3.4.4\spring-boot-starter-logging-3.4.4.jar;C:\Users\bhaah\.m2\repository\ch\qos\logback\logback-classic\1.5.18\logback-classic-1.5.18.jar;C:\Users\bhaah\.m2\repository\ch\qos\logback\logback-core\1.5.18\logback-core-1.5.18.jar;C:\Users\bhaah\.m2\repository\org\apache\logging\log4j\log4j-to-slf4j\2.24.3\log4j-to-slf4j-2.24.3.jar;C:\Users\bhaah\.m2\repository\org\apache\logging\log4j\log4j-api\2.24.3\log4j-api-2.24.3.jar;C:\Users\bhaah\.m2\repository\org\slf4j\jul-to-slf4j\2.0.17\jul-to-slf4j-2.0.17.jar;C:\Users\bhaah\.m2\repository\jakarta\annotation\jakarta.annotation-api\2.1.1\jakarta.annotation-api-2.1.1.jar;C:\Users\bhaah\.m2\repository\org\springframework\spring-core\6.2.5\spring-core-6.2.5.jar;C:\Users\bhaah\.m2\repository\org\springframework\spring-jcl\6.2.5\spring-jcl-6.2.5.jar;C:\Users\bhaah\.m2\repository\org\yaml\snakeyaml\2.3\snakeyaml-2.3.jar;C:\Users\bhaah\.m2\repository\org\slf4j\slf4j-api\2.0.17\slf4j-api-2.0.17.jar;C:\Users\bhaah\.m2\repository\jakarta\xml\bind\jakarta.xml.bind-api\4.0.2\jakarta.xml.bind-api-4.0.2.jar;C:\Users\bhaah\.m2\repository\jakarta\activation\jakarta.activation-api\2.1.3\jakarta.activation-api-2.1.3.jar;C:\Users\bhaah\.m2\repository\org\ow2\asm\asm\9.7.1\asm-9.7.1.jar;C:\Users\bhaah\.m2\repository\net\bytebuddy\byte-buddy\1.15.11\byte-buddy-1.15.11.jar;C:\Users\bhaah\.m2\repository\org\springframework\spring-websocket\6.2.5\spring-websocket-6.2.5.jar;C:\Users\bhaah\.m2\repository\org\springframework\spring-context\6.2.5\spring-context-6.2.5.jar;C:\Users\bhaah\.m2\repository\org\springframework\spring-messaging\6.2.5\spring-messaging-6.2.5.jar;C:\Users\bhaah\.m2\repository\org\springframework\spring-beans\6.2.5\spring-beans-6.2.5.jar;C:\Users\bhaah\.m2\repository\org\json\json\20230227\json-20230227.jar;C:\Users\bhaah\.m2\repository\org\apache\commons\commons-lang3\3.17.0\commons-lang3-3.17.0.jar;C:\Users\bhaah\.m2\repository\com\vaadin\vaadin-spring-boot-starter\24.3.9\vaadin-spring-boot-starter-24.3.9.jar;C:\Users\bhaah\.m2\repository\com\vaadin\vaadin-spring\24.3.8\vaadin-spring-24.3.8.jar;C:\Users\bhaah\.m2\repository\com\vaadin\flow-server\24.3.8\flow-server-24.3.8.jar;C:\Users\bhaah\.m2\repository\com\vaadin\servletdetector\throw-if-servlet3\1.0.2\throw-if-servlet3-1.0.2.jar;C:\Users\bhaah\.m2\repository\org\apache\commons\commons-fileupload2-jakarta\2.0.0-M1\commons-fileupload2-jakarta-2.0.0-M1.jar;C:\Users\bhaah\.m2\repository\org\apache\commons\commons-fileupload2-core\2.0.0-M1\commons-fileupload2-core-2.0.0-M1.jar;C:\Users\bhaah\.m2\repository\commons-io\commons-io\2.15.0\commons-io-2.15.0.jar;C:\Users\bhaah\.m2\repository\org\jsoup\jsoup\1.17.2\jsoup-1.17.2.jar;C:\Users\bhaah\.m2\repository\com\helger\ph-css\7.0.1\ph-css-7.0.1.jar;C:\Users\bhaah\.m2\repository\com\helger\commons\ph-commons\11.1.0\ph-commons-11.1.0.jar;C:\Users\bhaah\.m2\repository\com\vaadin\external\gentyref\1.2.0.vaadin1\gentyref-1.2.0.vaadin1.jar;C:\Users\bhaah\.m2\repository\org\apache\commons\commons-compress\1.26.1\commons-compress-1.26.1.jar;C:\Users\bhaah\.m2\repository\commons-codec\commons-codec\1.17.2\commons-codec-1.17.2.jar;C:\Users\bhaah\.m2\repository\com\vaadin\flow-push\24.3.8\flow-push-24.3.8.jar;C:\Users\bhaah\.m2\repository\com\vaadin\external\atmosphere\atmosphere-runtime\3.0.4.slf4jvaadin1\atmosphere-runtime-3.0.4.slf4jvaadin1.jar;C:\Users\bhaah\.m2\repository\com\vaadin\flow-client\24.3.8\flow-client-24.3.8.jar;C:\Users\bhaah\.m2\repository\org\hibernate\validator\hibernate-validator\8.0.2.Final\hibernate-validator-8.0.2.Final.jar;C:\Users\bhaah\.m2\repository\jakarta\validation\jakarta.validation-api\3.0.2\jakarta.validation-api-3.0.2.jar;C:\Users\bhaah\.m2\repository\org\reflections\reflections\0.10.2\reflections-0.10.2.jar;C:\Users\bhaah\.m2\repository\org\javassist\javassist\3.28.0-GA\javassist-3.28.0-GA.jar;C:\Users\bhaah\.m2\repository\com\google\code\findbugs\jsr305\3.0.2\jsr305-3.0.2.jar;C:\Users\bhaah\.m2\repository\com\vaadin\vaadin-core\24.3.9\vaadin-core-24.3.9.jar;C:\Users\bhaah\.m2\repository\com\vaadin\vaadin-core-internal\24.3.9\vaadin-core-internal-24.3.9.jar;C:\Users\bhaah\.m2\repository\com\vaadin\flow-lit-template\24.3.8\flow-lit-template-24.3.8.jar;C:\Users\bhaah\.m2\repository\com\vaadin\flow-html-components\24.3.8\flow-html-components-24.3.8.jar;C:\Users\bhaah\.m2\repository\com\vaadin\flow-data\24.3.8\flow-data-24.3.8.jar;C:\Users\bhaah\.m2\repository\com\vaadin\flow-dnd\24.3.8\flow-dnd-24.3.8.jar;C:\Users\bhaah\.m2\repository\com\vaadin\vaadin-lumo-theme\24.3.9\vaadin-lumo-theme-24.3.9.jar;C:\Users\bhaah\.m2\repository\com\vaadin\vaadin-material-theme\24.3.9\vaadin-material-theme-24.3.9.jar;C:\Users\bhaah\.m2\repository\com\vaadin\vaadin-accordion-flow\24.3.9\vaadin-accordion-flow-24.3.9.jar;C:\Users\bhaah\.m2\repository\com\vaadin\vaadin-avatar-flow\24.3.9\vaadin-avatar-flow-24.3.9.jar;C:\Users\bhaah\.m2\repository\com\vaadin\vaadin-flow-components-base\24.3.9\vaadin-flow-components-base-24.3.9.jar;C:\Users\bhaah\.m2\repository\com\vaadin\vaadin-button-flow\24.3.9\vaadin-button-flow-24.3.9.jar;C:\Users\bhaah\.m2\repository\com\vaadin\vaadin-checkbox-flow\24.3.9\vaadin-checkbox-flow-24.3.9.jar;C:\Users\bhaah\.m2\repository\com\vaadin\vaadin-combo-box-flow\24.3.9\vaadin-combo-box-flow-24.3.9.jar;C:\Users\bhaah\.m2\repository\com\vaadin\vaadin-confirm-dialog-flow\24.3.9\vaadin-confirm-dialog-flow-24.3.9.jar;C:\Users\bhaah\.m2\repository\com\vaadin\vaadin-custom-field-flow\24.3.9\vaadin-custom-field-flow-24.3.9.jar;C:\Users\bhaah\.m2\repository\com\vaadin\vaadin-date-picker-flow\24.3.9\vaadin-date-picker-flow-24.3.9.jar;C:\Users\bhaah\.m2\repository\com\vaadin\vaadin-date-time-picker-flow\24.3.9\vaadin-date-time-picker-flow-24.3.9.jar;C:\Users\bhaah\.m2\repository\com\vaadin\vaadin-details-flow\24.3.9\vaadin-details-flow-24.3.9.jar;C:\Users\bhaah\.m2\repository\com\vaadin\vaadin-time-picker-flow\24.3.9\vaadin-time-picker-flow-24.3.9.jar;C:\Users\bhaah\.m2\repository\com\vaadin\vaadin-select-flow\24.3.9\vaadin-select-flow-24.3.9.jar;C:\Users\bhaah\.m2\repository\com\vaadin\vaadin-side-nav-flow\24.3.9\vaadin-side-nav-flow-24.3.9.jar;C:\Users\bhaah\.m2\repository\com\vaadin\vaadin-dialog-flow\24.3.9\vaadin-dialog-flow-24.3.9.jar;C:\Users\bhaah\.m2\repository\com\vaadin\vaadin-form-layout-flow\24.3.9\vaadin-form-layout-flow-24.3.9.jar;C:\Users\bhaah\.m2\repository\com\vaadin\vaadin-field-highlighter-flow\24.3.9\vaadin-field-highlighter-flow-24.3.9.jar;C:\Users\bhaah\.m2\repository\com\vaadin\vaadin-grid-flow\24.3.9\vaadin-grid-flow-24.3.9.jar;C:\Users\bhaah\.m2\repository\com\vaadin\vaadin-icons-flow\24.3.9\vaadin-icons-flow-24.3.9.jar;C:\Users\bhaah\.m2\repository\com\vaadin\vaadin-virtual-list-flow\24.3.9\vaadin-virtual-list-flow-24.3.9.jar;C:\Users\bhaah\.m2\repository\com\vaadin\vaadin-list-box-flow\24.3.9\vaadin-list-box-flow-24.3.9.jar;C:\Users\bhaah\.m2\repository\com\vaadin\vaadin-login-flow\24.3.9\vaadin-login-flow-24.3.9.jar;C:\Users\bhaah\.m2\repository\com\vaadin\vaadin-messages-flow\24.3.9\vaadin-messages-flow-24.3.9.jar;C:\Users\bhaah\.m2\repository\com\vaadin\vaadin-ordered-layout-flow\24.3.9\vaadin-ordered-layout-flow-24.3.9.jar;C:\Users\bhaah\.m2\repository\com\vaadin\vaadin-progress-bar-flow\24.3.9\vaadin-progress-bar-flow-24.3.9.jar;C:\Users\bhaah\.m2\repository\com\vaadin\vaadin-radio-button-flow\24.3.9\vaadin-radio-button-flow-24.3.9.jar;C:\Users\bhaah\.m2\repository\com\vaadin\vaadin-renderer-flow\24.3.9\vaadin-renderer-flow-24.3.9.jar;C:\Users\bhaah\.m2\repository\com\vaadin\vaadin-split-layout-flow\24.3.9\vaadin-split-layout-flow-24.3.9.jar;C:\Users\bhaah\.m2\repository\com\vaadin\vaadin-tabs-flow\24.3.9\vaadin-tabs-flow-24.3.9.jar;C:\Users\bhaah\.m2\repository\com\vaadin\vaadin-text-field-flow\24.3.9\vaadin-text-field-flow-24.3.9.jar;C:\Users\bhaah\.m2\repository\com\vaadin\vaadin-upload-flow\24.3.9\vaadin-upload-flow-24.3.9.jar;C:\Users\bhaah\.m2\repository\com\vaadin\vaadin-notification-flow\24.3.9\vaadin-notification-flow-24.3.9.jar;C:\Users\bhaah\.m2\repository\com\vaadin\vaadin-app-layout-flow\24.3.9\vaadin-app-layout-flow-24.3.9.jar;C:\Users\bhaah\.m2\repository\com\vaadin\vaadin-context-menu-flow\24.3.9\vaadin-context-menu-flow-24.3.9.jar;C:\Users\bhaah\.m2\repository\com\vaadin\vaadin-menu-bar-flow\24.3.9\vaadin-menu-bar-flow-24.3.9.jar;C:\Users\bhaah\.m2\repository\com\vaadin\vaadin-dev\24.3.9\vaadin-dev-24.3.9.jar;C:\Users\bhaah\.m2\repository\com\vaadin\vaadin-dev-server\24.3.8\vaadin-dev-server-24.3.8.jar;C:\Users\bhaah\.m2\repository\com\vaadin\license-checker\1.12.8\license-checker-1.12.8.jar;C:\Users\bhaah\.m2\repository\com\github\oshi\oshi-core\6.4.10\oshi-core-6.4.10.jar;C:\Users\bhaah\.m2\repository\net\java\dev\jna\jna\5.14.0\jna-5.14.0.jar;C:\Users\bhaah\.m2\repository\net\java\dev\jna\jna-platform\5.14.0\jna-platform-5.14.0.jar;C:\Users\bhaah\.m2\repository\com\nimbusds\nimbus-jose-jwt\9.37.3\nimbus-jose-jwt-9.37.3.jar;C:\Users\bhaah\.m2\repository\org\lucee\jcip-annotations\1.0.0\jcip-annotations-1.0.0.jar;C:\Users\bhaah\.m2\repository\com\vaadin\open\8.5.0\open-8.5.0.jar;C:\Users\bhaah\.m2\repository\com\github\javaparser\javaparser-core\3.25.6\javaparser-core-3.25.6.jar;C:\Users\bhaah\.m2\repository\io\methvin\directory-watcher\0.18.0\directory-watcher-0.18.0.jar;C:\Users\bhaah\.m2\repository\com\vaadin\vaadin-dev-bundle\24.3.9\vaadin-dev-bundle-24.3.9.jar;C:\Users\bhaah\.m2\repository\com\vaadin\external\gwt\gwt-elemental\2.8.2.vaadin2\gwt-elemental-2.8.2.vaadin2.jar;C:\Users\bhaah\.m2\repository\com\microsoft\sqlserver\mssql-jdbc\12.8.1.jre11\mssql-jdbc-12.8.1.jre11.jar;C:\Users\bhaah\.m2\repository\org\springframework\boot\spring-boot-starter-data-jpa\3.4.4\spring-boot-starter-data-jpa-3.4.4.jar;C:\Users\bhaah\.m2\repository\org\springframework\boot\spring-boot-starter-jdbc\3.4.4\spring-boot-starter-jdbc-3.4.4.jar;C:\Users\bhaah\.m2\repository\com\zaxxer\HikariCP\5.1.0\HikariCP-5.1.0.jar;C:\Users\bhaah\.m2\repository\org\springframework\spring-jdbc\6.2.5\spring-jdbc-6.2.5.jar;C:\Users\bhaah\.m2\repository\org\hibernate\orm\hibernate-core\6.6.11.Final\hibernate-core-6.6.11.Final.jar;C:\Users\bhaah\.m2\repository\jakarta\persistence\jakarta.persistence-api\3.1.0\jakarta.persistence-api-3.1.0.jar;C:\Users\bhaah\.m2\repository\jakarta\transaction\jakarta.transaction-api\2.0.1\jakarta.transaction-api-2.0.1.jar;C:\Users\bhaah\.m2\repository\org\jboss\logging\jboss-logging\3.6.1.Final\jboss-logging-3.6.1.Final.jar;C:\Users\bhaah\.m2\repository\org\hibernate\common\hibernate-commons-annotations\7.0.3.Final\hibernate-commons-annotations-7.0.3.Final.jar;C:\Users\bhaah\.m2\repository\io\smallrye\jandex\3.2.0\jandex-3.2.0.jar;C:\Users\bhaah\.m2\repository\com\fasterxml\classmate\1.7.0\classmate-1.7.0.jar;C:\Users\bhaah\.m2\repository\org\glassfish\jaxb\jaxb-runtime\4.0.5\jaxb-runtime-4.0.5.jar;C:\Users\bhaah\.m2\repository\org\glassfish\jaxb\jaxb-core\4.0.5\jaxb-core-4.0.5.jar;C:\Users\bhaah\.m2\repository\org\eclipse\angus\angus-activation\2.0.2\angus-activation-2.0.2.jar;C:\Users\bhaah\.m2\repository\org\glassfish\jaxb\txw2\4.0.5\txw2-4.0.5.jar;C:\Users\bhaah\.m2\repository\com\sun\istack\istack-commons-runtime\4.1.2\istack-commons-runtime-4.1.2.jar;C:\Users\bhaah\.m2\repository\jakarta\inject\jakarta.inject-api\2.0.1\jakarta.inject-api-2.0.1.jar;C:\Users\bhaah\.m2\repository\org\antlr\antlr4-runtime\4.13.0\antlr4-runtime-4.13.0.jar;C:\Users\bhaah\.m2\repository\org\springframework\data\spring-data-jpa\3.4.4\spring-data-jpa-3.4.4.jar;C:\Users\bhaah\.m2\repository\org\springframework\data\spring-data-commons\3.4.4\spring-data-commons-3.4.4.jar;C:\Users\bhaah\.m2\repository\org\springframework\spring-orm\6.2.5\spring-orm-6.2.5.jar;C:\Users\bhaah\.m2\repository\org\springframework\spring-tx\6.2.5\spring-tx-6.2.5.jar;C:\Users\bhaah\.m2\repository\org\springframework\spring-aspects\6.2.5\spring-aspects-6.2.5.jar;C:\Users\bhaah\.m2\repository\org\aspectj\aspectjweaver\1.9.23\aspectjweaver-1.9.23.jar
Launcher Type: SUN_STANDARD

[Global flags]
     intx CICompilerCount                          = 12                                        {product} {ergonomic}
     uint ConcGCThreads                            = 3                                         {product} {ergonomic}
     uint G1ConcRefinementThreads                  = 13                                        {product} {ergonomic}
   size_t G1HeapRegionSize                         = 2097152                                   {product} {ergonomic}
    uintx GCDrainStackTargetSize                   = 64                                        {product} {ergonomic}
   size_t InitialHeapSize                          = 260046848                                 {product} {ergonomic}
   size_t MarkStackSize                            = 4194304                                   {product} {ergonomic}
   size_t MaxHeapSize                              = 4135583744                                {product} {ergonomic}
   size_t MaxNewSize                               = 2480930816                                {product} {ergonomic}
   size_t MinHeapDeltaBytes                        = 2097152                                   {product} {ergonomic}
   size_t MinHeapSize                              = 8388608                                   {product} {ergonomic}
    uintx NonNMethodCodeHeapSize                   = 7602480                                {pd product} {ergonomic}
    uintx NonProfiledCodeHeapSize                  = 122027880                              {pd product} {ergonomic}
    uintx ProfiledCodeHeapSize                     = 122027880                              {pd product} {ergonomic}
    uintx ReservedCodeCacheSize                    = 251658240                              {pd product} {ergonomic}
     bool SegmentedCodeCache                       = true                                      {product} {ergonomic}
     bool ShowCodeDetailsInExceptionMessages       = true                                   {manageable} {command line}
   size_t SoftMaxHeapSize                          = 4135583744                             {manageable} {ergonomic}
     bool UseCompressedOops                        = true                           {product lp64_product} {ergonomic}
     bool UseG1GC                                  = true                                      {product} {ergonomic}
     bool UseLargePagesIndividualAllocation        = false                                  {pd product} {ergonomic}

Logging:
Log output configuration:
 #0: stdout all=warning uptime,level,tags foldmultilines=false
 #1: stderr all=off uptime,level,tags foldmultilines=false

Environment Variables:
JAVA_HOME=C:\Users\bhaah\Downloads\jdk-18.0.2.1_windows-x64_bin.exe
PATH=c:\Users\bhaah\.vscode\extensions\ms-python.python-2025.8.0-win32-x64\python_files\deactivate\powershell;C:\Users\bhaah\OneDrive\ \sdna-4\WorkShop\venv\Scripts;c:\Users\bhaah\.vscode\extensions\ms-python.python-2025.8.0-win32-x64\python_files\deactivate\powershell;C:\Users\bhaah\OneDrive\ \sdna-4\WorkShop\venv\Scripts;C:\Program Files (x86)\Microsoft SDKs\Azure\CLI2\wbin;C:\Program Files\Eclipse Adoptium\jdk-21.0.4.7-hotspot\bin;C:\Program Files\Common Files\Oracle\Java\javapath;C:\Windows\system32;C:\Windows;C:\Windows\System32\Wbem;C:\Windows\System32\WindowsPowerShell\v1.0\;C:\Windows\System32\OpenSSH\;C:\Program Files (x86)\NVIDIA Corporation\PhysX\Common;C:\Program Files\NVIDIA Corporation\NVIDIA NvDLISR;C:\WINDOWS\system32;C:\WINDOWS;C:\WINDOWS\System32\Wbem;C:\WINDOWS\System32\WindowsPowerShell\v1.0\;C:\WINDOWS\System32\OpenSSH\;C:\Program Files\dotnet\;C:\Program Files\Git\cmd;C:\Program Files\nodejs\;C:\Program Files\Microsoft SQL Server\150\Tools\Binn\;C:\Program Files\Microsoft SQL Server\Client SDK\ODBC\170\Tools\Binn\;C:\Program Files\Docker\Docker\resources\bin;C:\Users\bhaah\Downloads\jdk-18.0.2.1_windows-x64_bin.exe;C:\Users\bhaah\AppData\Local\Microsoft\WindowsApps;C:\Users\bhaah\.dotnet\tools;C:\Users\bhaah\AppData\Local\gitkraken\bin;C:\Users\bhaah\AppData\Local\GitHubDesktop\bin;C:\Users\bhaah\AppData\Roaming\npm;C:\Users\bhaah\AppData\Local\Programs\Microsoft VS Code\bin;C:\Users\bhaah\AppData\Local\Microsoft\WinGet\Packages\Schniz.fnm_Microsoft.Winget.Source_8wekyb3d8bbwe;C:\Users\bhaah\.dotnet\tools;C:\Program Files\Apache\Maven;;C:\Users\bhaah\AppData\Local\Programs\Azure Data Studio\bin;C:\Users\bhaah\AppData\Local\Microsoft\WindowsApps
USERNAME=bhaah
LANG=en_US.UTF-8
OS=Windows_NT
PROCESSOR_IDENTIFIER=AMD64 Family 25 Model 80 Stepping 0, AuthenticAMD
TMP=C:\Users\bhaah\AppData\Local\Temp
TEMP=C:\Users\bhaah\AppData\Local\Temp




Periodic native trim disabled

---------------  S Y S T E M  ---------------

OS:
 Windows 11 , 64 bit Build 26100 (10.0.26100.4202)
OS uptime: 8 days 11:12 hours
Hyper-V role detected

CPU: total 16 (initial active 16) (16 cores per cpu, 2 threads per core) family 25 model 80 stepping 0 microcode 0xa50000c, cx8, cmov, fxsr, ht, mmx, 3dnowpref, sse, sse2, sse3, ssse3, sse4a, sse4.1, sse4.2, popcnt, lzcnt, tsc, tscinvbit, avx, avx2, aes, erms, clmul, bmi1, bmi2, adx, sha, fma, vzeroupper, clflush, clflushopt, hv, rdtscp, rdpid, fsrm, f16c, cet_ss
Processor Information for all 16 processors :
  Max Mhz: 3201, Current Mhz: 3201, Mhz Limit: 3201

Memory: 4k page, system-wide physical 15775M (2789M free)
TotalPageFile size 64927M (AvailPageFile size 177M)
current process WorkingSet (physical memory assigned to process): 486M, peak: 553M
current process commit charge ("private bytes"): 538M, peak: 601M

vm_info: OpenJDK 64-Bit Server VM (21.0.4+7-LTS) for windows-amd64 JRE (21.0.4+7-LTS), built on 2024-07-16T00:00:00Z by "admin" with MS VC++ 17.7 (VS2022)

END.
