#
# There is insufficient memory for the Java Runtime Environment to continue.
# Native memory allocation (malloc) failed to allocate 1340496 bytes. Error detail: Chunk::new
# Possible reasons:
#   The system is out of physical RAM or swap space
#   This process is running with CompressedOops enabled, and the Java Heap may be blocking the growth of the native heap
# Possible solutions:
#   Reduce memory load on the system
#   Increase physical memory or swap space
#   Check if swap backing store is full
#   Decrease Java heap size (-Xmx/-Xms)
#   Decrease number of Java threads
#   Decrease Java thread stack sizes (-Xss)
#   Set larger code cache with -XX:ReservedCodeCacheSize=
#   JVM is running with Unscaled Compressed Oops mode in which the Java heap is
#     placed in the first 4GB address space. The Java Heap base address is the
#     maximum limit for the native heap growth. Please use -XX:HeapBaseMinAddress
#     to set the Java Heap base and to place the Java Heap above 4GB virtual address.
# This output file may be truncated or incomplete.
#
#  Out of Memory Error (arena.cpp:168), pid=24768, tid=16024
#
# JRE version: OpenJDK Runtime Environment Temurin-21.0.7+6 (21.0.7+6) (build 21.0.7+6-LTS)
# Java VM: OpenJDK 64-Bit Server VM Temurin-21.0.7+6 (21.0.7+6-LTS, mixed mode, sharing, tiered, compressed oops, compressed class ptrs, parallel gc, windows-amd64)
# No core dump will be written. Minidumps are not enabled by default on client versions of Windows
#

---------------  S U M M A R Y ------------

Command Line: --add-modules=ALL-SYSTEM --add-opens=java.base/java.util=ALL-UNNAMED --add-opens=java.base/java.lang=ALL-UNNAMED --add-opens=java.base/sun.nio.fs=ALL-UNNAMED -Declipse.application=org.eclipse.jdt.ls.core.id1 -Dosgi.bundles.defaultStartLevel=4 -Declipse.product=org.eclipse.jdt.ls.core.product -Djava.import.generatesMetadataFilesAtProjectRoot=false -DDetectVMInstallationsJob.disabled=true -Dfile.encoding=utf8 -XX:+UseParallelGC -XX:GCTimeRatio=4 -XX:AdaptiveSizePolicyWeight=90 -Dsun.zip.disableMemoryMapping=true -Xmx2G -Xms100m -Xlog:disable -javaagent:c:\Users\bhaah\.vscode\extensions\redhat.java-1.43.0-win32-x64\lombok\lombok-1.18.39-4050.jar -XX:+HeapDumpOnOutOfMemoryError -XX:HeapDumpPath=c:\Users\bhaah\AppData\Roaming\Code\User\workspaceStorage\75d33d689fd5cbe0b77c0b6ea9c27db4\redhat.java -Daether.dependencyCollector.impl=bf c:\Users\bhaah\.vscode\extensions\redhat.java-1.43.0-win32-x64\server\plugins\org.eclipse.equinox.launcher_1.7.0.v20250519-0528.jar -configuration c:\Users\bhaah\AppData\Roaming\Code\User\globalStorage\redhat.java\1.43.0\config_win -data c:\Users\bhaah\AppData\Roaming\Code\User\workspaceStorage\75d33d689fd5cbe0b77c0b6ea9c27db4\redhat.java\jdt_ws --pipe=\\.\pipe\lsp-6fe2ff0b1d4ef78cb25061398338d0b5-sock

Host: AMD Ryzen 7 5800HS with Radeon Graphics         , 16 cores, 15G,  Windows 11 , 64 bit Build 26100 (10.0.26100.4202)
Time: Sun Jun 29 20:13:35 2025 Jerusalem Daylight Time elapsed time: 128.735776 seconds (0d 0h 2m 8s)

---------------  T H R E A D  ---------------

Current thread (0x000001c429dffd80):  JavaThread "C2 CompilerThread5" daemon [_thread_in_native, id=16024, stack(0x0000000ce7c00000,0x0000000ce7d00000) (1024K)]


Current CompileTask:
C2:128735 23853       4       lombok.eclipse.EclipseAST::buildTypes (53 bytes)

Stack: [0x0000000ce7c00000,0x0000000ce7d00000]
Native frames: (J=compiled Java code, j=interpreted, Vv=VM code, C=native code)
V  [jvm.dll+0x6ce119]
V  [jvm.dll+0x8a84a1]
V  [jvm.dll+0x8aa9ce]
V  [jvm.dll+0x8ab0b3]
V  [jvm.dll+0x27f8a6]
V  [jvm.dll+0xc507d]
V  [jvm.dll+0xc55b3]
V  [jvm.dll+0x2f2c6d]
V  [jvm.dll+0x5f6bca]
V  [jvm.dll+0x250cb2]
V  [jvm.dll+0x24975f]
V  [jvm.dll+0x246fc4]
V  [jvm.dll+0x1c760e]
V  [jvm.dll+0x25695a]
V  [jvm.dll+0x254efa]
V  [jvm.dll+0x3f03f6]
V  [jvm.dll+0x851f6b]
V  [jvm.dll+0x6cc7dd]
C  [ucrtbase.dll+0x37b0]
C  [KERNEL32.DLL+0x2e8d7]
C  [ntdll.dll+0x3c34c]


---------------  P R O C E S S  ---------------

Threads class SMR info:
_java_thread_list=0x000001c42997cd30, length=109, elements={
0x000001c3bb90de40, 0x000001c3bb8bdcd0, 0x000001c3bb9b2f60, 0x000001c3bb9b6980,
0x000001c3bb9b75d0, 0x000001c3bb9b9820, 0x000001c3bb9c9ae0, 0x000001c3bb9cde80,
0x000001c4146ea5a0, 0x000001c4147dc0c0, 0x000001c41a0849b0, 0x000001c41a08eb40,
0x000001c41a610110, 0x000001c41abccc30, 0x000001c41abcda60, 0x000001c41b2f1e40,
0x000001c41b2d1290, 0x000001c41aeefc90, 0x000001c41aef0320, 0x000001c41aeecea0,
0x000001c41cd50760, 0x000001c41cd51b10, 0x000001c41cd500d0, 0x000001c41cd53550,
0x000001c41cd55cb0, 0x000001c41cd53be0, 0x000001c41cd54270, 0x000001c41cd54900,
0x000001c41cd52830, 0x000001c41cd56340, 0x000001c41cd54f90, 0x000001c41cd55620,
0x000001c41cd52ec0, 0x000001c41cd569d0, 0x000001c41cd57060, 0x000001c41cd576f0,
0x000001c41e713770, 0x000001c41e713e00, 0x000001c41e711d30, 0x000001c41e711010,
0x000001c41e7130e0, 0x000001c41e714490, 0x000001c41e717280, 0x000001c41e717fa0,
0x000001c41f1c43b0, 0x000001c41f1c5df0, 0x000001c41f1c2970, 0x000001c41f1c6480,
0x000001c41f1c3000, 0x000001c41f1c3d20, 0x000001c41f1c50d0, 0x000001c41f1c4a40,
0x000001c41f1c5760, 0x000001c41f1c3690, 0x000001c41f1c71a0, 0x000001c41f1c7830,
0x000001c41f1c9270, 0x000001c41f1c7ec0, 0x000001c41f1c8550, 0x000001c41f1c8be0,
0x000001c41f1c9900, 0x000001c41f1c9f90, 0x000001c41f1c6b10, 0x000001c41beb5530,
0x000001c41beb5bc0, 0x000001c41beb4810, 0x000001c41beb4180, 0x000001c41beb8320,
0x000001c41beb6f70, 0x000001c41beb7c90, 0x000001c41beb4ea0, 0x000001c41bebaa80,
0x000001c41beb7600, 0x000001c41bebb110, 0x000001c41beb9040, 0x000001c41bebb7a0,
0x000001c41aeef600, 0x000001c41dc09dc0, 0x000001c41dc0a450, 0x000001c41dc0aae0,
0x000001c41dc0b170, 0x000001c41dc090a0, 0x000001c41dc08380, 0x000001c41dc0be90,
0x000001c41dc08a10, 0x000001c42e4fa3c0, 0x000001c42e4fc490, 0x000001c42e500630,
0x000001c42e4fd840, 0x000001c42e4ff910, 0x000001c42e4febf0, 0x000001c41dc0d240,
0x000001c41e7151b0, 0x000001c41e712a50, 0x000001c41e716560, 0x000001c41e717910,
0x000001c41f6522b0, 0x000001c41f653660, 0x000001c41f653cf0, 0x000001c41f651590,
0x000001c41f654a10, 0x000001c41ca9be50, 0x000001c41ca99570, 0x000001c41ca9e060,
0x000001c41f656450, 0x000001c41f655730, 0x000001c429e00b20, 0x000001c429dffd80,
0x000001c41f657e90
}

Java Threads: ( => current thread )
  0x000001c3bb90de40 JavaThread "main"                              [_thread_blocked, id=73492, stack(0x0000000ce5300000,0x0000000ce5400000) (1024K)]
  0x000001c3bb8bdcd0 JavaThread "Reference Handler"          daemon [_thread_blocked, id=32844, stack(0x0000000ce5700000,0x0000000ce5800000) (1024K)]
  0x000001c3bb9b2f60 JavaThread "Finalizer"                  daemon [_thread_blocked, id=69912, stack(0x0000000ce5800000,0x0000000ce5900000) (1024K)]
  0x000001c3bb9b6980 JavaThread "Signal Dispatcher"          daemon [_thread_blocked, id=40208, stack(0x0000000ce5900000,0x0000000ce5a00000) (1024K)]
  0x000001c3bb9b75d0 JavaThread "Attach Listener"            daemon [_thread_blocked, id=45204, stack(0x0000000ce5a00000,0x0000000ce5b00000) (1024K)]
  0x000001c3bb9b9820 JavaThread "Service Thread"             daemon [_thread_blocked, id=81236, stack(0x0000000ce5b00000,0x0000000ce5c00000) (1024K)]
  0x000001c3bb9c9ae0 JavaThread "Monitor Deflation Thread"   daemon [_thread_blocked, id=47392, stack(0x0000000ce5c00000,0x0000000ce5d00000) (1024K)]
  0x000001c3bb9cde80 JavaThread "C2 CompilerThread0"         daemon [_thread_in_native, id=47764, stack(0x0000000ce5d00000,0x0000000ce5e00000) (1024K)]
  0x000001c4146ea5a0 JavaThread "C1 CompilerThread0"         daemon [_thread_blocked, id=85192, stack(0x0000000ce5e00000,0x0000000ce5f00000) (1024K)]
  0x000001c4147dc0c0 JavaThread "Common-Cleaner"             daemon [_thread_blocked, id=23364, stack(0x0000000ce5f00000,0x0000000ce6000000) (1024K)]
  0x000001c41a0849b0 JavaThread "Notification Thread"        daemon [_thread_blocked, id=85236, stack(0x0000000ce6500000,0x0000000ce6600000) (1024K)]
  0x000001c41a08eb40 JavaThread "Active Thread: Equinox Container: 837dce66-43f9-412f-be79-6a1010dc1fb6"        [_thread_blocked, id=25072, stack(0x0000000ce6e00000,0x0000000ce6f00000) (1024K)]
  0x000001c41a610110 JavaThread "Refresh Thread: Equinox Container: 837dce66-43f9-412f-be79-6a1010dc1fb6" daemon [_thread_blocked, id=85396, stack(0x0000000ce7000000,0x0000000ce7100000) (1024K)]
  0x000001c41abccc30 JavaThread "Framework Event Dispatcher: Equinox Container: 837dce66-43f9-412f-be79-6a1010dc1fb6" daemon [_thread_blocked, id=54300, stack(0x0000000ce7100000,0x0000000ce7200000) (1024K)]
  0x000001c41abcda60 JavaThread "Start Level: Equinox Container: 837dce66-43f9-412f-be79-6a1010dc1fb6" daemon [_thread_blocked, id=68420, stack(0x0000000ce7200000,0x0000000ce7300000) (1024K)]
  0x000001c41b2f1e40 JavaThread "Bundle File Closer"         daemon [_thread_blocked, id=82696, stack(0x0000000ce7600000,0x0000000ce7700000) (1024K)]
  0x000001c41b2d1290 JavaThread "SCR Component Actor"        daemon [_thread_blocked, id=81804, stack(0x0000000ce7700000,0x0000000ce7800000) (1024K)]
  0x000001c41aeefc90 JavaThread "Worker-JM"                         [_thread_blocked, id=9460, stack(0x0000000ce7900000,0x0000000ce7a00000) (1024K)]
  0x000001c41aef0320 JavaThread "JNA Cleaner"                daemon [_thread_blocked, id=64780, stack(0x0000000ce6400000,0x0000000ce6500000) (1024K)]
  0x000001c41aeecea0 JavaThread "Worker-1"                          [_thread_blocked, id=82372, stack(0x0000000ce7b00000,0x0000000ce7c00000) (1024K)]
  0x000001c41cd50760 JavaThread "Java indexing"              daemon [_thread_blocked, id=66684, stack(0x0000000ce8000000,0x0000000ce8100000) (1024K)]
  0x000001c41cd51b10 JavaThread "Worker-5: Building"                [_thread_in_native, id=10596, stack(0x0000000ce8500000,0x0000000ce8600000) (1024K)]
  0x000001c41cd500d0 JavaThread "Thread-2"                   daemon [_thread_in_native, id=10708, stack(0x0000000ce8600000,0x0000000ce8700000) (1024K)]
  0x000001c41cd53550 JavaThread "Thread-3"                   daemon [_thread_in_native, id=64816, stack(0x0000000ce8700000,0x0000000ce8800000) (1024K)]
  0x000001c41cd55cb0 JavaThread "Thread-4"                   daemon [_thread_in_native, id=23408, stack(0x0000000ce8800000,0x0000000ce8900000) (1024K)]
  0x000001c41cd53be0 JavaThread "Thread-5"                   daemon [_thread_in_native, id=75924, stack(0x0000000ce8900000,0x0000000ce8a00000) (1024K)]
  0x000001c41cd54270 JavaThread "Thread-6"                   daemon [_thread_in_native, id=9840, stack(0x0000000ce8a00000,0x0000000ce8b00000) (1024K)]
  0x000001c41cd54900 JavaThread "Thread-7"                   daemon [_thread_in_native, id=40144, stack(0x0000000ce8b00000,0x0000000ce8c00000) (1024K)]
  0x000001c41cd52830 JavaThread "Thread-8"                   daemon [_thread_in_native, id=38916, stack(0x0000000ce8c00000,0x0000000ce8d00000) (1024K)]
  0x000001c41cd56340 JavaThread "Thread-9"                   daemon [_thread_in_native, id=47848, stack(0x0000000ce8d00000,0x0000000ce8e00000) (1024K)]
  0x000001c41cd54f90 JavaThread "Thread-10"                  daemon [_thread_in_native, id=17848, stack(0x0000000ce8e00000,0x0000000ce8f00000) (1024K)]
  0x000001c41cd55620 JavaThread "Thread-11"                  daemon [_thread_in_native, id=79028, stack(0x0000000ce8f00000,0x0000000ce9000000) (1024K)]
  0x000001c41cd52ec0 JavaThread "Thread-12"                  daemon [_thread_in_native, id=25348, stack(0x0000000ce9000000,0x0000000ce9100000) (1024K)]
  0x000001c41cd569d0 JavaThread "Thread-13"                  daemon [_thread_in_native, id=25516, stack(0x0000000ce9100000,0x0000000ce9200000) (1024K)]
  0x000001c41cd57060 JavaThread "Thread-14"                  daemon [_thread_in_native, id=38560, stack(0x0000000ce9200000,0x0000000ce9300000) (1024K)]
  0x000001c41cd576f0 JavaThread "Thread-15"                  daemon [_thread_in_native, id=47408, stack(0x0000000ce9300000,0x0000000ce9400000) (1024K)]
  0x000001c41e713770 JavaThread "Thread-16"                  daemon [_thread_in_native, id=26964, stack(0x0000000ce9400000,0x0000000ce9500000) (1024K)]
  0x000001c41e713e00 JavaThread "Thread-17"                  daemon [_thread_in_native, id=31332, stack(0x0000000ce9500000,0x0000000ce9600000) (1024K)]
  0x000001c41e711d30 JavaThread "Thread-18"                  daemon [_thread_in_native, id=76148, stack(0x0000000ce9600000,0x0000000ce9700000) (1024K)]
  0x000001c41e711010 JavaThread "pool-2-thread-1"                   [_thread_blocked, id=81580, stack(0x0000000ce9800000,0x0000000ce9900000) (1024K)]
  0x000001c41e7130e0 JavaThread "WorkspaceEventsHandler"            [_thread_blocked, id=54804, stack(0x0000000ce9c00000,0x0000000ce9d00000) (1024K)]
  0x000001c41e714490 JavaThread "pool-1-thread-1"                   [_thread_blocked, id=40832, stack(0x0000000ce9d00000,0x0000000ce9e00000) (1024K)]
  0x000001c41e717280 JavaThread "LocalFile Deleter"          daemon [_thread_blocked, id=40964, stack(0x0000000cea300000,0x0000000cea400000) (1024K)]
  0x000001c41e717fa0 JavaThread "LocalFile Deleter"          daemon [_thread_blocked, id=15224, stack(0x0000000cea400000,0x0000000cea500000) (1024K)]
  0x000001c41f1c43b0 JavaThread "LocalFile Deleter"          daemon [_thread_blocked, id=39708, stack(0x0000000cea500000,0x0000000cea600000) (1024K)]
  0x000001c41f1c5df0 JavaThread "LocalFile Deleter"          daemon [_thread_blocked, id=15412, stack(0x0000000cea600000,0x0000000cea700000) (1024K)]
  0x000001c41f1c2970 JavaThread "LocalFile Deleter"          daemon [_thread_blocked, id=42780, stack(0x0000000cea700000,0x0000000cea800000) (1024K)]
  0x000001c41f1c6480 JavaThread "LocalFile Deleter"          daemon [_thread_blocked, id=51492, stack(0x0000000cea800000,0x0000000cea900000) (1024K)]
  0x000001c41f1c3000 JavaThread "LocalFile Deleter"          daemon [_thread_blocked, id=41672, stack(0x0000000cea900000,0x0000000ceaa00000) (1024K)]
  0x000001c41f1c3d20 JavaThread "LocalFile Deleter"          daemon [_thread_blocked, id=73028, stack(0x0000000ceaa00000,0x0000000ceab00000) (1024K)]
  0x000001c41f1c50d0 JavaThread "LocalFile Deleter"          daemon [_thread_blocked, id=19548, stack(0x0000000ceab00000,0x0000000ceac00000) (1024K)]
  0x000001c41f1c4a40 JavaThread "LocalFile Deleter"          daemon [_thread_blocked, id=8496, stack(0x0000000ceac00000,0x0000000cead00000) (1024K)]
  0x000001c41f1c5760 JavaThread "LocalFile Deleter"          daemon [_thread_blocked, id=30092, stack(0x0000000cead00000,0x0000000ceae00000) (1024K)]
  0x000001c41f1c3690 JavaThread "LocalFile Deleter"          daemon [_thread_blocked, id=84376, stack(0x0000000ceae00000,0x0000000ceaf00000) (1024K)]
  0x000001c41f1c71a0 JavaThread "LocalFile Deleter"          daemon [_thread_blocked, id=55312, stack(0x0000000ceaf00000,0x0000000ceb000000) (1024K)]
  0x000001c41f1c7830 JavaThread "LocalFile Deleter"          daemon [_thread_blocked, id=12640, stack(0x0000000ceb000000,0x0000000ceb100000) (1024K)]
  0x000001c41f1c9270 JavaThread "LocalFile Deleter"          daemon [_thread_blocked, id=7092, stack(0x0000000ceb100000,0x0000000ceb200000) (1024K)]
  0x000001c41f1c7ec0 JavaThread "Compiler Source File Reader" daemon [_thread_blocked, id=72048, stack(0x0000000ceb200000,0x0000000ceb300000) (1024K)]
  0x000001c41f1c8550 JavaThread "Compiler Source File Reader" daemon [_thread_blocked, id=10132, stack(0x0000000ceb300000,0x0000000ceb400000) (1024K)]
  0x000001c41f1c8be0 JavaThread "Compiler Source File Reader" daemon [_thread_blocked, id=86964, stack(0x0000000ceb400000,0x0000000ceb500000) (1024K)]
  0x000001c41f1c9900 JavaThread "Compiler Source File Reader" daemon [_thread_blocked, id=20404, stack(0x0000000ceb500000,0x0000000ceb600000) (1024K)]
  0x000001c41f1c9f90 JavaThread "Compiler Source File Reader" daemon [_thread_blocked, id=9424, stack(0x0000000ceb600000,0x0000000ceb700000) (1024K)]
  0x000001c41f1c6b10 JavaThread "Compiler Source File Reader" daemon [_thread_blocked, id=56716, stack(0x0000000ceb700000,0x0000000ceb800000) (1024K)]
  0x000001c41beb5530 JavaThread "Compiler Source File Reader" daemon [_thread_blocked, id=34588, stack(0x0000000ceb800000,0x0000000ceb900000) (1024K)]
  0x000001c41beb5bc0 JavaThread "Compiler Source File Reader" daemon [_thread_blocked, id=78748, stack(0x0000000ceb900000,0x0000000ceba00000) (1024K)]
  0x000001c41beb4810 JavaThread "Compiler Source File Reader" daemon [_thread_blocked, id=33768, stack(0x0000000ceba00000,0x0000000cebb00000) (1024K)]
  0x000001c41beb4180 JavaThread "Compiler Source File Reader" daemon [_thread_blocked, id=81796, stack(0x0000000cebb00000,0x0000000cebc00000) (1024K)]
  0x000001c41beb8320 JavaThread "Compiler Source File Reader" daemon [_thread_blocked, id=60872, stack(0x0000000cebc00000,0x0000000cebd00000) (1024K)]
  0x000001c41beb6f70 JavaThread "Compiler Source File Reader" daemon [_thread_blocked, id=3676, stack(0x0000000cebd00000,0x0000000cebe00000) (1024K)]
  0x000001c41beb7c90 JavaThread "Compiler Source File Reader" daemon [_thread_blocked, id=47552, stack(0x0000000cebe00000,0x0000000cebf00000) (1024K)]
  0x000001c41beb4ea0 JavaThread "Compiler Source File Reader" daemon [_thread_blocked, id=81648, stack(0x0000000cebf00000,0x0000000cec000000) (1024K)]
  0x000001c41bebaa80 JavaThread "Compiler Class File Writer" daemon [_thread_blocked, id=10648, stack(0x0000000cec000000,0x0000000cec100000) (1024K)]
  0x000001c41beb7600 JavaThread "Compiler Class File Writer" daemon [_thread_blocked, id=32080, stack(0x0000000cec100000,0x0000000cec200000) (1024K)]
  0x000001c41bebb110 JavaThread "Compiler Class File Writer" daemon [_thread_blocked, id=32036, stack(0x0000000cec200000,0x0000000cec300000) (1024K)]
  0x000001c41beb9040 JavaThread "Compiler Class File Writer" daemon [_thread_blocked, id=66220, stack(0x0000000cec300000,0x0000000cec400000) (1024K)]
  0x000001c41bebb7a0 JavaThread "Compiler Class File Writer" daemon [_thread_blocked, id=71704, stack(0x0000000cec400000,0x0000000cec500000) (1024K)]
  0x000001c41aeef600 JavaThread "Compiler Class File Writer" daemon [_thread_blocked, id=88588, stack(0x0000000cec500000,0x0000000cec600000) (1024K)]
  0x000001c41dc09dc0 JavaThread "Compiler Class File Writer" daemon [_thread_blocked, id=30144, stack(0x0000000cec600000,0x0000000cec700000) (1024K)]
  0x000001c41dc0a450 JavaThread "Compiler Class File Writer" daemon [_thread_blocked, id=37448, stack(0x0000000cec700000,0x0000000cec800000) (1024K)]
  0x000001c41dc0aae0 JavaThread "Compiler Class File Writer" daemon [_thread_blocked, id=21892, stack(0x0000000cec800000,0x0000000cec900000) (1024K)]
  0x000001c41dc0b170 JavaThread "Compiler Class File Writer" daemon [_thread_blocked, id=58764, stack(0x0000000cec900000,0x0000000ceca00000) (1024K)]
  0x000001c41dc090a0 JavaThread "Compiler Class File Writer" daemon [_thread_blocked, id=27252, stack(0x0000000ceca00000,0x0000000cecb00000) (1024K)]
  0x000001c41dc08380 JavaThread "Compiler Class File Writer" daemon [_thread_blocked, id=30024, stack(0x0000000cecb00000,0x0000000cecc00000) (1024K)]
  0x000001c41dc0be90 JavaThread "Compiler Class File Writer" daemon [_thread_blocked, id=34456, stack(0x0000000cecc00000,0x0000000cecd00000) (1024K)]
  0x000001c41dc08a10 JavaThread "Compiler Class File Writer" daemon [_thread_blocked, id=73900, stack(0x0000000cecd00000,0x0000000cece00000) (1024K)]
  0x000001c42e4fa3c0 JavaThread "ForkJoinPool.commonPool-worker-1" daemon [_thread_blocked, id=68764, stack(0x0000000ce7f00000,0x0000000ce8000000) (1024K)]
  0x000001c42e4fc490 JavaThread "ForkJoinPool.commonPool-worker-2" daemon [_thread_blocked, id=15596, stack(0x0000000ce9700000,0x0000000ce9800000) (1024K)]
  0x000001c42e500630 JavaThread "ForkJoinPool.commonPool-worker-3" daemon [_thread_blocked, id=11880, stack(0x0000000cece00000,0x0000000cecf00000) (1024K)]
  0x000001c42e4fd840 JavaThread "ForkJoinPool.commonPool-worker-4" daemon [_thread_blocked, id=14596, stack(0x0000000cecf00000,0x0000000ced000000) (1024K)]
  0x000001c42e4ff910 JavaThread "ForkJoinPool.commonPool-worker-5" daemon [_thread_blocked, id=86464, stack(0x0000000ced000000,0x0000000ced100000) (1024K)]
  0x000001c42e4febf0 JavaThread "ForkJoinPool.commonPool-worker-7" daemon [_thread_blocked, id=54604, stack(0x0000000ced200000,0x0000000ced300000) (1024K)]
  0x000001c41dc0d240 JavaThread "Cleaner-0"                  daemon [_thread_blocked, id=37880, stack(0x0000000ced500000,0x0000000ced600000) (1024K)]
  0x000001c41e7151b0 JavaThread "ForkJoinPool.commonPool-worker-9" daemon [_thread_blocked, id=81816, stack(0x0000000ce9900000,0x0000000ce9a00000) (1024K)]
  0x000001c41e712a50 JavaThread "ForkJoinPool.commonPool-worker-8" daemon [_thread_blocked, id=44228, stack(0x0000000ce9a00000,0x0000000ce9b00000) (1024K)]
  0x000001c41e716560 JavaThread "ForkJoinPool.commonPool-worker-10" daemon [_thread_blocked, id=80136, stack(0x0000000cea100000,0x0000000cea200000) (1024K)]
  0x000001c41e717910 JavaThread "ForkJoinPool.commonPool-worker-11" daemon [_thread_blocked, id=47864, stack(0x0000000ced600000,0x0000000ced700000) (1024K)]
  0x000001c41f6522b0 JavaThread "ForkJoinPool.commonPool-worker-12" daemon [_thread_blocked, id=69944, stack(0x0000000ced700000,0x0000000ced800000) (1024K)]
  0x000001c41f653660 JavaThread "ForkJoinPool.commonPool-worker-13" daemon [_thread_blocked, id=31448, stack(0x0000000ced800000,0x0000000ced900000) (1024K)]
  0x000001c41f653cf0 JavaThread "ForkJoinPool.commonPool-worker-14" daemon [_thread_blocked, id=84864, stack(0x0000000ced900000,0x0000000ceda00000) (1024K)]
  0x000001c41f651590 JavaThread "ForkJoinPool.commonPool-worker-15" daemon [_thread_blocked, id=63052, stack(0x0000000ceda00000,0x0000000cedb00000) (1024K)]
  0x000001c41f654a10 JavaThread "ForkJoinPool.commonPool-worker-16" daemon [_thread_blocked, id=16172, stack(0x0000000ce6000000,0x0000000ce6100000) (1024K)]
  0x000001c41ca9be50 JavaThread "C2 CompilerThread1"         daemon [_thread_in_native, id=8200, stack(0x0000000ce5000000,0x0000000ce5100000) (1024K)]
  0x000001c41ca99570 JavaThread "C2 CompilerThread2"         daemon [_thread_in_native, id=46556, stack(0x0000000ce5100000,0x0000000ce5200000) (1024K)]
  0x000001c41ca9e060 JavaThread "C2 CompilerThread3"         daemon [_thread_blocked, id=8820, stack(0x0000000ce5200000,0x0000000ce5300000) (1024K)]
  0x000001c41f656450 JavaThread "Worker-9"                          [_thread_blocked, id=40572, stack(0x0000000ce6300000,0x0000000ce6400000) (1024K)]
  0x000001c41f655730 JavaThread "Compiler Processing Task"   daemon [_thread_in_native, id=412, stack(0x0000000ce6c00000,0x0000000ce6d00000) (1024K)]
  0x000001c429e00b20 JavaThread "C2 CompilerThread4"         daemon [_thread_blocked, id=37648, stack(0x0000000ce6d00000,0x0000000ce6e00000) (1024K)]
=>0x000001c429dffd80 JavaThread "C2 CompilerThread5"         daemon [_thread_in_native, id=16024, stack(0x0000000ce7c00000,0x0000000ce7d00000) (1024K)]
  0x000001c41f657e90 JavaThread "Worker-10"                         [_thread_blocked, id=45604, stack(0x0000000ce7d00000,0x0000000ce7e00000) (1024K)]
Total: 109

Other Threads:
  0x000001c3bb8a13d0 VMThread "VM Thread"                           [id=17336, stack(0x0000000ce5600000,0x0000000ce5700000) (1024K)]
  0x000001c3bb79ca00 WatcherThread "VM Periodic Task Thread"        [id=39028, stack(0x0000000ce5500000,0x0000000ce5600000) (1024K)]
  0x000001c3bb92c590 WorkerThread "GC Thread#0"                     [id=16088, stack(0x0000000ce5400000,0x0000000ce5500000) (1024K)]
  0x000001c41a3e0eb0 WorkerThread "GC Thread#1"                     [id=22324, stack(0x0000000ce6600000,0x0000000ce6700000) (1024K)]
  0x000001c41a3e1250 WorkerThread "GC Thread#2"                     [id=44748, stack(0x0000000ce6700000,0x0000000ce6800000) (1024K)]
  0x000001c41a5503e0 WorkerThread "GC Thread#3"                     [id=62540, stack(0x0000000ce6800000,0x0000000ce6900000) (1024K)]
  0x000001c41a550780 WorkerThread "GC Thread#4"                     [id=78624, stack(0x0000000ce6900000,0x0000000ce6a00000) (1024K)]
  0x000001c41a3adcb0 WorkerThread "GC Thread#5"                     [id=75948, stack(0x0000000ce6a00000,0x0000000ce6b00000) (1024K)]
  0x000001c41a3b2970 WorkerThread "GC Thread#6"                     [id=75416, stack(0x0000000ce6b00000,0x0000000ce6c00000) (1024K)]
  0x000001c41a8ef300 WorkerThread "GC Thread#7"                     [id=39392, stack(0x0000000ce6f00000,0x0000000ce7000000) (1024K)]
  0x000001c41ac289e0 WorkerThread "GC Thread#8"                     [id=75032, stack(0x0000000ce7300000,0x0000000ce7400000) (1024K)]
  0x000001c41ac28d80 WorkerThread "GC Thread#9"                     [id=34516, stack(0x0000000ce7400000,0x0000000ce7500000) (1024K)]
  0x000001c41ac29120 WorkerThread "GC Thread#10"                    [id=34716, stack(0x0000000ce7500000,0x0000000ce7600000) (1024K)]
  0x000001c41ac27f00 WorkerThread "GC Thread#11"                    [id=21984, stack(0x0000000ce7800000,0x0000000ce7900000) (1024K)]
  0x000001c41ac282a0 WorkerThread "GC Thread#12"                    [id=62508, stack(0x0000000ce7a00000,0x0000000ce7b00000) (1024K)]
Total: 15

Threads with active compile tasks:
C2 CompilerThread0  128769 23930       4       org.eclipse.jdt.internal.core.index.DiskIndex::addQueryResult (173 bytes)
C2 CompilerThread1  128769 23593 %     4       org.eclipse.jdt.internal.compiler.ClassFile::traverse @ 215 (7238 bytes)
C2 CompilerThread2  128769 23894       4       org.eclipse.jdt.internal.compiler.lookup.Scope::findMethod0 (1620 bytes)
C2 CompilerThread3  128769 23849   !   4       org.eclipse.jdt.internal.core.search.matching.ClasspathSourceDirectory::directoryTable (395 bytes)
C2 CompilerThread4  128769 23870       4       org.eclipse.jdt.internal.compiler.lookup.Scope::getImplicitMethod (1194 bytes)
C2 CompilerThread5  128769 23853       4       lombok.eclipse.EclipseAST::buildTypes (53 bytes)
Total: 6

VM state: at safepoint (normal execution)

VM Mutex/Monitor currently owned by a thread:  ([mutex/lock_event])
[0x00007ffe6be8e308] Threads_lock - owner thread: 0x000001c3bb8a13d0
[0x00007ffe6be8e408] Heap_lock - owner thread: 0x000001c42e4ff910

Heap address: 0x0000000080000000, size: 2048 MB, Compressed Oops mode: 32-bit

CDS archive(s) mapped at: [0x000001c3d3000000-0x000001c3d3ba0000-0x000001c3d3ba0000), size 12189696, SharedBaseAddress: 0x000001c3d3000000, ArchiveRelocationMode: 1.
Compressed class space mapped at: 0x000001c3d4000000-0x000001c414000000, reserved size: 1073741824
Narrow klass base: 0x000001c3d3000000, Narrow klass shift: 0, Narrow klass range: 0x100000000

GC Precious Log:
 CardTable entry size: 512
 CPUs: 16 total, 16 available
 Memory: 15775M
 Large Page Support: Disabled
 NUMA Support: Disabled
 Compressed Oops: Enabled (32-bit)
 Alignments: Space 512K, Generation 512K, Heap 2M
 Heap Min Capacity: 100M
 Heap Initial Capacity: 100M
 Heap Max Capacity: 2G
 Pre-touch: Disabled
 Parallel Workers: 13

Heap:
 PSYoungGen      total 8704K, used 1488K [0x00000000d5580000, 0x00000000d6080000, 0x0000000100000000)
  eden space 7168K, 0% used [0x00000000d5580000,0x00000000d5580000,0x00000000d5c80000)
  from space 1536K, 96% used [0x00000000d5f00000,0x00000000d6074010,0x00000000d6080000)
  to   space 1536K, 0% used [0x00000000d5c80000,0x00000000d5c80000,0x00000000d5e00000)
 ParOldGen       total 928768K, used 928433K [0x0000000080000000, 0x00000000b8b00000, 0x00000000d5580000)
  object space 928768K, 99% used [0x0000000080000000,0x00000000b8aac648,0x00000000b8b00000)
 Metaspace       used 82404K, committed 84224K, reserved 1179648K
  class space    used 7996K, committed 8832K, reserved 1048576K

Card table byte_map: [0x000001c3bb2b0000,0x000001c3bb6c0000] _byte_map_base: 0x000001c3baeb0000

Marking Bits: (ParMarkBitMap*) 0x00007ffe6be931f0
 Begin Bits: [0x000001c3cddb0000, 0x000001c3cfdb0000)
 End Bits:   [0x000001c3cfdb0000, 0x000001c3d1db0000)

Polling page: 0x000001c3bb000000

Metaspace:

Usage:
  Non-class:     72.66 MB used.
      Class:      7.81 MB used.
       Both:     80.47 MB used.

Virtual space:
  Non-class space:      128.00 MB reserved,      73.62 MB ( 58%) committed,  2 nodes.
      Class space:        1.00 GB reserved,       8.62 MB ( <1%) committed,  1 nodes.
             Both:        1.12 GB reserved,      82.25 MB (  7%) committed. 

Chunk freelists:
   Non-Class:  5.92 MB
       Class:  7.43 MB
        Both:  13.35 MB

MaxMetaspaceSize: unlimited
CompressedClassSpaceSize: 1.00 GB
Initial GC threshold: 21.00 MB
Current GC threshold: 132.44 MB
CDS: on
 - commit_granule_bytes: 65536.
 - commit_granule_words: 8192.
 - virtual_space_node_default_size: 8388608.
 - enlarge_chunks_in_place: 1.
 - use_allocation_guard: 0.


Internal statistics:

num_allocs_failed_limit: 9.
num_arena_births: 1628.
num_arena_deaths: 22.
num_vsnodes_births: 3.
num_vsnodes_deaths: 0.
num_space_committed: 1316.
num_space_uncommitted: 0.
num_chunks_returned_to_freelist: 35.
num_chunks_taken_from_freelist: 5698.
num_chunk_merges: 13.
num_chunk_splits: 3329.
num_chunks_enlarged: 1704.
num_inconsistent_stats: 0.

CodeHeap 'non-profiled nmethods': size=119168Kb used=22972Kb max_used=22972Kb free=96195Kb
 bounds [0x000001c3c66a0000, 0x000001c3c7d10000, 0x000001c3cdb00000]
CodeHeap 'profiled nmethods': size=119104Kb used=46659Kb max_used=48224Kb free=72444Kb
 bounds [0x000001c3beb00000, 0x000001c3c1a20000, 0x000001c3c5f50000]
CodeHeap 'non-nmethods': size=7488Kb used=1595Kb max_used=3314Kb free=5892Kb
 bounds [0x000001c3c5f50000, 0x000001c3c6290000, 0x000001c3c66a0000]
 total_blobs=19982 nmethods=19136 adapters=743
 compilation: enabled
              stopped_count=0, restarted_count=0
 full_count=0

Compilation events (20 events):
Event: 127.727 Thread 0x000001c429dfd4a0 23956       3       org.eclipse.jdt.internal.core.manipulation.JavaElementLabelsCore::getElementLabel (22 bytes)
Event: 127.727 Thread 0x000001c4146ea5a0 nmethod 23952 0x000001c3c02b4690 code [0x000001c3c02b4a20, 0x000001c3c02b6208]
Event: 127.728 Thread 0x000001c429dfc700 nmethod 23946 0x000001c3c06e1010 code [0x000001c3c06e1700, 0x000001c3c06e5c50]
Event: 127.728 Thread 0x000001c4146ea5a0 23957       3       org.eclipse.jdt.internal.core.manipulation.JavaElementLabelsCore::getElementLabel (14 bytes)
Event: 127.728 Thread 0x000001c429dfc700 23964       3       org.eclipse.jdt.internal.core.Openable::getResource (37 bytes)
Event: 127.728 Thread 0x000001c4146ea5a0 nmethod 23957 0x000001c3c02b3e10 code [0x000001c3c02b4000, 0x000001c3c02b4460]
Event: 127.728 Thread 0x000001c429dfd4a0 nmethod 23956 0x000001c3c02b3210 code [0x000001c3c02b3440, 0x000001c3c02b3ad8]
Event: 127.728 Thread 0x000001c4146ea5a0 23958       3       org.eclipse.jdt.internal.core.manipulation.JavaElementLabelComposerCore::<init> (13 bytes)
Event: 127.728 Thread 0x000001c429dfd4a0 23959       3       org.eclipse.jdt.internal.core.manipulation.JavaElementLabelComposerCore$FlexibleStringBufferCore::<init> (10 bytes)
Event: 127.728 Thread 0x000001c429dfc700 nmethod 23964 0x000001c3c02b2690 code [0x000001c3c02b28a0, 0x000001c3c02b3060]
Event: 127.728 Thread 0x000001c429dfc700 23960       3       org.eclipse.jdt.internal.core.manipulation.JavaElementLabelComposerCore$FlexibleBufferCore::<init> (5 bytes)
Event: 127.728 Thread 0x000001c429dfc700 nmethod 23960 0x000001c3c02b2290 code [0x000001c3c02b2440, 0x000001c3c02b25a8]
Event: 127.728 Thread 0x000001c429dfd4a0 nmethod 23959 0x000001c3c06e0b90 code [0x000001c3c06e0d40, 0x000001c3c06e0f28]
Event: 127.728 Thread 0x000001c429dfc700 23961       3       org.eclipse.jdt.internal.core.manipulation.JavaElementLabelComposerCore::<init> (10 bytes)
Event: 127.728 Thread 0x000001c4146ea5a0 nmethod 23958 0x000001c3c06e0490 code [0x000001c3c06e0660, 0x000001c3c06e09c8]
Event: 127.728 Thread 0x000001c429dfd4a0 23962       3       org.eclipse.jdt.ls.core.internal.JDTUtils::toLocation (273 bytes)
Event: 127.728 Thread 0x000001c4146ea5a0 23963       1       org.eclipse.lsp4j.DocumentSymbol::setDetail (6 bytes)
Event: 127.728 Thread 0x000001c429dfc700 nmethod 23961 0x000001c3c02b1e90 code [0x000001c3c02b2040, 0x000001c3c02b21c8]
Event: 127.729 Thread 0x000001c4146ea5a0 nmethod 23963 0x000001c3c7d0da90 code [0x000001c3c7d0dc20, 0x000001c3c7d0dd00]
Event: 127.729 Thread 0x000001c429dfd4a0 nmethod 23962 0x000001c3c06de110 code [0x000001c3c06de4c0, 0x000001c3c06dfdb0]

GC Heap History (20 events):
Event: 127.444 GC heap after
{Heap after GC invocations=3188 (full 5):
 PSYoungGen      total 8704K, used 1856K [0x00000000d5580000, 0x00000000d6100000, 0x0000000100000000)
  eden space 6656K, 0% used [0x00000000d5580000,0x00000000d5580000,0x00000000d5c00000)
  from space 2048K, 90% used [0x00000000d5c00000,0x00000000d5dd0010,0x00000000d5e00000)
  to   space 2560K, 0% used [0x00000000d5e80000,0x00000000d5e80000,0x00000000d6100000)
 ParOldGen       total 911872K, used 911548K [0x0000000080000000, 0x00000000b7a80000, 0x00000000d5580000)
  object space 911872K, 99% used [0x0000000080000000,0x00000000b7a2f0b8,0x00000000b7a80000)
 Metaspace       used 82302K, committed 84032K, reserved 1179648K
  class space    used 7989K, committed 8768K, reserved 1048576K
}
Event: 127.461 GC heap before
{Heap before GC invocations=3189 (full 5):
 PSYoungGen      total 8704K, used 8512K [0x00000000d5580000, 0x00000000d6100000, 0x0000000100000000)
  eden space 6656K, 100% used [0x00000000d5580000,0x00000000d5c00000,0x00000000d5c00000)
  from space 2048K, 90% used [0x00000000d5c00000,0x00000000d5dd0010,0x00000000d5e00000)
  to   space 2560K, 0% used [0x00000000d5e80000,0x00000000d5e80000,0x00000000d6100000)
 ParOldGen       total 911872K, used 911548K [0x0000000080000000, 0x00000000b7a80000, 0x00000000d5580000)
  object space 911872K, 99% used [0x0000000080000000,0x00000000b7a2f0b8,0x00000000b7a80000)
 Metaspace       used 82302K, committed 84032K, reserved 1179648K
  class space    used 7989K, committed 8768K, reserved 1048576K
}
Event: 127.464 GC heap after
{Heap after GC invocations=3189 (full 5):
 PSYoungGen      total 8704K, used 1816K [0x00000000d5580000, 0x00000000d6080000, 0x0000000100000000)
  eden space 6656K, 0% used [0x00000000d5580000,0x00000000d5580000,0x00000000d5c00000)
  from space 2048K, 88% used [0x00000000d5e80000,0x00000000d6046070,0x00000000d6080000)
  to   space 2048K, 0% used [0x00000000d5c00000,0x00000000d5c00000,0x00000000d5e00000)
 ParOldGen       total 913408K, used 913244K [0x0000000080000000, 0x00000000b7c00000, 0x00000000d5580000)
  object space 913408K, 99% used [0x0000000080000000,0x00000000b7bd70c8,0x00000000b7c00000)
 Metaspace       used 82302K, committed 84032K, reserved 1179648K
  class space    used 7989K, committed 8768K, reserved 1048576K
}
Event: 127.480 GC heap before
{Heap before GC invocations=3190 (full 5):
 PSYoungGen      total 8704K, used 8472K [0x00000000d5580000, 0x00000000d6080000, 0x0000000100000000)
  eden space 6656K, 100% used [0x00000000d5580000,0x00000000d5c00000,0x00000000d5c00000)
  from space 2048K, 88% used [0x00000000d5e80000,0x00000000d6046070,0x00000000d6080000)
  to   space 2048K, 0% used [0x00000000d5c00000,0x00000000d5c00000,0x00000000d5e00000)
 ParOldGen       total 913408K, used 913244K [0x0000000080000000, 0x00000000b7c00000, 0x00000000d5580000)
  object space 913408K, 99% used [0x0000000080000000,0x00000000b7bd70c8,0x00000000b7c00000)
 Metaspace       used 82302K, committed 84032K, reserved 1179648K
  class space    used 7989K, committed 8768K, reserved 1048576K
}
Event: 127.483 GC heap after
{Heap after GC invocations=3190 (full 5):
 PSYoungGen      total 8704K, used 1885K [0x00000000d5580000, 0x00000000d6000000, 0x0000000100000000)
  eden space 6656K, 0% used [0x00000000d5580000,0x00000000d5580000,0x00000000d5c00000)
  from space 2048K, 92% used [0x00000000d5c00000,0x00000000d5dd7638,0x00000000d5e00000)
  to   space 2048K, 0% used [0x00000000d5e00000,0x00000000d5e00000,0x00000000d6000000)
 ParOldGen       total 914944K, used 914883K [0x0000000080000000, 0x00000000b7d80000, 0x00000000d5580000)
  object space 914944K, 99% used [0x0000000080000000,0x00000000b7d70c90,0x00000000b7d80000)
 Metaspace       used 82302K, committed 84032K, reserved 1179648K
  class space    used 7989K, committed 8768K, reserved 1048576K
}
Event: 127.503 GC heap before
{Heap before GC invocations=3191 (full 5):
 PSYoungGen      total 8704K, used 8541K [0x00000000d5580000, 0x00000000d6000000, 0x0000000100000000)
  eden space 6656K, 100% used [0x00000000d5580000,0x00000000d5c00000,0x00000000d5c00000)
  from space 2048K, 92% used [0x00000000d5c00000,0x00000000d5dd7638,0x00000000d5e00000)
  to   space 2048K, 0% used [0x00000000d5e00000,0x00000000d5e00000,0x00000000d6000000)
 ParOldGen       total 914944K, used 914883K [0x0000000080000000, 0x00000000b7d80000, 0x00000000d5580000)
  object space 914944K, 99% used [0x0000000080000000,0x00000000b7d70c90,0x00000000b7d80000)
 Metaspace       used 82302K, committed 84032K, reserved 1179648K
  class space    used 7989K, committed 8768K, reserved 1048576K
}
Event: 127.505 GC heap after
{Heap after GC invocations=3191 (full 5):
 PSYoungGen      total 8192K, used 1312K [0x00000000d5580000, 0x00000000d5f80000, 0x0000000100000000)
  eden space 6656K, 0% used [0x00000000d5580000,0x00000000d5580000,0x00000000d5c00000)
  from space 1536K, 85% used [0x00000000d5e00000,0x00000000d5f48000,0x00000000d5f80000)
  to   space 1536K, 0% used [0x00000000d5c80000,0x00000000d5c80000,0x00000000d5e00000)
 ParOldGen       total 916992K, used 916551K [0x0000000080000000, 0x00000000b7f80000, 0x00000000d5580000)
  object space 916992K, 99% used [0x0000000080000000,0x00000000b7f11f40,0x00000000b7f80000)
 Metaspace       used 82302K, committed 84032K, reserved 1179648K
  class space    used 7989K, committed 8768K, reserved 1048576K
}
Event: 127.513 GC heap before
{Heap before GC invocations=3192 (full 5):
 PSYoungGen      total 8192K, used 7968K [0x00000000d5580000, 0x00000000d5f80000, 0x0000000100000000)
  eden space 6656K, 100% used [0x00000000d5580000,0x00000000d5c00000,0x00000000d5c00000)
  from space 1536K, 85% used [0x00000000d5e00000,0x00000000d5f48000,0x00000000d5f80000)
  to   space 1536K, 0% used [0x00000000d5c80000,0x00000000d5c80000,0x00000000d5e00000)
 ParOldGen       total 916992K, used 916551K [0x0000000080000000, 0x00000000b7f80000, 0x00000000d5580000)
  object space 916992K, 99% used [0x0000000080000000,0x00000000b7f11f40,0x00000000b7f80000)
 Metaspace       used 82302K, committed 84032K, reserved 1179648K
  class space    used 7989K, committed 8768K, reserved 1048576K
}
Event: 127.516 GC heap after
{Heap after GC invocations=3192 (full 5):
 PSYoungGen      total 8192K, used 1505K [0x00000000d5580000, 0x00000000d6300000, 0x0000000100000000)
  eden space 6656K, 0% used [0x00000000d5580000,0x00000000d5580000,0x00000000d5c00000)
  from space 1536K, 98% used [0x00000000d5c80000,0x00000000d5df86c0,0x00000000d5e00000)
  to   space 3584K, 0% used [0x00000000d5f80000,0x00000000d5f80000,0x00000000d6300000)
 ParOldGen       total 918528K, used 918166K [0x0000000080000000, 0x00000000b8100000, 0x00000000d5580000)
  object space 918528K, 99% used [0x0000000080000000,0x00000000b80a5a30,0x00000000b8100000)
 Metaspace       used 82302K, committed 84032K, reserved 1179648K
  class space    used 7989K, committed 8768K, reserved 1048576K
}
Event: 127.562 GC heap before
{Heap before GC invocations=3193 (full 5):
 PSYoungGen      total 8192K, used 8161K [0x00000000d5580000, 0x00000000d6300000, 0x0000000100000000)
  eden space 6656K, 100% used [0x00000000d5580000,0x00000000d5c00000,0x00000000d5c00000)
  from space 1536K, 98% used [0x00000000d5c80000,0x00000000d5df86c0,0x00000000d5e00000)
  to   space 3584K, 0% used [0x00000000d5f80000,0x00000000d5f80000,0x00000000d6300000)
 ParOldGen       total 918528K, used 918166K [0x0000000080000000, 0x00000000b8100000, 0x00000000d5580000)
  object space 918528K, 99% used [0x0000000080000000,0x00000000b80a5a30,0x00000000b8100000)
 Metaspace       used 82302K, committed 84032K, reserved 1179648K
  class space    used 7989K, committed 8768K, reserved 1048576K
}
Event: 127.565 GC heap after
{Heap after GC invocations=3193 (full 5):
 PSYoungGen      total 8704K, used 1584K [0x00000000d5580000, 0x00000000d6180000, 0x0000000100000000)
  eden space 6656K, 0% used [0x00000000d5580000,0x00000000d5580000,0x00000000d5c00000)
  from space 2048K, 77% used [0x00000000d5f80000,0x00000000d610c0f8,0x00000000d6180000)
  to   space 2560K, 0% used [0x00000000d5c80000,0x00000000d5c80000,0x00000000d5f00000)
 ParOldGen       total 920064K, used 919704K [0x0000000080000000, 0x00000000b8280000, 0x00000000d5580000)
  object space 920064K, 99% used [0x0000000080000000,0x00000000b8226148,0x00000000b8280000)
 Metaspace       used 82302K, committed 84032K, reserved 1179648K
  class space    used 7989K, committed 8768K, reserved 1048576K
}
Event: 127.574 GC heap before
{Heap before GC invocations=3194 (full 5):
 PSYoungGen      total 8704K, used 8240K [0x00000000d5580000, 0x00000000d6180000, 0x0000000100000000)
  eden space 6656K, 100% used [0x00000000d5580000,0x00000000d5c00000,0x00000000d5c00000)
  from space 2048K, 77% used [0x00000000d5f80000,0x00000000d610c0f8,0x00000000d6180000)
  to   space 2560K, 0% used [0x00000000d5c80000,0x00000000d5c80000,0x00000000d5f00000)
 ParOldGen       total 920064K, used 919704K [0x0000000080000000, 0x00000000b8280000, 0x00000000d5580000)
  object space 920064K, 99% used [0x0000000080000000,0x00000000b8226148,0x00000000b8280000)
 Metaspace       used 82304K, committed 84032K, reserved 1179648K
  class space    used 7990K, committed 8768K, reserved 1048576K
}
Event: 127.577 GC heap after
{Heap after GC invocations=3194 (full 5):
 PSYoungGen      total 9216K, used 2474K [0x00000000d5580000, 0x00000000d6200000, 0x0000000100000000)
  eden space 6656K, 0% used [0x00000000d5580000,0x00000000d5580000,0x00000000d5c00000)
  from space 2560K, 96% used [0x00000000d5c80000,0x00000000d5eeab98,0x00000000d5f00000)
  to   space 3072K, 0% used [0x00000000d5f00000,0x00000000d5f00000,0x00000000d6200000)
 ParOldGen       total 921600K, used 921136K [0x0000000080000000, 0x00000000b8400000, 0x00000000d5580000)
  object space 921600K, 99% used [0x0000000080000000,0x00000000b838c240,0x00000000b8400000)
 Metaspace       used 82304K, committed 84032K, reserved 1179648K
  class space    used 7990K, committed 8768K, reserved 1048576K
}
Event: 127.587 GC heap before
{Heap before GC invocations=3195 (full 5):
 PSYoungGen      total 9216K, used 9130K [0x00000000d5580000, 0x00000000d6200000, 0x0000000100000000)
  eden space 6656K, 100% used [0x00000000d5580000,0x00000000d5c00000,0x00000000d5c00000)
  from space 2560K, 96% used [0x00000000d5c80000,0x00000000d5eeab98,0x00000000d5f00000)
  to   space 3072K, 0% used [0x00000000d5f00000,0x00000000d5f00000,0x00000000d6200000)
 ParOldGen       total 921600K, used 921136K [0x0000000080000000, 0x00000000b8400000, 0x00000000d5580000)
  object space 921600K, 99% used [0x0000000080000000,0x00000000b838c240,0x00000000b8400000)
 Metaspace       used 82305K, committed 84032K, reserved 1179648K
  class space    used 7990K, committed 8768K, reserved 1048576K
}
Event: 127.590 GC heap after
{Heap after GC invocations=3195 (full 5):
 PSYoungGen      total 8704K, used 1920K [0x00000000d5580000, 0x00000000d6100000, 0x0000000100000000)
  eden space 6656K, 0% used [0x00000000d5580000,0x00000000d5580000,0x00000000d5c00000)
  from space 2048K, 93% used [0x00000000d5f00000,0x00000000d60e0010,0x00000000d6100000)
  to   space 2560K, 0% used [0x00000000d5c00000,0x00000000d5c00000,0x00000000d5e80000)
 ParOldGen       total 923648K, used 923380K [0x0000000080000000, 0x00000000b8600000, 0x00000000d5580000)
  object space 923648K, 99% used [0x0000000080000000,0x00000000b85bd020,0x00000000b8600000)
 Metaspace       used 82305K, committed 84032K, reserved 1179648K
  class space    used 7990K, committed 8768K, reserved 1048576K
}
Event: 127.606 GC heap before
{Heap before GC invocations=3196 (full 5):
 PSYoungGen      total 8704K, used 8576K [0x00000000d5580000, 0x00000000d6100000, 0x0000000100000000)
  eden space 6656K, 100% used [0x00000000d5580000,0x00000000d5c00000,0x00000000d5c00000)
  from space 2048K, 93% used [0x00000000d5f00000,0x00000000d60e0010,0x00000000d6100000)
  to   space 2560K, 0% used [0x00000000d5c00000,0x00000000d5c00000,0x00000000d5e80000)
 ParOldGen       total 923648K, used 923380K [0x0000000080000000, 0x00000000b8600000, 0x00000000d5580000)
  object space 923648K, 99% used [0x0000000080000000,0x00000000b85bd020,0x00000000b8600000)
 Metaspace       used 82308K, committed 84032K, reserved 1179648K
  class space    used 7990K, committed 8768K, reserved 1048576K
}
Event: 127.610 GC heap after
{Heap after GC invocations=3196 (full 5):
 PSYoungGen      total 8704K, used 1799K [0x00000000d5580000, 0x00000000d6000000, 0x0000000100000000)
  eden space 6656K, 0% used [0x00000000d5580000,0x00000000d5580000,0x00000000d5c00000)
  from space 2048K, 87% used [0x00000000d5c00000,0x00000000d5dc1d90,0x00000000d5e00000)
  to   space 2048K, 0% used [0x00000000d5e00000,0x00000000d5e00000,0x00000000d6000000)
 ParOldGen       total 925184K, used 925091K [0x0000000080000000, 0x00000000b8780000, 0x00000000d5580000)
  object space 925184K, 99% used [0x0000000080000000,0x00000000b8768f30,0x00000000b8780000)
 Metaspace       used 82308K, committed 84032K, reserved 1179648K
  class space    used 7990K, committed 8768K, reserved 1048576K
}
Event: 127.717 GC heap before
{Heap before GC invocations=3197 (full 5):
 PSYoungGen      total 8704K, used 8455K [0x00000000d5580000, 0x00000000d6000000, 0x0000000100000000)
  eden space 6656K, 100% used [0x00000000d5580000,0x00000000d5c00000,0x00000000d5c00000)
  from space 2048K, 87% used [0x00000000d5c00000,0x00000000d5dc1d90,0x00000000d5e00000)
  to   space 2048K, 0% used [0x00000000d5e00000,0x00000000d5e00000,0x00000000d6000000)
 ParOldGen       total 925184K, used 925092K [0x0000000080000000, 0x00000000b8780000, 0x00000000d5580000)
  object space 925184K, 99% used [0x0000000080000000,0x00000000b87691d8,0x00000000b8780000)
 Metaspace       used 82309K, committed 84032K, reserved 1179648K
  class space    used 7990K, committed 8768K, reserved 1048576K
}
Event: 127.720 GC heap after
{Heap after GC invocations=3197 (full 5):
 PSYoungGen      total 8192K, used 1172K [0x00000000d5580000, 0x00000000d5f80000, 0x0000000100000000)
  eden space 6656K, 0% used [0x00000000d5580000,0x00000000d5580000,0x00000000d5c00000)
  from space 1536K, 76% used [0x00000000d5e00000,0x00000000d5f25080,0x00000000d5f80000)
  to   space 1536K, 0% used [0x00000000d5c80000,0x00000000d5c80000,0x00000000d5e00000)
 ParOldGen       total 926720K, used 926719K [0x0000000080000000, 0x00000000b8900000, 0x00000000d5580000)
  object space 926720K, 99% used [0x0000000080000000,0x00000000b88fffe0,0x00000000b8900000)
 Metaspace       used 82309K, committed 84032K, reserved 1179648K
  class space    used 7990K, committed 8768K, reserved 1048576K
}
Event: 127.733 GC heap before
{Heap before GC invocations=3198 (full 5):
 PSYoungGen      total 8192K, used 7828K [0x00000000d5580000, 0x00000000d5f80000, 0x0000000100000000)
  eden space 6656K, 100% used [0x00000000d5580000,0x00000000d5c00000,0x00000000d5c00000)
  from space 1536K, 76% used [0x00000000d5e00000,0x00000000d5f25080,0x00000000d5f80000)
  to   space 1536K, 0% used [0x00000000d5c80000,0x00000000d5c80000,0x00000000d5e00000)
 ParOldGen       total 927232K, used 926721K [0x0000000080000000, 0x00000000b8980000, 0x00000000d5580000)
  object space 927232K, 99% used [0x0000000080000000,0x00000000b8900778,0x00000000b8980000)
 Metaspace       used 82364K, committed 84160K, reserved 1179648K
  class space    used 7992K, committed 8832K, reserved 1048576K
}

Dll operation events (12 events):
Event: 0.013 Loaded shared library c:\Users\bhaah\.vscode\extensions\redhat.java-1.43.0-win32-x64\jre\21.0.7-win32-x86_64\bin\java.dll
Event: 0.108 Loaded shared library c:\Users\bhaah\.vscode\extensions\redhat.java-1.43.0-win32-x64\jre\21.0.7-win32-x86_64\bin\zip.dll
Event: 0.158 Loaded shared library C:\Users\bhaah\.vscode\extensions\redhat.java-1.43.0-win32-x64\jre\21.0.7-win32-x86_64\bin\instrument.dll
Event: 0.163 Loaded shared library C:\Users\bhaah\.vscode\extensions\redhat.java-1.43.0-win32-x64\jre\21.0.7-win32-x86_64\bin\net.dll
Event: 0.165 Loaded shared library C:\Users\bhaah\.vscode\extensions\redhat.java-1.43.0-win32-x64\jre\21.0.7-win32-x86_64\bin\nio.dll
Event: 0.169 Loaded shared library C:\Users\bhaah\.vscode\extensions\redhat.java-1.43.0-win32-x64\jre\21.0.7-win32-x86_64\bin\zip.dll
Event: 0.188 Loaded shared library C:\Users\bhaah\.vscode\extensions\redhat.java-1.43.0-win32-x64\jre\21.0.7-win32-x86_64\bin\jimage.dll
Event: 0.255 Loaded shared library c:\Users\bhaah\.vscode\extensions\redhat.java-1.43.0-win32-x64\jre\21.0.7-win32-x86_64\bin\verify.dll
Event: 1.204 Loaded shared library C:\Users\bhaah\AppData\Roaming\Code\User\globalStorage\redhat.java\1.43.0\config_win\org.eclipse.equinox.launcher\org.eclipse.equinox.launcher.win32.win32.x86_64_1.2.1300.v20250331-1702\eclipse_11911.dll
Event: 2.579 Loaded shared library C:\Users\bhaah\AppData\Local\Temp\jna-93699650\jna12598393615372533522.dll
Event: 4.041 Loaded shared library C:\Users\bhaah\.vscode\extensions\redhat.java-1.43.0-win32-x64\jre\21.0.7-win32-x86_64\bin\sunmscapi.dll
Event: 4.199 Loaded shared library C:\Users\bhaah\.vscode\extensions\redhat.java-1.43.0-win32-x64\jre\21.0.7-win32-x86_64\bin\extnet.dll

Deoptimization events (20 events):
Event: 127.614 Thread 0x000001c41cd50760 Uncommon trap: trap_request=0xffffff45 fr.pc=0x000001c3c7cdb8d8 relative=0x0000000000001058
Event: 127.614 Thread 0x000001c41cd50760 Uncommon trap: reason=unstable_if action=reinterpret pc=0x000001c3c7cdb8d8 method=org.eclipse.jdt.internal.compiler.ast.ASTNode.resolvePolyExpressionArguments0(Lorg/eclipse/jdt/internal/compiler/ast/Invocation;Lorg/eclipse/jdt/internal/compiler/lookup/Met
Event: 127.614 Thread 0x000001c41cd50760 DEOPT PACKING pc=0x000001c3c7cdb8d8 sp=0x0000000ce80fe8c0
Event: 127.614 Thread 0x000001c41cd50760 DEOPT UNPACKING pc=0x000001c3c5fa3aa2 sp=0x0000000ce80fe848 mode 2
Event: 127.619 Thread 0x000001c41cd50760 DEOPT PACKING pc=0x000001c3bfe7edf3 sp=0x0000000ce80fec20
Event: 127.619 Thread 0x000001c41cd50760 DEOPT UNPACKING pc=0x000001c3c5fa4242 sp=0x0000000ce80fe0b8 mode 0
Event: 127.620 Thread 0x000001c41cd50760 DEOPT PACKING pc=0x000001c3bfe7edf3 sp=0x0000000ce80fec20
Event: 127.620 Thread 0x000001c41cd50760 DEOPT UNPACKING pc=0x000001c3c5fa4242 sp=0x0000000ce80fe0b8 mode 0
Event: 127.620 Thread 0x000001c41cd50760 DEOPT PACKING pc=0x000001c3bfe7edf3 sp=0x0000000ce80fec20
Event: 127.620 Thread 0x000001c41cd50760 DEOPT UNPACKING pc=0x000001c3c5fa4242 sp=0x0000000ce80fe0b8 mode 0
Event: 127.625 Thread 0x000001c41cd50760 DEOPT PACKING pc=0x000001c3c0f34650 sp=0x0000000ce80fef80
Event: 127.625 Thread 0x000001c41cd50760 DEOPT UNPACKING pc=0x000001c3c5fa4242 sp=0x0000000ce80fe450 mode 0
Event: 127.626 Thread 0x000001c41cd50760 DEOPT PACKING pc=0x000001c3bfe7edf3 sp=0x0000000ce80fec20
Event: 127.626 Thread 0x000001c41cd50760 DEOPT UNPACKING pc=0x000001c3c5fa4242 sp=0x0000000ce80fe0b8 mode 0
Event: 127.632 Thread 0x000001c41f653cf0 Uncommon trap: trap_request=0xffffff45 fr.pc=0x000001c3c6902ca0 relative=0x00000000000006e0
Event: 127.632 Thread 0x000001c41f653cf0 Uncommon trap: reason=unstable_if action=reinterpret pc=0x000001c3c6902ca0 method=java.util.concurrent.locks.ReentrantReadWriteLock$Sync.tryReleaseShared(I)Z @ 129 c2
Event: 127.632 Thread 0x000001c41f653cf0 DEOPT PACKING pc=0x000001c3c6902ca0 sp=0x0000000ced9fe380
Event: 127.716 Thread 0x000001c41f653cf0 DEOPT UNPACKING pc=0x000001c3c5fa3aa2 sp=0x0000000ced9fe188 mode 2
Event: 127.728 Thread 0x000001c42e4fd840 DEOPT PACKING pc=0x000001c3bf052f24 sp=0x0000000cecffe250
Event: 127.728 Thread 0x000001c42e4fd840 DEOPT UNPACKING pc=0x000001c3c5fa4242 sp=0x0000000cecffd670 mode 0

Classes loaded (20 events):
Event: 31.101 Loading class sun/util/cldr/CLDRTimeZoneNameProviderImpl
Event: 31.101 Loading class sun/util/locale/provider/TimeZoneNameProviderImpl
Event: 31.102 Loading class sun/util/locale/provider/TimeZoneNameProviderImpl done
Event: 31.102 Loading class sun/util/cldr/CLDRTimeZoneNameProviderImpl done
Event: 31.104 Loading class sun/util/resources/cldr/TimeZoneNames
Event: 31.104 Loading class sun/util/resources/TimeZoneNamesBundle
Event: 31.104 Loading class sun/util/resources/OpenListResourceBundle
Event: 31.104 Loading class sun/util/resources/OpenListResourceBundle done
Event: 31.104 Loading class sun/util/resources/TimeZoneNamesBundle done
Event: 31.104 Loading class sun/util/resources/cldr/TimeZoneNames done
Event: 31.104 Loading class sun/util/resources/cldr/TimeZoneNames_en
Event: 31.106 Loading class sun/util/resources/cldr/TimeZoneNames_en done
Event: 31.106 Loading class sun/util/resources/cldr/TimeZoneNames_en_US
Event: 31.106 Loading class sun/util/resources/cldr/TimeZoneNames_en_US done
Event: 31.107 Loading class sun/util/cldr/CLDRBaseLocaleDataMetaInfo$TZCanonicalIDMapHolder
Event: 31.108 Loading class sun/util/cldr/CLDRBaseLocaleDataMetaInfo$TZCanonicalIDMapHolder done
Event: 31.111 Loading class sun/util/resources/TimeZoneNames
Event: 31.112 Loading class sun/util/resources/TimeZoneNames done
Event: 31.113 Loading class sun/util/resources/TimeZoneNames_en
Event: 31.113 Loading class sun/util/resources/TimeZoneNames_en done

Classes unloaded (11 events):
Event: 2.922 Thread 0x000001c3bb8a13d0 Unloading class 0x000001c3d41a0400 'java/lang/invoke/LambdaForm$MH+0x000001c3d41a0400'
Event: 2.922 Thread 0x000001c3bb8a13d0 Unloading class 0x000001c3d41a0000 'java/lang/invoke/LambdaForm$MH+0x000001c3d41a0000'
Event: 2.922 Thread 0x000001c3bb8a13d0 Unloading class 0x000001c3d419fc00 'java/lang/invoke/LambdaForm$MH+0x000001c3d419fc00'
Event: 2.922 Thread 0x000001c3bb8a13d0 Unloading class 0x000001c3d419f800 'java/lang/invoke/LambdaForm$MH+0x000001c3d419f800'
Event: 2.922 Thread 0x000001c3bb8a13d0 Unloading class 0x000001c3d419f400 'java/lang/invoke/LambdaForm$BMH+0x000001c3d419f400'
Event: 2.922 Thread 0x000001c3bb8a13d0 Unloading class 0x000001c3d419f000 'java/lang/invoke/LambdaForm$DMH+0x000001c3d419f000'
Event: 2.922 Thread 0x000001c3bb8a13d0 Unloading class 0x000001c3d419e000 'java/lang/invoke/LambdaForm$DMH+0x000001c3d419e000'
Event: 15.429 Thread 0x000001c3bb8a13d0 Unloading class 0x000001c3d472d000 'java/lang/invoke/LambdaForm$DMH+0x000001c3d472d000'
Event: 15.429 Thread 0x000001c3bb8a13d0 Unloading class 0x000001c3d472cc00 'java/lang/invoke/LambdaForm$DMH+0x000001c3d472cc00'
Event: 15.429 Thread 0x000001c3bb8a13d0 Unloading class 0x000001c3d472c800 'java/lang/invoke/LambdaForm$DMH+0x000001c3d472c800'
Event: 15.429 Thread 0x000001c3bb8a13d0 Unloading class 0x000001c3d472c400 'java/lang/invoke/LambdaForm$DMH+0x000001c3d472c400'

Classes redefined (0 events):
No events

Internal exceptions (20 events):
Event: 41.561 Thread 0x000001c41cd50760 Exception <a 'sun/nio/fs/WindowsException'{0x00000000d589cbc8}> (0x00000000d589cbc8) 
thrown [s\src\hotspot\share\prims\jni.cpp, line 520]
Event: 41.685 Thread 0x000001c41cd50760 Exception <a 'sun/nio/fs/WindowsException'{0x00000000d58810c0}> (0x00000000d58810c0) 
thrown [s\src\hotspot\share\prims\jni.cpp, line 520]
Event: 41.723 Thread 0x000001c41cd50760 Exception <a 'sun/nio/fs/WindowsException'{0x00000000d57faf90}> (0x00000000d57faf90) 
thrown [s\src\hotspot\share\prims\jni.cpp, line 520]
Event: 41.760 Thread 0x000001c41cd50760 Exception <a 'sun/nio/fs/WindowsException'{0x00000000d563e460}> (0x00000000d563e460) 
thrown [s\src\hotspot\share\prims\jni.cpp, line 520]
Event: 41.780 Thread 0x000001c41cd50760 Exception <a 'sun/nio/fs/WindowsException'{0x00000000d57ce1a8}> (0x00000000d57ce1a8) 
thrown [s\src\hotspot\share\prims\jni.cpp, line 520]
Event: 41.926 Thread 0x000001c41cd50760 Exception <a 'sun/nio/fs/WindowsException'{0x00000000d56e4e10}> (0x00000000d56e4e10) 
thrown [s\src\hotspot\share\prims\jni.cpp, line 520]
Event: 44.725 Thread 0x000001c41cd50760 Exception <a 'sun/nio/fs/WindowsException'{0x00000000d5818008}> (0x00000000d5818008) 
thrown [s\src\hotspot\share\prims\jni.cpp, line 520]
Event: 88.208 Thread 0x000001c41e714490 Exception <a 'java/lang/IncompatibleClassChangeError'{0x00000000d55dced8}: Found class java.lang.Object, but interface was expected> (0x00000000d55dced8) 
thrown [s\src\hotspot\share\interpreter\linkResolver.cpp, line 840]
Event: 88.368 Thread 0x000001c42e500630 Implicit null exception at 0x000001c3c6d21f0b to 0x000001c3c6d24120
Event: 88.431 Thread 0x000001c42e500630 Implicit null exception at 0x000001c3c68f6643 to 0x000001c3c68f6acc
Event: 109.757 Thread 0x000001c42e500630 Exception <a 'java/lang/NoSuchMethodError'{0x00000000d5743268}: 'java.lang.Object java.lang.invoke.DirectMethodHandle$Holder.invokeStaticInit(java.lang.Object, java.lang.Object, java.lang.Object)'> (0x00000000d5743268) 
thrown [s\src\hotspot\share\interpreter\linkResolver.cpp, line 773]
Event: 125.183 Thread 0x000001c41cd50760 Exception <a 'sun/nio/fs/WindowsException'{0x00000000d565bf78}> (0x00000000d565bf78) 
thrown [s\src\hotspot\share\prims\jni.cpp, line 520]
Event: 125.355 Thread 0x000001c41cd50760 Implicit null exception at 0x000001c3c6c98f8a to 0x000001c3c6c997fc
Event: 125.659 Thread 0x000001c41cd51b10 Exception <a 'sun/nio/fs/WindowsException'{0x00000000d5758290}> (0x00000000d5758290) 
thrown [s\src\hotspot\share\prims\jni.cpp, line 520]
Event: 125.660 Thread 0x000001c41cd51b10 Exception <a 'sun/nio/fs/WindowsException'{0x00000000d57706e0}> (0x00000000d57706e0) 
thrown [s\src\hotspot\share\prims\jni.cpp, line 520]
Event: 125.675 Thread 0x000001c41cd51b10 Exception <a 'sun/nio/fs/WindowsException'{0x00000000d55ec4a8}> (0x00000000d55ec4a8) 
thrown [s\src\hotspot\share\prims\jni.cpp, line 520]
Event: 125.675 Thread 0x000001c41cd51b10 Exception <a 'sun/nio/fs/WindowsException'{0x00000000d55ece50}> (0x00000000d55ece50) 
thrown [s\src\hotspot\share\prims\jni.cpp, line 520]
Event: 125.708 Thread 0x000001c41cd51b10 Exception <a 'sun/nio/fs/WindowsException'{0x00000000d5631188}> (0x00000000d5631188) 
thrown [s\src\hotspot\share\prims\jni.cpp, line 520]
Event: 126.234 Thread 0x000001c41cd50760 Implicit null exception at 0x000001c3c7a586fd to 0x000001c3c7a58b54
Event: 126.461 Thread 0x000001c41f655730 Exception <a 'java/lang/NoSuchMethodError'{0x00000000d577f1a0}: 'void java.lang.invoke.DirectMethodHandle$Holder.invokeVirtual(java.lang.Object, java.lang.Object, java.lang.Object, java.lang.Object, java.lang.Object)'> (0x00000000d577f1a0) 
thrown [s\src\hotspot\share\interpreter\linkResolver.cpp, line 773]

ZGC Phase Switch (0 events):
No events

VM Operations (20 events):
Event: 127.464 Executing VM operation: ParallelGCFailedAllocation (Allocation Failure) done
Event: 127.480 Executing VM operation: ParallelGCFailedAllocation (Allocation Failure)
Event: 127.483 Executing VM operation: ParallelGCFailedAllocation (Allocation Failure) done
Event: 127.503 Executing VM operation: ParallelGCFailedAllocation (Allocation Failure)
Event: 127.505 Executing VM operation: ParallelGCFailedAllocation (Allocation Failure) done
Event: 127.513 Executing VM operation: ParallelGCFailedAllocation (Allocation Failure)
Event: 127.516 Executing VM operation: ParallelGCFailedAllocation (Allocation Failure) done
Event: 127.562 Executing VM operation: ParallelGCFailedAllocation (Allocation Failure)
Event: 127.565 Executing VM operation: ParallelGCFailedAllocation (Allocation Failure) done
Event: 127.574 Executing VM operation: ParallelGCFailedAllocation (Allocation Failure)
Event: 127.577 Executing VM operation: ParallelGCFailedAllocation (Allocation Failure) done
Event: 127.586 Executing VM operation: ParallelGCFailedAllocation (Allocation Failure)
Event: 127.590 Executing VM operation: ParallelGCFailedAllocation (Allocation Failure) done
Event: 127.606 Executing VM operation: ParallelGCFailedAllocation (Allocation Failure)
Event: 127.610 Executing VM operation: ParallelGCFailedAllocation (Allocation Failure) done
Event: 127.632 Executing VM operation: ParallelGCFailedAllocation (Allocation Failure)
Event: 127.717 Executing VM operation: ParallelGCFailedAllocation (Allocation Failure) done
Event: 127.717 Executing VM operation: ParallelGCSystemGC (GCLocker Initiated GC)
Event: 127.720 Executing VM operation: ParallelGCSystemGC (GCLocker Initiated GC) done
Event: 127.733 Executing VM operation: ParallelGCFailedAllocation (Allocation Failure)

Memory protections (0 events):
No events

Nmethod flushes (20 events):
Event: 36.840 Thread 0x000001c3bb8a13d0 flushing  nmethod 0x000001c3c0e26110
Event: 36.840 Thread 0x000001c3bb8a13d0 flushing  nmethod 0x000001c3c0e3e490
Event: 36.840 Thread 0x000001c3bb8a13d0 flushing  nmethod 0x000001c3c0e76f90
Event: 36.840 Thread 0x000001c3bb8a13d0 flushing  nmethod 0x000001c3c0ecd590
Event: 36.840 Thread 0x000001c3bb8a13d0 flushing  nmethod 0x000001c3c0edbf90
Event: 36.840 Thread 0x000001c3bb8a13d0 flushing  nmethod 0x000001c3c0f12890
Event: 36.840 Thread 0x000001c3bb8a13d0 flushing  nmethod 0x000001c3c0f12d10
Event: 36.840 Thread 0x000001c3bb8a13d0 flushing  nmethod 0x000001c3c0f13190
Event: 36.840 Thread 0x000001c3bb8a13d0 flushing  nmethod 0x000001c3c0f16910
Event: 36.840 Thread 0x000001c3bb8a13d0 flushing  nmethod 0x000001c3c0f18090
Event: 36.840 Thread 0x000001c3bb8a13d0 flushing  nmethod 0x000001c3c0f19190
Event: 36.840 Thread 0x000001c3bb8a13d0 flushing  nmethod 0x000001c3c0f19c10
Event: 36.840 Thread 0x000001c3bb8a13d0 flushing  nmethod 0x000001c3c0f1a210
Event: 36.840 Thread 0x000001c3bb8a13d0 flushing  nmethod 0x000001c3c0f1bb90
Event: 36.840 Thread 0x000001c3bb8a13d0 flushing  nmethod 0x000001c3c0f21e90
Event: 36.840 Thread 0x000001c3bb8a13d0 flushing  nmethod 0x000001c3c0f23c90
Event: 36.840 Thread 0x000001c3bb8a13d0 flushing  nmethod 0x000001c3c0f31c10
Event: 36.840 Thread 0x000001c3bb8a13d0 flushing  nmethod 0x000001c3c0f38890
Event: 36.840 Thread 0x000001c3bb8a13d0 flushing  nmethod 0x000001c3c0f38d90
Event: 36.840 Thread 0x000001c3bb8a13d0 flushing  nmethod 0x000001c3c0f41f90

Events (20 events):
Event: 110.131 Thread 0x000001c4146ea5a0 Thread added: 0x000001c41ca9ee00
Event: 110.139 Thread 0x000001c4146ea5a0 Thread added: 0x000001c41ca9f4d0
Event: 110.139 Thread 0x000001c4146ea5a0 Thread added: 0x000001c429dfc700
Event: 110.144 Thread 0x000001c4146ea5a0 Thread added: 0x000001c429dfb960
Event: 110.144 Thread 0x000001c4146ea5a0 Thread added: 0x000001c429dff6b0
Event: 110.155 Thread 0x000001c4146ea5a0 Thread added: 0x000001c429dfc030
Event: 115.371 Thread 0x000001c429dff6b0 Thread exited: 0x000001c429dff6b0
Event: 115.371 Thread 0x000001c429dfc030 Thread exited: 0x000001c429dfc030
Event: 115.371 Thread 0x000001c41ca9f4d0 Thread exited: 0x000001c41ca9f4d0
Event: 120.375 Thread 0x000001c41ca9ee00 Thread exited: 0x000001c41ca9ee00
Event: 120.375 Thread 0x000001c429dfb960 Thread exited: 0x000001c429dfb960
Event: 120.545 Thread 0x000001c429dfc700 Thread exited: 0x000001c429dfc700
Event: 120.545 Thread 0x000001c41ca9e730 Thread exited: 0x000001c41ca9e730
Event: 124.694 Thread 0x000001c4146ea5a0 Thread added: 0x000001c429dfc700
Event: 124.694 Thread 0x000001c4146ea5a0 Thread added: 0x000001c429dfd4a0
Event: 125.185 Thread 0x000001c41cd51b10 Thread added: 0x000001c41f656450
Event: 125.917 Thread 0x000001c41cd51b10 Thread added: 0x000001c41f655730
Event: 125.997 Thread 0x000001c4146ea5a0 Thread added: 0x000001c429e00b20
Event: 126.005 Thread 0x000001c429dfd4a0 Thread added: 0x000001c429dffd80
Event: 126.784 Thread 0x000001c41f656450 Thread added: 0x000001c41f657e90


Dynamic libraries:
0x00007ff755ee0000 - 0x00007ff755eee000 	c:\Users\bhaah\.vscode\extensions\redhat.java-1.43.0-win32-x64\jre\21.0.7-win32-x86_64\bin\java.exe
0x00007ffebfda0000 - 0x00007ffec0005000 	C:\WINDOWS\SYSTEM32\ntdll.dll
0x00007ffebf170000 - 0x00007ffebf239000 	C:\WINDOWS\System32\KERNEL32.DLL
0x00007ffebcef0000 - 0x00007ffebd2d8000 	C:\WINDOWS\System32\KERNELBASE.dll
0x00007ffebd670000 - 0x00007ffebd7bb000 	C:\WINDOWS\System32\ucrtbase.dll
0x00007ffe8edf0000 - 0x00007ffe8ee08000 	c:\Users\bhaah\.vscode\extensions\redhat.java-1.43.0-win32-x64\jre\21.0.7-win32-x86_64\bin\jli.dll
0x00007ffe8e7e0000 - 0x00007ffe8e7fe000 	c:\Users\bhaah\.vscode\extensions\redhat.java-1.43.0-win32-x64\jre\21.0.7-win32-x86_64\bin\VCRUNTIME140.dll
0x00007ffebec40000 - 0x00007ffebee0a000 	C:\WINDOWS\System32\USER32.dll
0x00007ffebd4c0000 - 0x00007ffebd4e7000 	C:\WINDOWS\System32\win32u.dll
0x00007ffea8b50000 - 0x00007ffea8dea000 	C:\WINDOWS\WinSxS\amd64_microsoft.windows.common-controls_6595b64144ccf1df_6.0.26100.4202_none_3e0698d4e335f517\COMCTL32.dll
0x00007ffebdc60000 - 0x00007ffebdc8b000 	C:\WINDOWS\System32\GDI32.dll
0x00007ffebdea0000 - 0x00007ffebdf49000 	C:\WINDOWS\System32\msvcrt.dll
0x00007ffebda00000 - 0x00007ffebdb37000 	C:\WINDOWS\System32\gdi32full.dll
0x00007ffebd2e0000 - 0x00007ffebd383000 	C:\WINDOWS\System32\msvcp_win.dll
0x00007ffebde60000 - 0x00007ffebde90000 	C:\WINDOWS\System32\IMM32.DLL
0x00007ffeb62d0000 - 0x00007ffeb62dc000 	c:\Users\bhaah\.vscode\extensions\redhat.java-1.43.0-win32-x64\jre\21.0.7-win32-x86_64\bin\vcruntime140_1.dll
0x00007ffe83e90000 - 0x00007ffe83f1d000 	c:\Users\bhaah\.vscode\extensions\redhat.java-1.43.0-win32-x64\jre\21.0.7-win32-x86_64\bin\msvcp140.dll
0x00007ffe6b1e0000 - 0x00007ffe6bf70000 	c:\Users\bhaah\.vscode\extensions\redhat.java-1.43.0-win32-x64\jre\21.0.7-win32-x86_64\bin\server\jvm.dll
0x00007ffebf780000 - 0x00007ffebf833000 	C:\WINDOWS\System32\ADVAPI32.dll
0x00007ffebfa90000 - 0x00007ffebfb36000 	C:\WINDOWS\System32\sechost.dll
0x00007ffebdb40000 - 0x00007ffebdc55000 	C:\WINDOWS\System32\RPCRT4.dll
0x00007ffebee20000 - 0x00007ffebee94000 	C:\WINDOWS\System32\WS2_32.dll
0x00007ffebcd60000 - 0x00007ffebcdbe000 	C:\WINDOWS\SYSTEM32\POWRPROF.dll
0x00007ffeba710000 - 0x00007ffeba745000 	C:\WINDOWS\SYSTEM32\WINMM.dll
0x00007ffeb42f0000 - 0x00007ffeb42fb000 	C:\WINDOWS\SYSTEM32\VERSION.dll
0x00007ffebcd40000 - 0x00007ffebcd54000 	C:\WINDOWS\SYSTEM32\UMPDC.dll
0x00007ffebbc90000 - 0x00007ffebbcab000 	C:\WINDOWS\SYSTEM32\kernel.appcore.dll
0x00007ffeab5b0000 - 0x00007ffeab5ba000 	c:\Users\bhaah\.vscode\extensions\redhat.java-1.43.0-win32-x64\jre\21.0.7-win32-x86_64\bin\jimage.dll
0x00007ffeba4c0000 - 0x00007ffeba701000 	C:\WINDOWS\SYSTEM32\DBGHELP.DLL
0x00007ffebe8b0000 - 0x00007ffebec35000 	C:\WINDOWS\System32\combase.dll
0x00007ffebe6a0000 - 0x00007ffebe781000 	C:\WINDOWS\System32\OLEAUT32.dll
0x00007ffeba480000 - 0x00007ffeba4b9000 	C:\WINDOWS\SYSTEM32\dbgcore.DLL
0x00007ffebd390000 - 0x00007ffebd429000 	C:\WINDOWS\System32\bcryptPrimitives.dll
0x00007ffeaab10000 - 0x00007ffeaab1f000 	c:\Users\bhaah\.vscode\extensions\redhat.java-1.43.0-win32-x64\jre\21.0.7-win32-x86_64\bin\instrument.dll
0x00007ffe8b3a0000 - 0x00007ffe8b3bf000 	c:\Users\bhaah\.vscode\extensions\redhat.java-1.43.0-win32-x64\jre\21.0.7-win32-x86_64\bin\java.dll
0x00007ffebdf50000 - 0x00007ffebe692000 	C:\WINDOWS\System32\SHELL32.dll
0x00007ffebd7c0000 - 0x00007ffebd934000 	C:\WINDOWS\System32\wintypes.dll
0x00007ffebab10000 - 0x00007ffebb368000 	C:\WINDOWS\SYSTEM32\windows.storage.dll
0x00007ffebeef0000 - 0x00007ffebefe1000 	C:\WINDOWS\System32\SHCORE.dll
0x00007ffebf840000 - 0x00007ffebf8aa000 	C:\WINDOWS\System32\shlwapi.dll
0x00007ffebce00000 - 0x00007ffebce2f000 	C:\WINDOWS\SYSTEM32\profapi.dll
0x00007ffe8a670000 - 0x00007ffe8a688000 	c:\Users\bhaah\.vscode\extensions\redhat.java-1.43.0-win32-x64\jre\21.0.7-win32-x86_64\bin\zip.dll
0x00007ffea4e60000 - 0x00007ffea4e70000 	C:\Users\bhaah\.vscode\extensions\redhat.java-1.43.0-win32-x64\jre\21.0.7-win32-x86_64\bin\net.dll
0x00007ffeb5a50000 - 0x00007ffeb5b6e000 	C:\WINDOWS\SYSTEM32\WINHTTP.dll
0x00007ffebc220000 - 0x00007ffebc28a000 	C:\WINDOWS\system32\mswsock.dll
0x00007ffea1380000 - 0x00007ffea1396000 	C:\Users\bhaah\.vscode\extensions\redhat.java-1.43.0-win32-x64\jre\21.0.7-win32-x86_64\bin\nio.dll
0x00007ffea2400000 - 0x00007ffea2410000 	c:\Users\bhaah\.vscode\extensions\redhat.java-1.43.0-win32-x64\jre\21.0.7-win32-x86_64\bin\verify.dll
0x00007ffe8b420000 - 0x00007ffe8b465000 	C:\Users\bhaah\AppData\Roaming\Code\User\globalStorage\redhat.java\1.43.0\config_win\org.eclipse.equinox.launcher\org.eclipse.equinox.launcher.win32.win32.x86_64_1.2.1300.v20250331-1702\eclipse_11911.dll
0x00007ffebdca0000 - 0x00007ffebde3e000 	C:\WINDOWS\System32\ole32.dll
0x00007ffebc4d0000 - 0x00007ffebc4eb000 	C:\WINDOWS\SYSTEM32\CRYPTSP.dll
0x00007ffebbbf0000 - 0x00007ffebbc2a000 	C:\WINDOWS\system32\rsaenh.dll
0x00007ffebc2c0000 - 0x00007ffebc2eb000 	C:\WINDOWS\SYSTEM32\USERENV.dll
0x00007ffebcdd0000 - 0x00007ffebcdf6000 	C:\WINDOWS\SYSTEM32\bcrypt.dll
0x00007ffebc4f0000 - 0x00007ffebc4fc000 	C:\WINDOWS\SYSTEM32\CRYPTBASE.dll
0x00007ffebb690000 - 0x00007ffebb6c3000 	C:\WINDOWS\SYSTEM32\IPHLPAPI.DLL
0x00007ffebe8a0000 - 0x00007ffebe8aa000 	C:\WINDOWS\System32\NSI.dll
0x00007ffe8b3d0000 - 0x00007ffe8b419000 	C:\Users\bhaah\AppData\Local\Temp\jna-93699650\jna12598393615372533522.dll
0x00007ffebee10000 - 0x00007ffebee18000 	C:\WINDOWS\System32\PSAPI.DLL
0x00007ffeb62a0000 - 0x00007ffeb62bf000 	C:\WINDOWS\SYSTEM32\dhcpcsvc6.DLL
0x00007ffeb6270000 - 0x00007ffeb6295000 	C:\WINDOWS\SYSTEM32\dhcpcsvc.DLL
0x00007ffea1d50000 - 0x00007ffea1d5e000 	C:\Users\bhaah\.vscode\extensions\redhat.java-1.43.0-win32-x64\jre\21.0.7-win32-x86_64\bin\sunmscapi.dll
0x00007ffebd4f0000 - 0x00007ffebd667000 	C:\WINDOWS\System32\CRYPT32.dll
0x00007ffebc670000 - 0x00007ffebc6a0000 	C:\WINDOWS\SYSTEM32\ncrypt.dll
0x00007ffebc620000 - 0x00007ffebc65f000 	C:\WINDOWS\SYSTEM32\NTASN1.dll
0x00007ffebb720000 - 0x00007ffebb847000 	C:\WINDOWS\SYSTEM32\DNSAPI.dll
0x00007ffeb5690000 - 0x00007ffeb569b000 	C:\Windows\System32\rasadhlp.dll
0x00007ffeb6420000 - 0x00007ffeb64a6000 	C:\WINDOWS\System32\fwpuclnt.dll
0x00007ffea0f40000 - 0x00007ffea0f49000 	C:\Users\bhaah\.vscode\extensions\redhat.java-1.43.0-win32-x64\jre\21.0.7-win32-x86_64\bin\extnet.dll
0x00007ffebbdb0000 - 0x00007ffebbde6000 	C:\WINDOWS\SYSTEM32\ntmarta.dll

dbghelp: loaded successfully - version: 4.0.5 - missing functions: none
symbol engine: initialized successfully - sym options: 0x614 - pdb path: .;c:\Users\bhaah\.vscode\extensions\redhat.java-1.43.0-win32-x64\jre\21.0.7-win32-x86_64\bin;C:\WINDOWS\SYSTEM32;C:\WINDOWS\WinSxS\amd64_microsoft.windows.common-controls_6595b64144ccf1df_6.0.26100.4202_none_3e0698d4e335f517;c:\Users\bhaah\.vscode\extensions\redhat.java-1.43.0-win32-x64\jre\21.0.7-win32-x86_64\bin\server;C:\Users\bhaah\AppData\Roaming\Code\User\globalStorage\redhat.java\1.43.0\config_win\org.eclipse.equinox.launcher\org.eclipse.equinox.launcher.win32.win32.x86_64_1.2.1300.v20250331-1702;C:\Users\bhaah\AppData\Local\Temp\jna-93699650

VM Arguments:
jvm_args: --add-modules=ALL-SYSTEM --add-opens=java.base/java.util=ALL-UNNAMED --add-opens=java.base/java.lang=ALL-UNNAMED --add-opens=java.base/sun.nio.fs=ALL-UNNAMED -Declipse.application=org.eclipse.jdt.ls.core.id1 -Dosgi.bundles.defaultStartLevel=4 -Declipse.product=org.eclipse.jdt.ls.core.product -Djava.import.generatesMetadataFilesAtProjectRoot=false -DDetectVMInstallationsJob.disabled=true -Dfile.encoding=utf8 -XX:+UseParallelGC -XX:GCTimeRatio=4 -XX:AdaptiveSizePolicyWeight=90 -Dsun.zip.disableMemoryMapping=true -Xmx2G -Xms100m -Xlog:disable -javaagent:c:\Users\bhaah\.vscode\extensions\redhat.java-1.43.0-win32-x64\lombok\lombok-1.18.39-4050.jar -XX:+HeapDumpOnOutOfMemoryError -XX:HeapDumpPath=c:\Users\bhaah\AppData\Roaming\Code\User\workspaceStorage\75d33d689fd5cbe0b77c0b6ea9c27db4\redhat.java -Daether.dependencyCollector.impl=bf 
java_command: c:\Users\bhaah\.vscode\extensions\redhat.java-1.43.0-win32-x64\server\plugins\org.eclipse.equinox.launcher_1.7.0.v20250519-0528.jar -configuration c:\Users\bhaah\AppData\Roaming\Code\User\globalStorage\redhat.java\1.43.0\config_win -data c:\Users\bhaah\AppData\Roaming\Code\User\workspaceStorage\75d33d689fd5cbe0b77c0b6ea9c27db4\redhat.java\jdt_ws --pipe=\\.\pipe\lsp-6fe2ff0b1d4ef78cb25061398338d0b5-sock
java_class_path (initial): c:\Users\bhaah\.vscode\extensions\redhat.java-1.43.0-win32-x64\server\plugins\org.eclipse.equinox.launcher_1.7.0.v20250519-0528.jar
Launcher Type: SUN_STANDARD

[Global flags]
    uintx AdaptiveSizePolicyWeight                 = 90                                        {product} {command line}
     intx CICompilerCount                          = 12                                        {product} {ergonomic}
    uintx GCTimeRatio                              = 4                                         {product} {command line}
     bool HeapDumpOnOutOfMemoryError               = true                                   {manageable} {command line}
    ccstr HeapDumpPath                             = c:\Users\bhaah\AppData\Roaming\Code\User\workspaceStorage\75d33d689fd5cbe0b77c0b6ea9c27db4\redhat.java         {manageable} {command line}
   size_t InitialHeapSize                          = 104857600                                 {product} {command line}
   size_t MaxHeapSize                              = 2147483648                                {product} {command line}
   size_t MaxNewSize                               = 715653120                                 {product} {ergonomic}
   size_t MinHeapDeltaBytes                        = 524288                                    {product} {ergonomic}
   size_t MinHeapSize                              = 104857600                                 {product} {command line}
   size_t NewSize                                  = 34603008                                  {product} {ergonomic}
    uintx NonNMethodCodeHeapSize                   = 7602480                                {pd product} {ergonomic}
    uintx NonProfiledCodeHeapSize                  = 122027880                              {pd product} {ergonomic}
   size_t OldSize                                  = 70254592                                  {product} {ergonomic}
    uintx ProfiledCodeHeapSize                     = 122027880                              {pd product} {ergonomic}
    uintx ReservedCodeCacheSize                    = 251658240                              {pd product} {ergonomic}
     bool SegmentedCodeCache                       = true                                      {product} {ergonomic}
   size_t SoftMaxHeapSize                          = 2147483648                             {manageable} {ergonomic}
     bool UseCompressedOops                        = true                           {product lp64_product} {ergonomic}
     bool UseLargePagesIndividualAllocation        = false                                  {pd product} {ergonomic}
     bool UseParallelGC                            = true                                      {product} {command line}

Logging:
Log output configuration:
 #0: stdout all=off uptime,level,tags foldmultilines=false
 #1: stderr all=off uptime,level,tags foldmultilines=false

Environment Variables:
JAVA_HOME=C:\Users\bhaah\Downloads\jdk-18.0.2.1_windows-x64_bin.exe
PATH=C:\Program Files (x86)\Microsoft SDKs\Azure\CLI2\wbin;C:\Program Files\Eclipse Adoptium\jdk-21.0.4.7-hotspot\bin;C:\Program Files\Common Files\Oracle\Java\javapath;C:\Windows\system32;C:\Windows;C:\Windows\System32\Wbem;C:\Windows\System32\WindowsPowerShell\v1.0\;C:\Windows\System32\OpenSSH\;C:\Program Files (x86)\NVIDIA Corporation\PhysX\Common;C:\Program Files\NVIDIA Corporation\NVIDIA NvDLISR;C:\WINDOWS\system32;C:\WINDOWS;C:\WINDOWS\System32\Wbem;C:\WINDOWS\System32\WindowsPowerShell\v1.0\;C:\WINDOWS\System32\OpenSSH\;C:\Program Files\dotnet\;C:\Program Files\Git\cmd;C:\Program Files\nodejs\;C:\Program Files\Microsoft SQL Server\150\Tools\Binn\;C:\Program Files\Microsoft SQL Server\Client SDK\ODBC\170\Tools\Binn\;C:\Program Files\Docker\Docker\resources\bin;C:\Users\bhaah\Downloads\jdk-18.0.2.1_windows-x64_bin.exe;C:\Users\bhaah\AppData\Local\Microsoft\WindowsApps;C:\Users\bhaah\.dotnet\tools;C:\Users\bhaah\AppData\Local\gitkraken\bin;C:\Users\bhaah\AppData\Local\GitHubDesktop\bin;C:\Users\bhaah\AppData\Roaming\npm;C:\Users\bhaah\AppData\Local\Programs\Microsoft VS Code\bin;C:\Users\bhaah\AppData\Local\Microsoft\WinGet\Packages\Schniz.fnm_Microsoft.Winget.Source_8wekyb3d8bbwe;C:\Users\bhaah\.dotnet\tools;C:\Program Files\Apache\Maven;;C:\Users\bhaah\AppData\Local\Programs\Azure Data Studio\bin;C:\Users\bhaah\AppData\Local\Microsoft\WindowsApps
USERNAME=bhaah
OS=Windows_NT
PROCESSOR_IDENTIFIER=AMD64 Family 25 Model 80 Stepping 0, AuthenticAMD
TMP=C:\Users\bhaah\AppData\Local\Temp
TEMP=C:\Users\bhaah\AppData\Local\Temp




Periodic native trim disabled

---------------  S Y S T E M  ---------------

OS:
 Windows 11 , 64 bit Build 26100 (10.0.26100.4202)
OS uptime: 9 days 14:13 hours
Hyper-V role detected

CPU: total 16 (initial active 16) (16 cores per cpu, 2 threads per core) family 25 model 80 stepping 0 microcode 0xa50000c, cx8, cmov, fxsr, ht, mmx, 3dnowpref, sse, sse2, sse3, ssse3, sse4a, sse4.1, sse4.2, popcnt, lzcnt, tsc, tscinvbit, avx, avx2, aes, erms, clmul, bmi1, bmi2, adx, sha, fma, vzeroupper, clflush, clflushopt, hv, rdtscp, rdpid, fsrm, f16c, cet_ss
Processor Information for the first 16 processors :
  Max Mhz: 3201, Current Mhz: 3201, Mhz Limit: 3201

Memory: 4k page, system-wide physical 15775M (5841M free)
TotalPageFile size 64927M (AvailPageFile size 4M)
current process WorkingSet (physical memory assigned to process): 1464M, peak: 1464M
current process commit charge ("private bytes"): 1398M, peak: 1776M

vm_info: OpenJDK 64-Bit Server VM (21.0.7+6-LTS) for windows-amd64 JRE (21.0.7+6-LTS), built on 2025-04-15T00:00:00Z by "admin" with MS VC++ 17.7 (VS2022)

END.
