#
# There is insufficient memory for the Java Runtime Environment to continue.
# Native memory allocation (malloc) failed to allocate 65552 bytes. Error detail: Chunk::new
# Possible reasons:
#   The system is out of physical RAM or swap space
#   This process is running with CompressedOops enabled, and the Java Heap may be blocking the growth of the native heap
# Possible solutions:
#   Reduce memory load on the system
#   Increase physical memory or swap space
#   Check if swap backing store is full
#   Decrease Java heap size (-Xmx/-Xms)
#   Decrease number of Java threads
#   Decrease Java thread stack sizes (-Xss)
#   Set larger code cache with -XX:ReservedCodeCacheSize=
#   JVM is running with Unscaled Compressed Oops mode in which the Java heap is
#     placed in the first 4GB address space. The Java Heap base address is the
#     maximum limit for the native heap growth. Please use -XX:HeapBaseMinAddress
#     to set the Java Heap base and to place the Java Heap above 4GB virtual address.
# This output file may be truncated or incomplete.
#
#  Out of Memory Error (arena.cpp:168), pid=41544, tid=20188
#
# JRE version: OpenJDK Runtime Environment Temurin-21.0.6+7 (21.0.6+7) (build 21.0.6+7-LTS)
# Java VM: OpenJDK 64-Bit Server VM Temurin-21.0.6+7 (21.0.6+7-LTS, mixed mode, sharing, tiered, compressed oops, compressed class ptrs, parallel gc, windows-amd64)
# No core dump will be written. Minidumps are not enabled by default on client versions of Windows
#

---------------  S U M M A R Y ------------

Command Line: --add-modules=ALL-SYSTEM --add-opens=java.base/java.util=ALL-UNNAMED --add-opens=java.base/java.lang=ALL-UNNAMED --add-opens=java.base/sun.nio.fs=ALL-UNNAMED -Declipse.application=org.eclipse.jdt.ls.core.id1 -Dosgi.bundles.defaultStartLevel=4 -Declipse.product=org.eclipse.jdt.ls.core.product -Djava.import.generatesMetadataFilesAtProjectRoot=false -DDetectVMInstallationsJob.disabled=true -Dfile.encoding=utf8 -XX:+UseParallelGC -XX:GCTimeRatio=4 -XX:AdaptiveSizePolicyWeight=90 -Dsun.zip.disableMemoryMapping=true -Xmx1G -Xms100m -Xlog:disable -javaagent:c:\Users\bhaah\.vscode\extensions\redhat.java-1.41.1-win32-x64\lombok\lombok-1.18.36.jar -XX:+HeapDumpOnOutOfMemoryError -XX:HeapDumpPath=c:\Users\bhaah\AppData\Roaming\Code\User\workspaceStorage\23e62629589241b5d45952ae18a97121\redhat.java -Daether.dependencyCollector.impl=bf c:\Users\bhaah\.vscode\extensions\redhat.java-1.41.1-win32-x64\server\plugins\org.eclipse.equinox.launcher_1.7.0.v20250331-1702.jar -configuration c:\Users\bhaah\AppData\Roaming\Code\User\globalStorage\redhat.java\1.41.1\config_win -data c:\Users\bhaah\AppData\Roaming\Code\User\workspaceStorage\23e62629589241b5d45952ae18a97121\redhat.java\jdt_ws --pipe=\\.\pipe\lsp-89edbccb645cf604067433e096519f11-sock

Host: AMD Ryzen 7 5800HS with Radeon Graphics         , 16 cores, 15G,  Windows 11 , 64 bit Build 22621 (10.0.22621.4974)
Time: Fri Apr 25 23:21:42 2025 Jerusalem Daylight Time elapsed time: 16220.449311 seconds (0d 4h 30m 20s)

---------------  T H R E A D  ---------------

Current thread (0x000001f27ed52150):  JavaThread "C2 CompilerThread0" daemon [_thread_in_native, id=20188, stack(0x0000009a73000000,0x0000009a73100000) (1024K)]


Current CompileTask:
C2:16220449 45977       4       org.eclipse.jdt.internal.compiler.SourceElementNotifier::notifySourceElementRequestor (1138 bytes)

Stack: [0x0000009a73000000,0x0000009a73100000]
Native frames: (J=compiled Java code, j=interpreted, Vv=VM code, C=native code)
V  [jvm.dll+0x6cdee9]
V  [jvm.dll+0x8a83d1]
V  [jvm.dll+0x8aa8fe]
V  [jvm.dll+0x8aafe3]
V  [jvm.dll+0x27f706]
V  [jvm.dll+0xc500d]
V  [jvm.dll+0xc5543]
V  [jvm.dll+0xc5135]
V  [jvm.dll+0x6a954c]
V  [jvm.dll+0x24f2a9]
V  [jvm.dll+0x65cf92]
V  [jvm.dll+0x65bdff]
V  [jvm.dll+0x247875]
V  [jvm.dll+0x246fcf]
V  [jvm.dll+0x1c75ee]
V  [jvm.dll+0x25685a]
V  [jvm.dll+0x254dfa]
V  [jvm.dll+0x3f0256]
V  [jvm.dll+0x851f8b]
V  [jvm.dll+0x6cc5ed]
C  [ucrtbase.dll+0x29333]
C  [KERNEL32.DLL+0x1259d]
C  [ntdll.dll+0x5af38]


---------------  P R O C E S S  ---------------

Threads class SMR info:
_java_thread_list=0x000001f2092e4c70, length=54, elements={
0x000001f2281e19d0, 0x000001f27ed39200, 0x000001f27ed3d610, 0x000001f27ed41510,
0x000001f27ed42f70, 0x000001f27ed44b70, 0x000001f27ed4b440, 0x000001f27ed52150,
0x000001f27ed54b10, 0x000001f27ed49370, 0x000001f27ed4bad0, 0x000001f27ed4adb0,
0x000001f27ed4c160, 0x000001f27ed48ce0, 0x000001f27ed49a00, 0x000001f27ed4a090,
0x000001f27ed4a720, 0x000001f27f06e550, 0x000001f27f06f270, 0x000001f27f06a3b0,
0x000001f27f06f900, 0x000001f27f06ff90, 0x000001f27f06b760, 0x000001f27f06bdf0,
0x000001f27f070620, 0x000001f27f071340, 0x000001f27f0719d0, 0x000001f27f06d1a0,
0x000001f27f06aa40, 0x000001f27f06d830, 0x000001f27f06b0d0, 0x000001f208b24ad0,
0x000001f208b26510, 0x000001f208b2a020, 0x000001f208b2ad40, 0x000001f208b278c0,
0x000001f208b23db0, 0x000001f208b26ba0, 0x000001f208b29990, 0x000001f208b285e0,
0x000001f207054b60, 0x000001f2070537b0, 0x000001f207057fe0, 0x000001f207051050,
0x000001f20a35a860, 0x000001f20a35aef0, 0x000001f2086b3ca0, 0x000001f2086b0190,
0x000001f2086acd10, 0x000001f207055f10, 0x000001f2070516e0, 0x000001f2086b3610,
0x000001f2086b0820, 0x000001f2086ac680
}

Java Threads: ( => current thread )
  0x000001f2281e19d0 JavaThread "main"                              [_thread_blocked, id=11124, stack(0x0000009a72600000,0x0000009a72700000) (1024K)]
  0x000001f27ed39200 JavaThread "Reference Handler"          daemon [_thread_blocked, id=1504, stack(0x0000009a72a00000,0x0000009a72b00000) (1024K)]
  0x000001f27ed3d610 JavaThread "Finalizer"                  daemon [_thread_blocked, id=42216, stack(0x0000009a72b00000,0x0000009a72c00000) (1024K)]
  0x000001f27ed41510 JavaThread "Signal Dispatcher"          daemon [_thread_blocked, id=19160, stack(0x0000009a72c00000,0x0000009a72d00000) (1024K)]
  0x000001f27ed42f70 JavaThread "Attach Listener"            daemon [_thread_blocked, id=20636, stack(0x0000009a72d00000,0x0000009a72e00000) (1024K)]
  0x000001f27ed44b70 JavaThread "Service Thread"             daemon [_thread_blocked, id=6920, stack(0x0000009a72e00000,0x0000009a72f00000) (1024K)]
  0x000001f27ed4b440 JavaThread "Monitor Deflation Thread"   daemon [_thread_blocked, id=12812, stack(0x0000009a72f00000,0x0000009a73000000) (1024K)]
=>0x000001f27ed52150 JavaThread "C2 CompilerThread0"         daemon [_thread_in_native, id=20188, stack(0x0000009a73000000,0x0000009a73100000) (1024K)]
  0x000001f27ed54b10 JavaThread "C1 CompilerThread0"         daemon [_thread_blocked, id=7972, stack(0x0000009a73100000,0x0000009a73200000) (1024K)]
  0x000001f27ed49370 JavaThread "Common-Cleaner"             daemon [_thread_blocked, id=34416, stack(0x0000009a73200000,0x0000009a73300000) (1024K)]
  0x000001f27ed4bad0 JavaThread "Notification Thread"        daemon [_thread_blocked, id=21232, stack(0x0000009a73600000,0x0000009a73700000) (1024K)]
  0x000001f27ed4adb0 JavaThread "Active Thread: Equinox Container: c9da2643-451e-4256-b930-84d651be83a0"        [_thread_blocked, id=23336, stack(0x0000009a73f00000,0x0000009a74000000) (1024K)]
  0x000001f27ed4c160 JavaThread "Refresh Thread: Equinox Container: c9da2643-451e-4256-b930-84d651be83a0" daemon [_thread_blocked, id=26180, stack(0x0000009a73500000,0x0000009a73600000) (1024K)]
  0x000001f27ed48ce0 JavaThread "Framework Event Dispatcher: Equinox Container: c9da2643-451e-4256-b930-84d651be83a0" daemon [_thread_blocked, id=29832, stack(0x0000009a73700000,0x0000009a73800000) (1024K)]
  0x000001f27ed49a00 JavaThread "Start Level: Equinox Container: c9da2643-451e-4256-b930-84d651be83a0" daemon [_thread_blocked, id=18756, stack(0x0000009a73e00000,0x0000009a73f00000) (1024K)]
  0x000001f27ed4a090 JavaThread "Bundle File Closer"         daemon [_thread_blocked, id=34804, stack(0x0000009a74000000,0x0000009a74100000) (1024K)]
  0x000001f27ed4a720 JavaThread "SCR Component Actor"        daemon [_thread_blocked, id=34716, stack(0x0000009a74300000,0x0000009a74400000) (1024K)]
  0x000001f27f06e550 JavaThread "Worker-JM"                         [_thread_blocked, id=27344, stack(0x0000009a74b00000,0x0000009a74c00000) (1024K)]
  0x000001f27f06f270 JavaThread "JNA Cleaner"                daemon [_thread_blocked, id=36224, stack(0x0000009a74c00000,0x0000009a74d00000) (1024K)]
  0x000001f27f06a3b0 JavaThread "Java indexing"              daemon [_thread_blocked, id=35356, stack(0x0000009a75000000,0x0000009a75100000) (1024K)]
  0x000001f27f06f900 JavaThread "Thread-2"                   daemon [_thread_in_native, id=35736, stack(0x0000009a75300000,0x0000009a75400000) (1024K)]
  0x000001f27f06ff90 JavaThread "Thread-3"                   daemon [_thread_in_native, id=26436, stack(0x0000009a75400000,0x0000009a75500000) (1024K)]
  0x000001f27f06b760 JavaThread "Thread-4"                   daemon [_thread_in_native, id=26004, stack(0x0000009a75500000,0x0000009a75600000) (1024K)]
  0x000001f27f06bdf0 JavaThread "Thread-5"                   daemon [_thread_in_native, id=24384, stack(0x0000009a75600000,0x0000009a75700000) (1024K)]
  0x000001f27f070620 JavaThread "Thread-6"                   daemon [_thread_in_native, id=8, stack(0x0000009a75700000,0x0000009a75800000) (1024K)]
  0x000001f27f071340 JavaThread "Thread-7"                   daemon [_thread_in_native, id=30864, stack(0x0000009a75800000,0x0000009a75900000) (1024K)]
  0x000001f27f0719d0 JavaThread "Thread-8"                   daemon [_thread_in_native, id=39664, stack(0x0000009a75900000,0x0000009a75a00000) (1024K)]
  0x000001f27f06d1a0 JavaThread "Thread-9"                   daemon [_thread_in_native, id=39432, stack(0x0000009a75a00000,0x0000009a75b00000) (1024K)]
  0x000001f27f06aa40 JavaThread "Thread-10"                  daemon [_thread_in_native, id=31952, stack(0x0000009a75b00000,0x0000009a75c00000) (1024K)]
  0x000001f27f06d830 JavaThread "Thread-11"                  daemon [_thread_in_native, id=35500, stack(0x0000009a75c00000,0x0000009a75d00000) (1024K)]
  0x000001f27f06b0d0 JavaThread "Thread-12"                  daemon [_thread_in_native, id=37284, stack(0x0000009a75d00000,0x0000009a75e00000) (1024K)]
  0x000001f208b24ad0 JavaThread "Thread-13"                  daemon [_thread_in_native, id=23284, stack(0x0000009a75e00000,0x0000009a75f00000) (1024K)]
  0x000001f208b26510 JavaThread "Thread-14"                  daemon [_thread_in_native, id=21388, stack(0x0000009a75f00000,0x0000009a76000000) (1024K)]
  0x000001f208b2a020 JavaThread "Thread-15"                  daemon [_thread_in_native, id=30920, stack(0x0000009a76000000,0x0000009a76100000) (1024K)]
  0x000001f208b2ad40 JavaThread "Thread-16"                  daemon [_thread_in_native, id=30008, stack(0x0000009a76100000,0x0000009a76200000) (1024K)]
  0x000001f208b278c0 JavaThread "Thread-17"                  daemon [_thread_in_native, id=34408, stack(0x0000009a76200000,0x0000009a76300000) (1024K)]
  0x000001f208b23db0 JavaThread "Thread-18"                  daemon [_thread_in_native, id=31588, stack(0x0000009a76300000,0x0000009a76400000) (1024K)]
  0x000001f208b26ba0 JavaThread "pool-2-thread-1"                   [_thread_blocked, id=34936, stack(0x0000009a76500000,0x0000009a76600000) (1024K)]
  0x000001f208b29990 JavaThread "WorkspaceEventsHandler"            [_thread_blocked, id=7432, stack(0x0000009a76a00000,0x0000009a76b00000) (1024K)]
  0x000001f208b285e0 JavaThread "pool-1-thread-1"                   [_thread_blocked, id=28792, stack(0x0000009a76b00000,0x0000009a76c00000) (1024K)]
  0x000001f207054b60 JavaThread "Cleaner-0"                  daemon [_thread_blocked, id=39948, stack(0x0000009a7ab00000,0x0000009a7ac00000) (1024K)]
  0x000001f2070537b0 JavaThread "Java Debug Server"          daemon [_thread_in_native, id=36972, stack(0x0000009a79d00000,0x0000009a79e00000) (1024K)]
  0x000001f207057fe0 JavaThread "RxSchedulerPurge-1"         daemon [_thread_blocked, id=34944, stack(0x0000009a79f00000,0x0000009a7a000000) (1024K)]
  0x000001f207051050 JavaThread "RxCachedWorkerPoolEvictor-1" daemon [_thread_blocked, id=10600, stack(0x0000009a7a000000,0x0000009a7a100000) (1024K)]
  0x000001f20a35a860 JavaThread "ForkJoinPool.commonPool-worker-117" daemon [_thread_blocked, id=41176, stack(0x0000009a72300000,0x0000009a72400000) (1024K)]
  0x000001f20a35aef0 JavaThread "ForkJoinPool.commonPool-worker-121" daemon [_thread_blocked, id=17936, stack(0x0000009a74d00000,0x0000009a74e00000) (1024K)]
  0x000001f2086b3ca0 JavaThread "ForkJoinPool.commonPool-worker-129" daemon [_thread_blocked, id=24092, stack(0x0000009a76900000,0x0000009a76a00000) (1024K)]
  0x000001f2086b0190 JavaThread "ForkJoinPool.commonPool-worker-128" daemon [_thread_blocked, id=11740, stack(0x0000009a76c00000,0x0000009a76d00000) (1024K)]
  0x000001f2086acd10 JavaThread "ForkJoinPool.commonPool-worker-131" daemon [_thread_blocked, id=41608, stack(0x0000009a76d00000,0x0000009a76e00000) (1024K)]
  0x000001f207055f10 JavaThread "Worker-54"                         [_thread_blocked, id=41160, stack(0x0000009a74400000,0x0000009a74500000) (1024K)]
  0x000001f2070516e0 JavaThread "Worker-55"                         [_thread_blocked, id=19004, stack(0x0000009a72500000,0x0000009a72600000) (1024K)]
  0x000001f2086b3610 JavaThread "Worker-56"                         [_thread_blocked, id=12348, stack(0x0000009a72400000,0x0000009a72500000) (1024K)]
  0x000001f2086b0820 JavaThread "Compiler Source File Reader" daemon [_thread_blocked, id=39828, stack(0x0000009a74500000,0x0000009a74600000) (1024K)]
  0x000001f2086ac680 JavaThread "Compiler Processing Task"   daemon [_thread_blocked, id=28536, stack(0x0000009a74600000,0x0000009a74700000) (1024K)]
Total: 54

Other Threads:
  0x000001f27ed33230 VMThread "VM Thread"                           [id=31344, stack(0x0000009a72900000,0x0000009a72a00000) (1024K)]
  0x000001f23c4ac610 WatcherThread "VM Periodic Task Thread"        [id=36104, stack(0x0000009a72800000,0x0000009a72900000) (1024K)]
  0x000001f2281ffda0 WorkerThread "GC Thread#0"                     [id=42644, stack(0x0000009a72700000,0x0000009a72800000) (1024K)]
  0x000001f20067b820 WorkerThread "GC Thread#1"                     [id=9468, stack(0x0000009a73800000,0x0000009a73900000) (1024K)]
  0x000001f205081490 WorkerThread "GC Thread#2"                     [id=16856, stack(0x0000009a73900000,0x0000009a73a00000) (1024K)]
  0x000001f205080610 WorkerThread "GC Thread#3"                     [id=18764, stack(0x0000009a73a00000,0x0000009a73b00000) (1024K)]
  0x000001f205081830 WorkerThread "GC Thread#4"                     [id=19696, stack(0x0000009a73b00000,0x0000009a73c00000) (1024K)]
  0x000001f2050809b0 WorkerThread "GC Thread#5"                     [id=16388, stack(0x0000009a73c00000,0x0000009a73d00000) (1024K)]
  0x000001f205080d50 WorkerThread "GC Thread#6"                     [id=23012, stack(0x0000009a73d00000,0x0000009a73e00000) (1024K)]
  0x000001f2050810f0 WorkerThread "GC Thread#7"                     [id=11040, stack(0x0000009a73400000,0x0000009a73500000) (1024K)]
  0x000001f205276ed0 WorkerThread "GC Thread#8"                     [id=7916, stack(0x0000009a73300000,0x0000009a73400000) (1024K)]
  0x000001f205276050 WorkerThread "GC Thread#9"                     [id=24740, stack(0x0000009a74100000,0x0000009a74200000) (1024K)]
  0x000001f2052763f0 WorkerThread "GC Thread#10"                    [id=20368, stack(0x0000009a74200000,0x0000009a74300000) (1024K)]
  0x000001f205277270 WorkerThread "GC Thread#11"                    [id=30748, stack(0x0000009a74900000,0x0000009a74a00000) (1024K)]
  0x000001f205276b30 WorkerThread "GC Thread#12"                    [id=30380, stack(0x0000009a74a00000,0x0000009a74b00000) (1024K)]
Total: 15

Threads with active compile tasks:
C2 CompilerThread0  16220469 45977       4       org.eclipse.jdt.internal.compiler.SourceElementNotifier::notifySourceElementRequestor (1138 bytes)
Total: 1

VM state: not at safepoint (normal execution)

VM Mutex/Monitor currently owned by a thread: None

Heap address: 0x00000000c0000000, size: 1024 MB, Compressed Oops mode: 32-bit

CDS archive(s) mapped at: [0x000001f23d000000-0x000001f23dba0000-0x000001f23dba0000), size 12189696, SharedBaseAddress: 0x000001f23d000000, ArchiveRelocationMode: 1.
Compressed class space mapped at: 0x000001f23e000000-0x000001f27e000000, reserved size: 1073741824
Narrow klass base: 0x000001f23d000000, Narrow klass shift: 0, Narrow klass range: 0x100000000

GC Precious Log:
 CardTable entry size: 512
 CPUs: 16 total, 16 available
 Memory: 15775M
 Large Page Support: Disabled
 NUMA Support: Disabled
 Compressed Oops: Enabled (32-bit)
 Alignments: Space 512K, Generation 512K, Heap 2M
 Heap Min Capacity: 100M
 Heap Initial Capacity: 100M
 Heap Max Capacity: 1G
 Pre-touch: Disabled
 Parallel Workers: 13

Heap:
 PSYoungGen      total 2560K, used 840K [0x00000000eab00000, 0x00000000eaf00000, 0x0000000100000000)
  eden space 2048K, 16% used [0x00000000eab00000,0x00000000eab539c8,0x00000000ead00000)
  from space 512K, 98% used [0x00000000ead80000,0x00000000eadfe900,0x00000000eae00000)
  to   space 1024K, 0% used [0x00000000eae00000,0x00000000eae00000,0x00000000eaf00000)
 ParOldGen       total 647680K, used 647302K [0x00000000c0000000, 0x00000000e7880000, 0x00000000eab00000)
  object space 647680K, 99% used [0x00000000c0000000,0x00000000e7821af0,0x00000000e7880000)
 Metaspace       used 105002K, committed 106752K, reserved 1179648K
  class space    used 10022K, committed 10816K, reserved 1048576K

Card table byte_map: [0x000001f227bb0000,0x000001f227dc0000] _byte_map_base: 0x000001f2275b0000

Marking Bits: (ParMarkBitMap*) 0x00007fff74fd3260
 Begin Bits: [0x000001f23a3d0000, 0x000001f23b3d0000)
 End Bits:   [0x000001f23b3d0000, 0x000001f23c3d0000)

Polling page: 0x000001f2279a0000

Metaspace:

Usage:
  Non-class:     92.75 MB used.
      Class:      9.79 MB used.
       Both:    102.54 MB used.

Virtual space:
  Non-class space:      128.00 MB reserved,      93.69 MB ( 73%) committed,  2 nodes.
      Class space:        1.00 GB reserved,      10.56 MB (  1%) committed,  1 nodes.
             Both:        1.12 GB reserved,     104.25 MB (  9%) committed. 

Chunk freelists:
   Non-Class:  2.35 MB
       Class:  5.43 MB
        Both:  7.78 MB

MaxMetaspaceSize: unlimited
CompressedClassSpaceSize: 1.00 GB
Initial GC threshold: 21.00 MB
Current GC threshold: 173.44 MB
CDS: on
 - commit_granule_bytes: 65536.
 - commit_granule_words: 8192.
 - virtual_space_node_default_size: 8388608.
 - enlarge_chunks_in_place: 1.
 - use_allocation_guard: 0.


Internal statistics:

num_allocs_failed_limit: 11.
num_arena_births: 2992.
num_arena_deaths: 1168.
num_vsnodes_births: 3.
num_vsnodes_deaths: 0.
num_space_committed: 1668.
num_space_uncommitted: 0.
num_chunks_returned_to_freelist: 1508.
num_chunks_taken_from_freelist: 9097.
num_chunk_merges: 316.
num_chunk_splits: 4716.
num_chunks_enlarged: 2288.
num_inconsistent_stats: 0.

CodeHeap 'non-profiled nmethods': size=119168Kb used=30223Kb max_used=30223Kb free=88944Kb
 bounds [0x000001f232f70000, 0x000001f234d00000, 0x000001f23a3d0000]
CodeHeap 'profiled nmethods': size=119104Kb used=30278Kb max_used=47633Kb free=88825Kb
 bounds [0x000001f22b3d0000, 0x000001f22e260000, 0x000001f232820000]
CodeHeap 'non-nmethods': size=7488Kb used=1563Kb max_used=3364Kb free=5924Kb
 bounds [0x000001f232820000, 0x000001f232b70000, 0x000001f232f70000]
 total_blobs=15285 nmethods=14400 adapters=785
 compilation: enabled
              stopped_count=0, restarted_count=0
 full_count=0

Compilation events (20 events):
Event: 16218.949 Thread 0x000001f27ed54b10 nmethod 45967 0x000001f22d261190 code [0x000001f22d261340, 0x000001f22d261560]
Event: 16219.206 Thread 0x000001f27ed54b10 45968       3       java.util.logging.Logger::updateEffectiveLevel (126 bytes)
Event: 16219.207 Thread 0x000001f27ed54b10 nmethod 45968 0x000001f22ba3f890 code [0x000001f22ba3fae0, 0x000001f22ba40560]
Event: 16219.229 Thread 0x000001f27ed54b10 45969       3       org.eclipse.jdt.internal.compiler.lookup.SourceTypeBinding::genericSignature (238 bytes)
Event: 16219.230 Thread 0x000001f27ed54b10 nmethod 45969 0x000001f22c7d0f10 code [0x000001f22c7d1300, 0x000001f22c7d2a00]
Event: 16219.362 Thread 0x000001f27ed54b10 45970       3       org.eclipse.jdt.internal.compiler.lookup.SourceTypeBinding::verifyMethods (50 bytes)
Event: 16219.362 Thread 0x000001f27ed52150 45971   !   4       org.eclipse.jdt.internal.compiler.ast.ExplicitConstructorCall::resolve (1428 bytes)
Event: 16219.362 Thread 0x000001f27ed54b10 nmethod 45970 0x000001f22bcf0c10 code [0x000001f22bcf0e20, 0x000001f22bcf14c8]
Event: 16219.388 Thread 0x000001f27ed52150 nmethod 45971 0x000001f234ce4d10 code [0x000001f234ce5160, 0x000001f234ce6f70]
Event: 16219.388 Thread 0x000001f27ed52150 45972   !   4       org.eclipse.jdt.core.dom.DefaultCommentMapper::storeTrailingComments (794 bytes)
Event: 16219.420 Thread 0x000001f27ed52150 nmethod 45972 0x000001f234ce9090 code [0x000001f234ce9400, 0x000001f234ceb7f8]
Event: 16219.604 Thread 0x000001f27ed52150 45973       4       org.eclipse.jdt.internal.compiler.lookup.MethodVerifier::verify (27 bytes)
Event: 16219.605 Thread 0x000001f27ed54b10 45974   !   3       org.eclipse.jdt.internal.compiler.ast.TypeDeclaration::generateCode (444 bytes)
Event: 16219.607 Thread 0x000001f27ed54b10 nmethod 45974 0x000001f22ce2f910 code [0x000001f22ce2fd60, 0x000001f22ce316f0]
Event: 16219.609 Thread 0x000001f27ed52150 nmethod 45973 0x000001f234ced390 code [0x000001f234ced5e0, 0x000001f234cedb08]
Event: 16219.752 Thread 0x000001f27ed54b10 45975       3       org.eclipse.jdt.internal.compiler.lookup.MethodVerifier15::verify (222 bytes)
Event: 16219.754 Thread 0x000001f27ed54b10 nmethod 45975 0x000001f22d376890 code [0x000001f22d376bc0, 0x000001f22d3781b0]
Event: 16220.088 Thread 0x000001f27ed52150 45976       4       org.eclipse.jdt.internal.compiler.lookup.Scope::getTypeOrPackage (1568 bytes)
Event: 16220.129 Thread 0x000001f27ed52150 nmethod 45976 0x000001f234cee190 code [0x000001f234cee6e0, 0x000001f234cf15e0]
Event: 16220.414 Thread 0x000001f27ed52150 45977       4       org.eclipse.jdt.internal.compiler.SourceElementNotifier::notifySourceElementRequestor (1138 bytes)

GC Heap History (20 events):
Event: 16219.696 GC heap before
{Heap before GC invocations=22153 (full 59):
 PSYoungGen      total 3072K, used 2634K [0x00000000eab00000, 0x00000000eaf00000, 0x0000000100000000)
  eden space 2048K, 100% used [0x00000000eab00000,0x00000000ead00000,0x00000000ead00000)
  from space 1024K, 57% used [0x00000000ead00000,0x00000000ead92910,0x00000000eae00000)
  to   space 1024K, 0% used [0x00000000eae00000,0x00000000eae00000,0x00000000eaf00000)
 ParOldGen       total 645632K, used 645550K [0x00000000c0000000, 0x00000000e7680000, 0x00000000eab00000)
  object space 645632K, 99% used [0x00000000c0000000,0x00000000e766bb50,0x00000000e7680000)
 Metaspace       used 105002K, committed 106752K, reserved 1179648K
  class space    used 10022K, committed 10816K, reserved 1048576K
}
Event: 16219.697 GC heap after
{Heap after GC invocations=22153 (full 59):
 PSYoungGen      total 2560K, used 448K [0x00000000eab00000, 0x00000000eae80000, 0x0000000100000000)
  eden space 2048K, 0% used [0x00000000eab00000,0x00000000eab00000,0x00000000ead00000)
  from space 512K, 87% used [0x00000000eae00000,0x00000000eae70000,0x00000000eae80000)
  to   space 512K, 0% used [0x00000000ead80000,0x00000000ead80000,0x00000000eae00000)
 ParOldGen       total 646144K, used 646019K [0x00000000c0000000, 0x00000000e7700000, 0x00000000eab00000)
  object space 646144K, 99% used [0x00000000c0000000,0x00000000e76e0d60,0x00000000e7700000)
 Metaspace       used 105002K, committed 106752K, reserved 1179648K
  class space    used 10022K, committed 10816K, reserved 1048576K
}
Event: 16219.753 GC heap before
{Heap before GC invocations=22154 (full 59):
 PSYoungGen      total 2560K, used 2496K [0x00000000eab00000, 0x00000000eae80000, 0x0000000100000000)
  eden space 2048K, 100% used [0x00000000eab00000,0x00000000ead00000,0x00000000ead00000)
  from space 512K, 87% used [0x00000000eae00000,0x00000000eae70000,0x00000000eae80000)
  to   space 512K, 0% used [0x00000000ead80000,0x00000000ead80000,0x00000000eae00000)
 ParOldGen       total 646144K, used 646019K [0x00000000c0000000, 0x00000000e7700000, 0x00000000eab00000)
  object space 646144K, 99% used [0x00000000c0000000,0x00000000e76e0d60,0x00000000e7700000)
 Metaspace       used 105002K, committed 106752K, reserved 1179648K
  class space    used 10022K, committed 10816K, reserved 1048576K
}
Event: 16219.753 GC heap after
{Heap after GC invocations=22154 (full 59):
 PSYoungGen      total 2560K, used 448K [0x00000000eab00000, 0x00000000eae80000, 0x0000000100000000)
  eden space 2048K, 0% used [0x00000000eab00000,0x00000000eab00000,0x00000000ead00000)
  from space 512K, 87% used [0x00000000ead80000,0x00000000eadf0000,0x00000000eae00000)
  to   space 512K, 0% used [0x00000000eae00000,0x00000000eae00000,0x00000000eae80000)
 ParOldGen       total 646656K, used 646263K [0x00000000c0000000, 0x00000000e7780000, 0x00000000eab00000)
  object space 646656K, 99% used [0x00000000c0000000,0x00000000e771dfe0,0x00000000e7780000)
 Metaspace       used 105002K, committed 106752K, reserved 1179648K
  class space    used 10022K, committed 10816K, reserved 1048576K
}
Event: 16219.895 GC heap before
{Heap before GC invocations=22155 (full 59):
 PSYoungGen      total 2560K, used 2496K [0x00000000eab00000, 0x00000000eae80000, 0x0000000100000000)
  eden space 2048K, 100% used [0x00000000eab00000,0x00000000ead00000,0x00000000ead00000)
  from space 512K, 87% used [0x00000000ead80000,0x00000000eadf0000,0x00000000eae00000)
  to   space 512K, 0% used [0x00000000eae00000,0x00000000eae00000,0x00000000eae80000)
 ParOldGen       total 646656K, used 646263K [0x00000000c0000000, 0x00000000e7780000, 0x00000000eab00000)
  object space 646656K, 99% used [0x00000000c0000000,0x00000000e771dfe0,0x00000000e7780000)
 Metaspace       used 105002K, committed 106752K, reserved 1179648K
  class space    used 10022K, committed 10816K, reserved 1048576K
}
Event: 16219.896 GC heap after
{Heap after GC invocations=22155 (full 59):
 PSYoungGen      total 2560K, used 384K [0x00000000eab00000, 0x00000000eae80000, 0x0000000100000000)
  eden space 2048K, 0% used [0x00000000eab00000,0x00000000eab00000,0x00000000ead00000)
  from space 512K, 75% used [0x00000000eae00000,0x00000000eae60000,0x00000000eae80000)
  to   space 512K, 0% used [0x00000000ead80000,0x00000000ead80000,0x00000000eae00000)
 ParOldGen       total 646656K, used 646271K [0x00000000c0000000, 0x00000000e7780000, 0x00000000eab00000)
  object space 646656K, 99% used [0x00000000c0000000,0x00000000e771ffe0,0x00000000e7780000)
 Metaspace       used 105002K, committed 106752K, reserved 1179648K
  class space    used 10022K, committed 10816K, reserved 1048576K
}
Event: 16219.898 GC heap before
{Heap before GC invocations=22156 (full 59):
 PSYoungGen      total 2560K, used 2432K [0x00000000eab00000, 0x00000000eae80000, 0x0000000100000000)
  eden space 2048K, 100% used [0x00000000eab00000,0x00000000ead00000,0x00000000ead00000)
  from space 512K, 75% used [0x00000000eae00000,0x00000000eae60000,0x00000000eae80000)
  to   space 512K, 0% used [0x00000000ead80000,0x00000000ead80000,0x00000000eae00000)
 ParOldGen       total 646656K, used 646271K [0x00000000c0000000, 0x00000000e7780000, 0x00000000eab00000)
  object space 646656K, 99% used [0x00000000c0000000,0x00000000e771ffe0,0x00000000e7780000)
 Metaspace       used 105002K, committed 106752K, reserved 1179648K
  class space    used 10022K, committed 10816K, reserved 1048576K
}
Event: 16219.899 GC heap after
{Heap after GC invocations=22156 (full 59):
 PSYoungGen      total 2560K, used 512K [0x00000000eab00000, 0x00000000eaf00000, 0x0000000100000000)
  eden space 2048K, 0% used [0x00000000eab00000,0x00000000eab00000,0x00000000ead00000)
  from space 512K, 100% used [0x00000000ead80000,0x00000000eae00000,0x00000000eae00000)
  to   space 1024K, 0% used [0x00000000eae00000,0x00000000eae00000,0x00000000eaf00000)
 ParOldGen       total 646656K, used 646412K [0x00000000c0000000, 0x00000000e7780000, 0x00000000eab00000)
  object space 646656K, 99% used [0x00000000c0000000,0x00000000e77431e0,0x00000000e7780000)
 Metaspace       used 105002K, committed 106752K, reserved 1179648K
  class space    used 10022K, committed 10816K, reserved 1048576K
}
Event: 16220.085 GC heap before
{Heap before GC invocations=22157 (full 59):
 PSYoungGen      total 2560K, used 2560K [0x00000000eab00000, 0x00000000eaf00000, 0x0000000100000000)
  eden space 2048K, 100% used [0x00000000eab00000,0x00000000ead00000,0x00000000ead00000)
  from space 512K, 100% used [0x00000000ead80000,0x00000000eae00000,0x00000000eae00000)
  to   space 1024K, 0% used [0x00000000eae00000,0x00000000eae00000,0x00000000eaf00000)
 ParOldGen       total 646656K, used 646412K [0x00000000c0000000, 0x00000000e7780000, 0x00000000eab00000)
  object space 646656K, 99% used [0x00000000c0000000,0x00000000e77431e0,0x00000000e7780000)
 Metaspace       used 105002K, committed 106752K, reserved 1179648K
  class space    used 10022K, committed 10816K, reserved 1048576K
}
Event: 16220.086 GC heap after
{Heap after GC invocations=22157 (full 59):
 PSYoungGen      total 3072K, used 448K [0x00000000eab00000, 0x00000000eaf00000, 0x0000000100000000)
  eden space 2048K, 0% used [0x00000000eab00000,0x00000000eab00000,0x00000000ead00000)
  from space 1024K, 43% used [0x00000000eae00000,0x00000000eae70000,0x00000000eaf00000)
  to   space 1024K, 0% used [0x00000000ead00000,0x00000000ead00000,0x00000000eae00000)
 ParOldGen       total 647168K, used 646772K [0x00000000c0000000, 0x00000000e7800000, 0x00000000eab00000)
  object space 647168K, 99% used [0x00000000c0000000,0x00000000e779d1f0,0x00000000e7800000)
 Metaspace       used 105002K, committed 106752K, reserved 1179648K
  class space    used 10022K, committed 10816K, reserved 1048576K
}
Event: 16220.090 GC heap before
{Heap before GC invocations=22158 (full 59):
 PSYoungGen      total 3072K, used 2496K [0x00000000eab00000, 0x00000000eaf00000, 0x0000000100000000)
  eden space 2048K, 100% used [0x00000000eab00000,0x00000000ead00000,0x00000000ead00000)
  from space 1024K, 43% used [0x00000000eae00000,0x00000000eae70000,0x00000000eaf00000)
  to   space 1024K, 0% used [0x00000000ead00000,0x00000000ead00000,0x00000000eae00000)
 ParOldGen       total 647168K, used 646772K [0x00000000c0000000, 0x00000000e7800000, 0x00000000eab00000)
  object space 647168K, 99% used [0x00000000c0000000,0x00000000e779d1f0,0x00000000e7800000)
 Metaspace       used 105002K, committed 106752K, reserved 1179648K
  class space    used 10022K, committed 10816K, reserved 1048576K
}
Event: 16220.090 GC heap after
{Heap after GC invocations=22158 (full 59):
 PSYoungGen      total 3072K, used 416K [0x00000000eab00000, 0x00000000eae80000, 0x0000000100000000)
  eden space 2048K, 0% used [0x00000000eab00000,0x00000000eab00000,0x00000000ead00000)
  from space 1024K, 40% used [0x00000000ead00000,0x00000000ead68000,0x00000000eae00000)
  to   space 512K, 0% used [0x00000000eae00000,0x00000000eae00000,0x00000000eae80000)
 ParOldGen       total 647168K, used 646980K [0x00000000c0000000, 0x00000000e7800000, 0x00000000eab00000)
  object space 647168K, 99% used [0x00000000c0000000,0x00000000e77d11f0,0x00000000e7800000)
 Metaspace       used 105002K, committed 106752K, reserved 1179648K
  class space    used 10022K, committed 10816K, reserved 1048576K
}
Event: 16220.274 GC heap before
{Heap before GC invocations=22159 (full 59):
 PSYoungGen      total 3072K, used 2464K [0x00000000eab00000, 0x00000000eae80000, 0x0000000100000000)
  eden space 2048K, 100% used [0x00000000eab00000,0x00000000ead00000,0x00000000ead00000)
  from space 1024K, 40% used [0x00000000ead00000,0x00000000ead68000,0x00000000eae00000)
  to   space 512K, 0% used [0x00000000eae00000,0x00000000eae00000,0x00000000eae80000)
 ParOldGen       total 647168K, used 646980K [0x00000000c0000000, 0x00000000e7800000, 0x00000000eab00000)
  object space 647168K, 99% used [0x00000000c0000000,0x00000000e77d11f0,0x00000000e7800000)
 Metaspace       used 105002K, committed 106752K, reserved 1179648K
  class space    used 10022K, committed 10816K, reserved 1048576K
}
Event: 16220.275 GC heap after
{Heap after GC invocations=22159 (full 59):
 PSYoungGen      total 2560K, used 224K [0x00000000eab00000, 0x00000000eae80000, 0x0000000100000000)
  eden space 2048K, 0% used [0x00000000eab00000,0x00000000eab00000,0x00000000ead00000)
  from space 512K, 43% used [0x00000000eae00000,0x00000000eae38000,0x00000000eae80000)
  to   space 512K, 0% used [0x00000000ead80000,0x00000000ead80000,0x00000000eae00000)
 ParOldGen       total 647168K, used 647092K [0x00000000c0000000, 0x00000000e7800000, 0x00000000eab00000)
  object space 647168K, 99% used [0x00000000c0000000,0x00000000e77ed1f0,0x00000000e7800000)
 Metaspace       used 105002K, committed 106752K, reserved 1179648K
  class space    used 10022K, committed 10816K, reserved 1048576K
}
Event: 16220.306 GC heap before
{Heap before GC invocations=22160 (full 59):
 PSYoungGen      total 2560K, used 2272K [0x00000000eab00000, 0x00000000eae80000, 0x0000000100000000)
  eden space 2048K, 100% used [0x00000000eab00000,0x00000000ead00000,0x00000000ead00000)
  from space 512K, 43% used [0x00000000eae00000,0x00000000eae38000,0x00000000eae80000)
  to   space 512K, 0% used [0x00000000ead80000,0x00000000ead80000,0x00000000eae00000)
 ParOldGen       total 647168K, used 647092K [0x00000000c0000000, 0x00000000e7800000, 0x00000000eab00000)
  object space 647168K, 99% used [0x00000000c0000000,0x00000000e77ed1f0,0x00000000e7800000)
 Metaspace       used 105002K, committed 106752K, reserved 1179648K
  class space    used 10022K, committed 10816K, reserved 1048576K
}
Event: 16220.307 GC heap after
{Heap after GC invocations=22160 (full 59):
 PSYoungGen      total 2560K, used 410K [0x00000000eab00000, 0x00000000eae80000, 0x0000000100000000)
  eden space 2048K, 0% used [0x00000000eab00000,0x00000000eab00000,0x00000000ead00000)
  from space 512K, 80% used [0x00000000ead80000,0x00000000eade6900,0x00000000eae00000)
  to   space 512K, 0% used [0x00000000eae00000,0x00000000eae00000,0x00000000eae80000)
 ParOldGen       total 647168K, used 647140K [0x00000000c0000000, 0x00000000e7800000, 0x00000000eab00000)
  object space 647168K, 99% used [0x00000000c0000000,0x00000000e77f91f0,0x00000000e7800000)
 Metaspace       used 105002K, committed 106752K, reserved 1179648K
  class space    used 10022K, committed 10816K, reserved 1048576K
}
Event: 16220.432 GC heap before
{Heap before GC invocations=22161 (full 59):
 PSYoungGen      total 2560K, used 2458K [0x00000000eab00000, 0x00000000eae80000, 0x0000000100000000)
  eden space 2048K, 100% used [0x00000000eab00000,0x00000000ead00000,0x00000000ead00000)
  from space 512K, 80% used [0x00000000ead80000,0x00000000eade6900,0x00000000eae00000)
  to   space 512K, 0% used [0x00000000eae00000,0x00000000eae00000,0x00000000eae80000)
 ParOldGen       total 647168K, used 647140K [0x00000000c0000000, 0x00000000e7800000, 0x00000000eab00000)
  object space 647168K, 99% used [0x00000000c0000000,0x00000000e77f91f0,0x00000000e7800000)
 Metaspace       used 105002K, committed 106752K, reserved 1179648K
  class space    used 10022K, committed 10816K, reserved 1048576K
}
Event: 16220.433 GC heap after
{Heap after GC invocations=22161 (full 59):
 PSYoungGen      total 2560K, used 384K [0x00000000eab00000, 0x00000000eae80000, 0x0000000100000000)
  eden space 2048K, 0% used [0x00000000eab00000,0x00000000eab00000,0x00000000ead00000)
  from space 512K, 75% used [0x00000000eae00000,0x00000000eae60000,0x00000000eae80000)
  to   space 512K, 0% used [0x00000000ead80000,0x00000000ead80000,0x00000000eae00000)
 ParOldGen       total 647168K, used 647156K [0x00000000c0000000, 0x00000000e7800000, 0x00000000eab00000)
  object space 647168K, 99% used [0x00000000c0000000,0x00000000e77fd1f0,0x00000000e7800000)
 Metaspace       used 105002K, committed 106752K, reserved 1179648K
  class space    used 10022K, committed 10816K, reserved 1048576K
}
Event: 16220.436 GC heap before
{Heap before GC invocations=22162 (full 59):
 PSYoungGen      total 2560K, used 2432K [0x00000000eab00000, 0x00000000eae80000, 0x0000000100000000)
  eden space 2048K, 100% used [0x00000000eab00000,0x00000000ead00000,0x00000000ead00000)
  from space 512K, 75% used [0x00000000eae00000,0x00000000eae60000,0x00000000eae80000)
  to   space 512K, 0% used [0x00000000ead80000,0x00000000ead80000,0x00000000eae00000)
 ParOldGen       total 647168K, used 647156K [0x00000000c0000000, 0x00000000e7800000, 0x00000000eab00000)
  object space 647168K, 99% used [0x00000000c0000000,0x00000000e77fd1f0,0x00000000e7800000)
 Metaspace       used 105002K, committed 106752K, reserved 1179648K
  class space    used 10022K, committed 10816K, reserved 1048576K
}
Event: 16220.437 GC heap after
{Heap after GC invocations=22162 (full 59):
 PSYoungGen      total 2560K, used 506K [0x00000000eab00000, 0x00000000eaf00000, 0x0000000100000000)
  eden space 2048K, 0% used [0x00000000eab00000,0x00000000eab00000,0x00000000ead00000)
  from space 512K, 98% used [0x00000000ead80000,0x00000000eadfe900,0x00000000eae00000)
  to   space 1024K, 0% used [0x00000000eae00000,0x00000000eae00000,0x00000000eaf00000)
 ParOldGen       total 647680K, used 647302K [0x00000000c0000000, 0x00000000e7880000, 0x00000000eab00000)
  object space 647680K, 99% used [0x00000000c0000000,0x00000000e7821af0,0x00000000e7880000)
 Metaspace       used 105002K, committed 106752K, reserved 1179648K
  class space    used 10022K, committed 10816K, reserved 1048576K
}

Dll operation events (12 events):
Event: 0.009 Loaded shared library c:\Users\bhaah\.vscode\extensions\redhat.java-1.41.1-win32-x64\jre\21.0.6-win32-x86_64\bin\java.dll
Event: 0.034 Loaded shared library c:\Users\bhaah\.vscode\extensions\redhat.java-1.41.1-win32-x64\jre\21.0.6-win32-x86_64\bin\zip.dll
Event: 0.093 Loaded shared library C:\Users\bhaah\.vscode\extensions\redhat.java-1.41.1-win32-x64\jre\21.0.6-win32-x86_64\bin\instrument.dll
Event: 0.098 Loaded shared library C:\Users\bhaah\.vscode\extensions\redhat.java-1.41.1-win32-x64\jre\21.0.6-win32-x86_64\bin\net.dll
Event: 0.100 Loaded shared library C:\Users\bhaah\.vscode\extensions\redhat.java-1.41.1-win32-x64\jre\21.0.6-win32-x86_64\bin\nio.dll
Event: 0.104 Loaded shared library C:\Users\bhaah\.vscode\extensions\redhat.java-1.41.1-win32-x64\jre\21.0.6-win32-x86_64\bin\zip.dll
Event: 0.122 Loaded shared library C:\Users\bhaah\.vscode\extensions\redhat.java-1.41.1-win32-x64\jre\21.0.6-win32-x86_64\bin\jimage.dll
Event: 0.215 Loaded shared library c:\Users\bhaah\.vscode\extensions\redhat.java-1.41.1-win32-x64\jre\21.0.6-win32-x86_64\bin\verify.dll
Event: 4.824 Loaded shared library C:\Users\bhaah\AppData\Roaming\Code\User\globalStorage\redhat.java\1.41.1\config_win\org.eclipse.equinox.launcher\org.eclipse.equinox.launcher.win32.win32.x86_64_1.2.1300.v20250331-1702\eclipse_11911.dll
Event: 14.151 Loaded shared library C:\Users\bhaah\AppData\Local\Temp\jna-93699650\jna7756749137899014493.dll
Event: 15.264 Loaded shared library C:\Users\bhaah\.vscode\extensions\redhat.java-1.41.1-win32-x64\jre\21.0.6-win32-x86_64\bin\sunmscapi.dll
Event: 16.414 Loaded shared library C:\Users\bhaah\.vscode\extensions\redhat.java-1.41.1-win32-x64\jre\21.0.6-win32-x86_64\bin\extnet.dll

Deoptimization events (20 events):
Event: 15662.874 Thread 0x000001f20a355310 DEOPT PACKING pc=0x000001f234c8b538 sp=0x0000009a748fe890
Event: 15662.874 Thread 0x000001f20a355310 DEOPT UNPACKING pc=0x000001f232873aa2 sp=0x0000009a748fe820 mode 2
Event: 15662.875 Thread 0x000001f20a355310 Uncommon trap: trap_request=0xffffffc6 fr.pc=0x000001f233869b7c relative=0x0000000000001e3c
Event: 15662.875 Thread 0x000001f20a355310 Uncommon trap: reason=bimorphic_or_optimized_type_check action=maybe_recompile pc=0x000001f233869b7c method=org.eclipse.jdt.internal.compiler.lookup.FieldBinding.computeUniqueKey(Z)[C @ 18 c2
Event: 15662.875 Thread 0x000001f20a355310 DEOPT PACKING pc=0x000001f233869b7c sp=0x0000009a748fe730
Event: 15662.875 Thread 0x000001f20a355310 DEOPT UNPACKING pc=0x000001f232873aa2 sp=0x0000009a748fe6e0 mode 2
Event: 15662.875 Thread 0x000001f20a355310 Uncommon trap: trap_request=0xffffffc6 fr.pc=0x000001f233f2c218 relative=0x00000000000012d8
Event: 15662.875 Thread 0x000001f20a355310 Uncommon trap: reason=bimorphic_or_optimized_type_check action=maybe_recompile pc=0x000001f233f2c218 method=org.eclipse.jdt.internal.compiler.lookup.ParameterizedTypeBinding.computeUniqueKey(Z)[C @ 159 c2
Event: 15662.875 Thread 0x000001f20a355310 DEOPT PACKING pc=0x000001f233f2c218 sp=0x0000009a748fe670
Event: 15662.875 Thread 0x000001f20a355310 DEOPT UNPACKING pc=0x000001f232873aa2 sp=0x0000009a748fe640 mode 2
Event: 15728.128 Thread 0x000001f20a355310 Uncommon trap: trap_request=0xffffff6e fr.pc=0x000001f234cac02c relative=0x000000000000070c
Event: 15728.128 Thread 0x000001f20a355310 Uncommon trap: reason=loop_limit_check action=maybe_recompile pc=0x000001f234cac02c method=org.eclipse.jdt.internal.compiler.lookup.BinaryTypeBinding.getExactConstructor([Lorg/eclipse/jdt/internal/compiler/lookup/TypeBinding;)Lorg/eclipse/jdt/internal/com
Event: 15728.128 Thread 0x000001f20a355310 DEOPT PACKING pc=0x000001f234cac02c sp=0x0000009a748fe170
Event: 15728.128 Thread 0x000001f20a355310 DEOPT UNPACKING pc=0x000001f232873aa2 sp=0x0000009a748fe0e8 mode 2
Event: 16208.323 Thread 0x000001f2086acd10 Uncommon trap: trap_request=0xffffff45 fr.pc=0x000001f234cc2320 relative=0x00000000000019a0
Event: 16208.323 Thread 0x000001f2086acd10 Uncommon trap: reason=unstable_if action=reinterpret pc=0x000001f234cc2320 method=org.eclipse.jdt.core.dom.DefaultCommentMapper.storeTrailingComments(Lorg/eclipse/jdt/core/dom/ASTNode;IZ[I)I @ 247 c2
Event: 16208.323 Thread 0x000001f2086acd10 DEOPT PACKING pc=0x000001f234cc2320 sp=0x0000009a76dfe250
Event: 16208.323 Thread 0x000001f2086acd10 DEOPT UNPACKING pc=0x000001f232873aa2 sp=0x0000009a76dfe1b8 mode 2
Event: 16219.535 Thread 0x000001f2086b0190 DEOPT PACKING pc=0x000001f22c3504bb sp=0x0000009a76cfedc0
Event: 16219.535 Thread 0x000001f2086b0190 DEOPT UNPACKING pc=0x000001f232874242 sp=0x0000009a76cfe310 mode 0

Classes loaded (20 events):
Event: 2333.970 Loading class com/sun/crypto/provider/ChaCha20Cipher$ChaChaEngine done
Event: 2333.970 Loading class com/sun/crypto/provider/ChaCha20Cipher$EngineAEADEnc done
Event: 2333.970 Loading class com/sun/crypto/provider/Poly1305
Event: 2333.970 Loading class com/sun/crypto/provider/Poly1305 done
Event: 2333.970 Loading class sun/security/util/math/intpoly/IntegerPolynomial1305
Event: 2333.970 Loading class sun/security/util/math/intpoly/IntegerPolynomial1305 done
Event: 2334.026 Loading class sun/security/ssl/SSLCipher$T12CC20P1305ReadCipherGenerator$CC20P1305ReadCipher
Event: 2334.026 Loading class sun/security/ssl/SSLCipher$T12CC20P1305ReadCipherGenerator$CC20P1305ReadCipher done
Event: 2334.026 Loading class com/sun/crypto/provider/ChaCha20Cipher$EngineAEADDec
Event: 2334.026 Loading class com/sun/crypto/provider/ChaCha20Cipher$EngineAEADDec done
Event: 2335.289 Loading class java/util/concurrent/LinkedBlockingQueue$Itr
Event: 2335.289 Loading class java/util/concurrent/LinkedBlockingQueue$Itr done
Event: 12341.059 Loading class java/lang/Throwable$WrappedPrintWriter
Event: 12341.059 Loading class java/lang/Throwable$PrintStreamOrWriter
Event: 12341.059 Loading class java/lang/Throwable$PrintStreamOrWriter done
Event: 12341.059 Loading class java/lang/Throwable$WrappedPrintWriter done
Event: 12460.256 Loading class java/util/ArrayDeque$DeqSpliterator
Event: 12460.257 Loading class java/util/ArrayDeque$DeqSpliterator done
Event: 14137.386 Loading class java/util/DualPivotQuicksort$Sorter
Event: 14137.386 Loading class java/util/DualPivotQuicksort$Sorter done

Classes unloaded (20 events):
Event: 14066.607 Thread 0x000001f27ed33230 Unloading class 0x000001f23e162800 'jdk/internal/reflect/GeneratedSerializationConstructorAccessor111'
Event: 14066.607 Thread 0x000001f27ed33230 Unloading class 0x000001f23e9f8c00 'jdk/internal/reflect/GeneratedSerializationConstructorAccessor110'
Event: 14066.607 Thread 0x000001f27ed33230 Unloading class 0x000001f23e9f9c00 'jdk/internal/reflect/GeneratedSerializationConstructorAccessor109'
Event: 14066.607 Thread 0x000001f27ed33230 Unloading class 0x000001f23e9fac00 'jdk/internal/reflect/GeneratedSerializationConstructorAccessor108'
Event: 14066.607 Thread 0x000001f27ed33230 Unloading class 0x000001f23e9fb800 'jdk/internal/reflect/GeneratedSerializationConstructorAccessor107'
Event: 14066.607 Thread 0x000001f27ed33230 Unloading class 0x000001f23e9fc000 'jdk/internal/reflect/GeneratedSerializationConstructorAccessor106'
Event: 14066.607 Thread 0x000001f27ed33230 Unloading class 0x000001f23e9fcc00 'jdk/internal/reflect/GeneratedSerializationConstructorAccessor105'
Event: 14066.607 Thread 0x000001f27ed33230 Unloading class 0x000001f23e9fd400 'jdk/internal/reflect/GeneratedSerializationConstructorAccessor104'
Event: 14066.607 Thread 0x000001f27ed33230 Unloading class 0x000001f23ea00000 'jdk/internal/reflect/GeneratedSerializationConstructorAccessor103'
Event: 14066.607 Thread 0x000001f27ed33230 Unloading class 0x000001f23ea00800 'jdk/internal/reflect/GeneratedSerializationConstructorAccessor102'
Event: 14066.607 Thread 0x000001f27ed33230 Unloading class 0x000001f23ea01800 'jdk/internal/reflect/GeneratedSerializationConstructorAccessor101'
Event: 14066.607 Thread 0x000001f27ed33230 Unloading class 0x000001f23ea0d800 'jdk/internal/reflect/GeneratedSerializationConstructorAccessor100'
Event: 14066.607 Thread 0x000001f27ed33230 Unloading class 0x000001f23ea10400 'jdk/internal/reflect/GeneratedSerializationConstructorAccessor99'
Event: 14066.607 Thread 0x000001f27ed33230 Unloading class 0x000001f23ea20800 'jdk/internal/reflect/GeneratedSerializationConstructorAccessor98'
Event: 14066.607 Thread 0x000001f27ed33230 Unloading class 0x000001f23ea21400 'jdk/internal/reflect/GeneratedSerializationConstructorAccessor97'
Event: 14066.607 Thread 0x000001f27ed33230 Unloading class 0x000001f23ea22000 'jdk/internal/reflect/GeneratedSerializationConstructorAccessor96'
Event: 14066.607 Thread 0x000001f27ed33230 Unloading class 0x000001f23ea22c00 'java/lang/invoke/LambdaForm$MH+0x000001f23ea22c00'
Event: 14066.607 Thread 0x000001f27ed33230 Unloading class 0x000001f23ea7e400 'jdk/internal/reflect/GeneratedSerializationConstructorAccessor95'
Event: 14066.607 Thread 0x000001f27ed33230 Unloading class 0x000001f23ea7ec00 'jdk/internal/reflect/GeneratedSerializationConstructorAccessor94'
Event: 14066.607 Thread 0x000001f27ed33230 Unloading class 0x000001f23e22ec00 'jdk/internal/reflect/GeneratedSerializationConstructorAccessor93'

Classes redefined (0 events):
No events

Internal exceptions (20 events):
Event: 15400.191 Thread 0x000001f27f06a3b0 Exception <a 'sun/nio/fs/WindowsException'{0x00000000ead75ad0}> (0x00000000ead75ad0) 
thrown [s\src\hotspot\share\prims\jni.cpp, line 520]
Event: 15400.281 Thread 0x000001f27f06a3b0 Exception <a 'sun/nio/fs/WindowsException'{0x00000000eab1c4a0}> (0x00000000eab1c4a0) 
thrown [s\src\hotspot\share\prims\jni.cpp, line 520]
Event: 15401.135 Thread 0x000001f208b285e0 Implicit null exception at 0x000001f23413cfa3 to 0x000001f23413d64c
Event: 15402.616 Thread 0x000001f27f06a3b0 Exception <a 'sun/nio/fs/WindowsException'{0x00000000ead77728}> (0x00000000ead77728) 
thrown [s\src\hotspot\share\prims\jni.cpp, line 520]
Event: 15402.710 Thread 0x000001f27f06a3b0 Exception <a 'sun/nio/fs/WindowsException'{0x00000000eab90ae0}> (0x00000000eab90ae0) 
thrown [s\src\hotspot\share\prims\jni.cpp, line 520]
Event: 15404.342 Thread 0x000001f27f06a3b0 Exception <a 'sun/nio/fs/WindowsException'{0x00000000eaf09130}> (0x00000000eaf09130) 
thrown [s\src\hotspot\share\prims\jni.cpp, line 520]
Event: 15404.441 Thread 0x000001f27f06a3b0 Exception <a 'sun/nio/fs/WindowsException'{0x00000000eac011a0}> (0x00000000eac011a0) 
thrown [s\src\hotspot\share\prims\jni.cpp, line 520]
Event: 15407.060 Thread 0x000001f27f06a3b0 Exception <a 'sun/nio/fs/WindowsException'{0x00000000eab50170}> (0x00000000eab50170) 
thrown [s\src\hotspot\share\prims\jni.cpp, line 520]
Event: 15407.146 Thread 0x000001f27f06a3b0 Exception <a 'sun/nio/fs/WindowsException'{0x00000000eac56c88}> (0x00000000eac56c88) 
thrown [s\src\hotspot\share\prims\jni.cpp, line 520]
Event: 15457.972 Thread 0x000001f27f06a3b0 Exception <a 'sun/nio/fs/WindowsException'{0x00000000eab02aa0}> (0x00000000eab02aa0) 
thrown [s\src\hotspot\share\prims\jni.cpp, line 520]
Event: 15458.057 Thread 0x000001f27f06a3b0 Exception <a 'sun/nio/fs/WindowsException'{0x00000000eac9a928}> (0x00000000eac9a928) 
thrown [s\src\hotspot\share\prims\jni.cpp, line 520]
Event: 15656.954 Thread 0x000001f20a355310 Implicit null exception at 0x000001f233d274de to 0x000001f233d27518
Event: 15732.117 Thread 0x000001f27f06a3b0 Exception <a 'sun/nio/fs/WindowsException'{0x00000000eab460e8}> (0x00000000eab460e8) 
thrown [s\src\hotspot\share\prims\jni.cpp, line 520]
Event: 15732.211 Thread 0x000001f27f06a3b0 Exception <a 'sun/nio/fs/WindowsException'{0x00000000eac00d28}> (0x00000000eac00d28) 
thrown [s\src\hotspot\share\prims\jni.cpp, line 520]
Event: 15737.291 Thread 0x000001f27f06a3b0 Exception <a 'sun/nio/fs/WindowsException'{0x00000000eab837e0}> (0x00000000eab837e0) 
thrown [s\src\hotspot\share\prims\jni.cpp, line 520]
Event: 15737.388 Thread 0x000001f27f06a3b0 Exception <a 'sun/nio/fs/WindowsException'{0x00000000eab89b70}> (0x00000000eab89b70) 
thrown [s\src\hotspot\share\prims\jni.cpp, line 520]
Event: 15741.531 Thread 0x000001f27f06a3b0 Exception <a 'sun/nio/fs/WindowsException'{0x00000000eab007a0}> (0x00000000eab007a0) 
thrown [s\src\hotspot\share\prims\jni.cpp, line 520]
Event: 15741.621 Thread 0x000001f27f06a3b0 Exception <a 'sun/nio/fs/WindowsException'{0x00000000eae41b18}> (0x00000000eae41b18) 
thrown [s\src\hotspot\share\prims\jni.cpp, line 520]
Event: 16212.468 Thread 0x000001f27f06a3b0 Exception <a 'sun/nio/fs/WindowsException'{0x00000000eac074c0}> (0x00000000eac074c0) 
thrown [s\src\hotspot\share\prims\jni.cpp, line 520]
Event: 16212.558 Thread 0x000001f27f06a3b0 Exception <a 'sun/nio/fs/WindowsException'{0x00000000eac5a2a0}> (0x00000000eac5a2a0) 
thrown [s\src\hotspot\share\prims\jni.cpp, line 520]

ZGC Phase Switch (0 events):
No events

VM Operations (20 events):
Event: 16219.696 Executing VM operation: ParallelGCFailedAllocation (Allocation Failure)
Event: 16219.697 Executing VM operation: ParallelGCFailedAllocation (Allocation Failure) done
Event: 16219.753 Executing VM operation: ParallelGCFailedAllocation (Allocation Failure)
Event: 16219.753 Executing VM operation: ParallelGCFailedAllocation (Allocation Failure) done
Event: 16219.895 Executing VM operation: ParallelGCFailedAllocation (Allocation Failure)
Event: 16219.896 Executing VM operation: ParallelGCFailedAllocation (Allocation Failure) done
Event: 16219.898 Executing VM operation: ParallelGCFailedAllocation (Allocation Failure)
Event: 16219.899 Executing VM operation: ParallelGCFailedAllocation (Allocation Failure) done
Event: 16220.085 Executing VM operation: ParallelGCFailedAllocation (Allocation Failure)
Event: 16220.086 Executing VM operation: ParallelGCFailedAllocation (Allocation Failure) done
Event: 16220.089 Executing VM operation: ParallelGCFailedAllocation (Allocation Failure)
Event: 16220.090 Executing VM operation: ParallelGCFailedAllocation (Allocation Failure) done
Event: 16220.274 Executing VM operation: ParallelGCFailedAllocation (Allocation Failure)
Event: 16220.275 Executing VM operation: ParallelGCFailedAllocation (Allocation Failure) done
Event: 16220.306 Executing VM operation: ParallelGCFailedAllocation (Allocation Failure)
Event: 16220.307 Executing VM operation: ParallelGCFailedAllocation (Allocation Failure) done
Event: 16220.432 Executing VM operation: ParallelGCFailedAllocation (Allocation Failure)
Event: 16220.433 Executing VM operation: ParallelGCFailedAllocation (Allocation Failure) done
Event: 16220.436 Executing VM operation: ParallelGCFailedAllocation (Allocation Failure)
Event: 16220.437 Executing VM operation: ParallelGCFailedAllocation (Allocation Failure) done

Memory protections (0 events):
No events

Nmethod flushes (20 events):
Event: 15404.528 Thread 0x000001f27ed33230 flushing  nmethod 0x000001f23481cc90
Event: 15404.528 Thread 0x000001f27ed33230 flushing  nmethod 0x000001f234ad9190
Event: 15404.528 Thread 0x000001f27ed33230 flushing  nmethod 0x000001f234b6d690
Event: 15404.528 Thread 0x000001f27ed33230 flushing  nmethod 0x000001f22b499d10
Event: 15404.528 Thread 0x000001f27ed33230 flushing  nmethod 0x000001f22b587f90
Event: 15404.528 Thread 0x000001f27ed33230 flushing  nmethod 0x000001f22b80f610
Event: 15404.528 Thread 0x000001f27ed33230 flushing  nmethod 0x000001f22b9bf190
Event: 15404.528 Thread 0x000001f27ed33230 flushing  nmethod 0x000001f22ba87310
Event: 15404.528 Thread 0x000001f27ed33230 flushing  nmethod 0x000001f22baa1f90
Event: 15404.528 Thread 0x000001f27ed33230 flushing  nmethod 0x000001f22bc53190
Event: 15404.528 Thread 0x000001f27ed33230 flushing  nmethod 0x000001f22bcaac90
Event: 15404.528 Thread 0x000001f27ed33230 flushing  nmethod 0x000001f22bd00a90
Event: 15404.528 Thread 0x000001f27ed33230 flushing  nmethod 0x000001f22be9d290
Event: 15404.528 Thread 0x000001f27ed33230 flushing  nmethod 0x000001f22c022990
Event: 15404.528 Thread 0x000001f27ed33230 flushing  nmethod 0x000001f22c252210
Event: 15404.528 Thread 0x000001f27ed33230 flushing  nmethod 0x000001f22c2a1390
Event: 15404.528 Thread 0x000001f27ed33230 flushing  nmethod 0x000001f22c36f710
Event: 15404.528 Thread 0x000001f27ed33230 flushing  nmethod 0x000001f22cea3410
Event: 15404.528 Thread 0x000001f27ed33230 flushing  nmethod 0x000001f22ddac310
Event: 15404.528 Thread 0x000001f27ed33230 flushing  nmethod 0x000001f22e0e8010

Events (20 events):
Event: 15737.386 Thread 0x000001f2070516e0 Thread added: 0x000001f2086b2260
Event: 15741.626 Thread 0x000001f2086b1540 Thread added: 0x000001f2086b3610
Event: 15758.079 Thread 0x000001f20a354c80 Thread exited: 0x000001f20a354c80
Event: 15801.638 Thread 0x000001f2086ae750 Thread exited: 0x000001f2086ae750
Event: 15802.151 Thread 0x000001f2086b1540 Thread exited: 0x000001f2086b1540
Event: 15809.390 Thread 0x000001f2086ac680 Thread exited: 0x000001f2086ac680
Event: 15869.403 Thread 0x000001f20a355310 Thread exited: 0x000001f20a355310
Event: 15929.406 Thread 0x000001f208b27230 Thread exited: 0x000001f208b27230
Event: 15989.415 Thread 0x000001f2070551f0 Thread exited: 0x000001f2070551f0
Event: 16032.107 Thread 0x000001f207055f10 Thread added: 0x000001f2086ac680
Event: 16032.107 Thread 0x000001f2086ac680 Thread exited: 0x000001f2086ac680
Event: 16032.211 Thread 0x000001f207056c30 Thread exited: 0x000001f207056c30
Event: 16037.398 Thread 0x000001f2086b2260 Thread exited: 0x000001f2086b2260
Event: 16041.642 Thread 0x000001f2086b3610 Thread exited: 0x000001f2086b3610
Event: 16049.415 Thread 0x000001f208b29300 Thread exited: 0x000001f208b29300
Event: 16109.424 Thread 0x000001f20a358100 Thread exited: 0x000001f20a358100
Event: 16169.435 Thread 0x000001f20a353f60 Thread exited: 0x000001f20a353f60
Event: 16208.704 Thread 0x000001f207055f10 Thread added: 0x000001f2086b3610
Event: 16212.565 Thread 0x000001f2070516e0 Thread added: 0x000001f2086b0820
Event: 16212.572 Thread 0x000001f2070516e0 Thread added: 0x000001f2086ac680


Dynamic libraries:
0x00007ff794ef0000 - 0x00007ff794efe000 	c:\Users\bhaah\.vscode\extensions\redhat.java-1.41.1-win32-x64\jre\21.0.6-win32-x86_64\bin\java.exe
0x00007fffe23f0000 - 0x00007fffe2607000 	C:\WINDOWS\SYSTEM32\ntdll.dll
0x00007fffe0590000 - 0x00007fffe0654000 	C:\WINDOWS\System32\KERNEL32.DLL
0x00007fffdf990000 - 0x00007fffdfd61000 	C:\WINDOWS\System32\KERNELBASE.dll
0x00007fffdf840000 - 0x00007fffdf951000 	C:\WINDOWS\System32\ucrtbase.dll
0x00007fffd7a50000 - 0x00007fffd7a6e000 	c:\Users\bhaah\.vscode\extensions\redhat.java-1.41.1-win32-x64\jre\21.0.6-win32-x86_64\bin\VCRUNTIME140.dll
0x00007fffd7b60000 - 0x00007fffd7b78000 	c:\Users\bhaah\.vscode\extensions\redhat.java-1.41.1-win32-x64\jre\21.0.6-win32-x86_64\bin\jli.dll
0x00007fffd5e50000 - 0x00007fffd60e2000 	C:\WINDOWS\WinSxS\amd64_microsoft.windows.common-controls_6595b64144ccf1df_6.0.22621.4830_none_270fe7d773858e80\COMCTL32.dll
0x00007fffe04e0000 - 0x00007fffe0587000 	C:\WINDOWS\System32\msvcrt.dll
0x00007fffe1730000 - 0x00007fffe18e1000 	C:\WINDOWS\System32\USER32.dll
0x00007fffe1210000 - 0x00007fffe1239000 	C:\WINDOWS\System32\GDI32.dll
0x00007fffdf960000 - 0x00007fffdf986000 	C:\WINDOWS\System32\win32u.dll
0x00007fffdfee0000 - 0x00007fffdfffb000 	C:\WINDOWS\System32\gdi32full.dll
0x00007fffdf6f0000 - 0x00007fffdf78a000 	C:\WINDOWS\System32\msvcp_win.dll
0x00007fffe10e0000 - 0x00007fffe1111000 	C:\WINDOWS\System32\IMM32.DLL
0x00007fffd9220000 - 0x00007fffd922c000 	c:\Users\bhaah\.vscode\extensions\redhat.java-1.41.1-win32-x64\jre\21.0.6-win32-x86_64\bin\vcruntime140_1.dll
0x00007fffc1060000 - 0x00007fffc10ed000 	c:\Users\bhaah\.vscode\extensions\redhat.java-1.41.1-win32-x64\jre\21.0.6-win32-x86_64\bin\msvcp140.dll
0x00007fff74320000 - 0x00007fff750b0000 	c:\Users\bhaah\.vscode\extensions\redhat.java-1.41.1-win32-x64\jre\21.0.6-win32-x86_64\bin\server\jvm.dll
0x00007fffe0660000 - 0x00007fffe0711000 	C:\WINDOWS\System32\ADVAPI32.dll
0x00007fffe01a0000 - 0x00007fffe0247000 	C:\WINDOWS\System32\sechost.dll
0x00007fffdf810000 - 0x00007fffdf838000 	C:\WINDOWS\System32\bcrypt.dll
0x00007fffe0720000 - 0x00007fffe0834000 	C:\WINDOWS\System32\RPCRT4.dll
0x00007fffe0460000 - 0x00007fffe04d1000 	C:\WINDOWS\System32\WS2_32.dll
0x00007fffdf400000 - 0x00007fffdf44d000 	C:\WINDOWS\SYSTEM32\POWRPROF.dll
0x00007fffdcb70000 - 0x00007fffdcba4000 	C:\WINDOWS\SYSTEM32\WINMM.dll
0x00007fffd7b80000 - 0x00007fffd7b8a000 	C:\WINDOWS\SYSTEM32\VERSION.dll
0x00007fffdf3e0000 - 0x00007fffdf3f3000 	C:\WINDOWS\SYSTEM32\UMPDC.dll
0x00007fffde540000 - 0x00007fffde558000 	C:\WINDOWS\SYSTEM32\kernel.appcore.dll
0x00007fffd6670000 - 0x00007fffd667a000 	c:\Users\bhaah\.vscode\extensions\redhat.java-1.41.1-win32-x64\jre\21.0.6-win32-x86_64\bin\jimage.dll
0x00007fffdc930000 - 0x00007fffdcb62000 	C:\WINDOWS\SYSTEM32\DBGHELP.DLL
0x00007fffe1240000 - 0x00007fffe15d0000 	C:\WINDOWS\System32\combase.dll
0x00007fffe00c0000 - 0x00007fffe0197000 	C:\WINDOWS\System32\OLEAUT32.dll
0x00007fffdc8f0000 - 0x00007fffdc922000 	C:\WINDOWS\SYSTEM32\dbgcore.DLL
0x00007fffdf790000 - 0x00007fffdf80b000 	C:\WINDOWS\System32\bcryptPrimitives.dll
0x00007fffd6660000 - 0x00007fffd666f000 	c:\Users\bhaah\.vscode\extensions\redhat.java-1.41.1-win32-x64\jre\21.0.6-win32-x86_64\bin\instrument.dll
0x00007fffd0940000 - 0x00007fffd095f000 	c:\Users\bhaah\.vscode\extensions\redhat.java-1.41.1-win32-x64\jre\21.0.6-win32-x86_64\bin\java.dll
0x00007fffe1b20000 - 0x00007fffe23a8000 	C:\WINDOWS\System32\SHELL32.dll
0x00007fffdf530000 - 0x00007fffdf66f000 	C:\WINDOWS\System32\wintypes.dll
0x00007fffdd440000 - 0x00007fffddd4d000 	C:\WINDOWS\SYSTEM32\windows.storage.dll
0x00007fffe0fc0000 - 0x00007fffe10ca000 	C:\WINDOWS\System32\SHCORE.dll
0x00007fffe0f60000 - 0x00007fffe0fbe000 	C:\WINDOWS\System32\shlwapi.dll
0x00007fffdf460000 - 0x00007fffdf48b000 	C:\WINDOWS\SYSTEM32\profapi.dll
0x00007fffcfe90000 - 0x00007fffcfea8000 	c:\Users\bhaah\.vscode\extensions\redhat.java-1.41.1-win32-x64\jre\21.0.6-win32-x86_64\bin\zip.dll
0x00007fffd1eb0000 - 0x00007fffd1ec0000 	C:\Users\bhaah\.vscode\extensions\redhat.java-1.41.1-win32-x64\jre\21.0.6-win32-x86_64\bin\net.dll
0x00007fffdb030000 - 0x00007fffdb15c000 	C:\WINDOWS\SYSTEM32\WINHTTP.dll
0x00007fffde9b0000 - 0x00007fffdea1a000 	C:\WINDOWS\system32\mswsock.dll
0x00007fffcfdf0000 - 0x00007fffcfe06000 	C:\Users\bhaah\.vscode\extensions\redhat.java-1.41.1-win32-x64\jre\21.0.6-win32-x86_64\bin\nio.dll
0x00007fffd0520000 - 0x00007fffd0530000 	c:\Users\bhaah\.vscode\extensions\redhat.java-1.41.1-win32-x64\jre\21.0.6-win32-x86_64\bin\verify.dll
0x00007fffb4930000 - 0x00007fffb4975000 	C:\Users\bhaah\AppData\Roaming\Code\User\globalStorage\redhat.java\1.41.1\config_win\org.eclipse.equinox.launcher\org.eclipse.equinox.launcher.win32.win32.x86_64_1.2.1300.v20250331-1702\eclipse_11911.dll
0x00007fffe18f0000 - 0x00007fffe1a91000 	C:\WINDOWS\System32\ole32.dll
0x00007fffdebe0000 - 0x00007fffdebfb000 	C:\WINDOWS\SYSTEM32\CRYPTSP.dll
0x00007fffde4a0000 - 0x00007fffde4d7000 	C:\WINDOWS\system32\rsaenh.dll
0x00007fffdea70000 - 0x00007fffdea98000 	C:\WINDOWS\SYSTEM32\USERENV.dll
0x00007fffdebd0000 - 0x00007fffdebdc000 	C:\WINDOWS\SYSTEM32\CRYPTBASE.dll
0x00007fffddfb0000 - 0x00007fffddfdd000 	C:\WINDOWS\SYSTEM32\IPHLPAPI.DLL
0x00007fffe10d0000 - 0x00007fffe10d9000 	C:\WINDOWS\System32\NSI.dll
0x00007fffb29c0000 - 0x00007fffb2a09000 	C:\Users\bhaah\AppData\Local\Temp\jna-93699650\jna7756749137899014493.dll
0x00007fffe1140000 - 0x00007fffe1148000 	C:\WINDOWS\System32\PSAPI.DLL
0x00007fffda810000 - 0x00007fffda829000 	C:\WINDOWS\SYSTEM32\dhcpcsvc6.DLL
0x00007fffda6b0000 - 0x00007fffda6cf000 	C:\WINDOWS\SYSTEM32\dhcpcsvc.DLL
0x00007fffcf620000 - 0x00007fffcf62e000 	C:\Users\bhaah\.vscode\extensions\redhat.java-1.41.1-win32-x64\jre\21.0.6-win32-x86_64\bin\sunmscapi.dll
0x00007fffdfd70000 - 0x00007fffdfed6000 	C:\WINDOWS\System32\CRYPT32.dll
0x00007fffdede0000 - 0x00007fffdee0d000 	C:\WINDOWS\SYSTEM32\ncrypt.dll
0x00007fffdeda0000 - 0x00007fffdedd7000 	C:\WINDOWS\SYSTEM32\NTASN1.dll
0x00007fffde020000 - 0x00007fffde122000 	C:\WINDOWS\SYSTEM32\DNSAPI.dll
0x00007fffd9980000 - 0x00007fffd998a000 	C:\Windows\System32\rasadhlp.dll
0x00007fffd9c60000 - 0x00007fffd9ce3000 	C:\WINDOWS\System32\fwpuclnt.dll
0x00007fffcf610000 - 0x00007fffcf619000 	C:\Users\bhaah\.vscode\extensions\redhat.java-1.41.1-win32-x64\jre\21.0.6-win32-x86_64\bin\extnet.dll
0x00007fffb9da0000 - 0x00007fffb9da8000 	C:\WINDOWS\system32\wshunix.dll

dbghelp: loaded successfully - version: 4.0.5 - missing functions: none
symbol engine: initialized successfully - sym options: 0x614 - pdb path: .;c:\Users\bhaah\.vscode\extensions\redhat.java-1.41.1-win32-x64\jre\21.0.6-win32-x86_64\bin;C:\WINDOWS\SYSTEM32;C:\WINDOWS\WinSxS\amd64_microsoft.windows.common-controls_6595b64144ccf1df_6.0.22621.4830_none_270fe7d773858e80;c:\Users\bhaah\.vscode\extensions\redhat.java-1.41.1-win32-x64\jre\21.0.6-win32-x86_64\bin\server;C:\Users\bhaah\AppData\Roaming\Code\User\globalStorage\redhat.java\1.41.1\config_win\org.eclipse.equinox.launcher\org.eclipse.equinox.launcher.win32.win32.x86_64_1.2.1300.v20250331-1702;C:\Users\bhaah\AppData\Local\Temp\jna-93699650

VM Arguments:
jvm_args: --add-modules=ALL-SYSTEM --add-opens=java.base/java.util=ALL-UNNAMED --add-opens=java.base/java.lang=ALL-UNNAMED --add-opens=java.base/sun.nio.fs=ALL-UNNAMED -Declipse.application=org.eclipse.jdt.ls.core.id1 -Dosgi.bundles.defaultStartLevel=4 -Declipse.product=org.eclipse.jdt.ls.core.product -Djava.import.generatesMetadataFilesAtProjectRoot=false -DDetectVMInstallationsJob.disabled=true -Dfile.encoding=utf8 -XX:+UseParallelGC -XX:GCTimeRatio=4 -XX:AdaptiveSizePolicyWeight=90 -Dsun.zip.disableMemoryMapping=true -Xmx1G -Xms100m -Xlog:disable -javaagent:c:\Users\bhaah\.vscode\extensions\redhat.java-1.41.1-win32-x64\lombok\lombok-1.18.36.jar -XX:+HeapDumpOnOutOfMemoryError -XX:HeapDumpPath=c:\Users\bhaah\AppData\Roaming\Code\User\workspaceStorage\23e62629589241b5d45952ae18a97121\redhat.java -Daether.dependencyCollector.impl=bf 
java_command: c:\Users\bhaah\.vscode\extensions\redhat.java-1.41.1-win32-x64\server\plugins\org.eclipse.equinox.launcher_1.7.0.v20250331-1702.jar -configuration c:\Users\bhaah\AppData\Roaming\Code\User\globalStorage\redhat.java\1.41.1\config_win -data c:\Users\bhaah\AppData\Roaming\Code\User\workspaceStorage\23e62629589241b5d45952ae18a97121\redhat.java\jdt_ws --pipe=\\.\pipe\lsp-89edbccb645cf604067433e096519f11-sock
java_class_path (initial): c:\Users\bhaah\.vscode\extensions\redhat.java-1.41.1-win32-x64\server\plugins\org.eclipse.equinox.launcher_1.7.0.v20250331-1702.jar
Launcher Type: SUN_STANDARD

[Global flags]
    uintx AdaptiveSizePolicyWeight                 = 90                                        {product} {command line}
     intx CICompilerCount                          = 12                                        {product} {ergonomic}
    uintx GCTimeRatio                              = 4                                         {product} {command line}
     bool HeapDumpOnOutOfMemoryError               = true                                   {manageable} {command line}
    ccstr HeapDumpPath                             = c:\Users\bhaah\AppData\Roaming\Code\User\workspaceStorage\23e62629589241b5d45952ae18a97121\redhat.java         {manageable} {command line}
   size_t InitialHeapSize                          = 104857600                                 {product} {command line}
   size_t MaxHeapSize                              = 1073741824                                {product} {command line}
   size_t MaxNewSize                               = 357564416                                 {product} {ergonomic}
   size_t MinHeapDeltaBytes                        = 524288                                    {product} {ergonomic}
   size_t MinHeapSize                              = 104857600                                 {product} {command line}
   size_t NewSize                                  = 34603008                                  {product} {ergonomic}
    uintx NonNMethodCodeHeapSize                   = 7602480                                {pd product} {ergonomic}
    uintx NonProfiledCodeHeapSize                  = 122027880                              {pd product} {ergonomic}
   size_t OldSize                                  = 70254592                                  {product} {ergonomic}
    uintx ProfiledCodeHeapSize                     = 122027880                              {pd product} {ergonomic}
    uintx ReservedCodeCacheSize                    = 251658240                              {pd product} {ergonomic}
     bool SegmentedCodeCache                       = true                                      {product} {ergonomic}
   size_t SoftMaxHeapSize                          = 1073741824                             {manageable} {ergonomic}
     bool UseCompressedOops                        = true                           {product lp64_product} {ergonomic}
     bool UseLargePagesIndividualAllocation        = false                                  {pd product} {ergonomic}
     bool UseParallelGC                            = true                                      {product} {command line}

Logging:
Log output configuration:
 #0: stdout all=off uptime,level,tags foldmultilines=false
 #1: stderr all=off uptime,level,tags foldmultilines=false

Environment Variables:
JAVA_HOME=C:\Users\bhaah\Downloads\jdk-18.0.2.1_windows-x64_bin.exe
PATH=C:\Program Files\Eclipse Adoptium\jdk-21.0.4.7-hotspot\bin;C:\Program Files\Common Files\Oracle\Java\javapath;C:\Windows\system32;C:\Windows;C:\Windows\System32\Wbem;C:\Windows\System32\WindowsPowerShell\v1.0\;C:\Windows\System32\OpenSSH\;C:\Program Files (x86)\NVIDIA Corporation\PhysX\Common;C:\Program Files\NVIDIA Corporation\NVIDIA NvDLISR;C:\WINDOWS\system32;C:\WINDOWS;C:\WINDOWS\System32\Wbem;C:\WINDOWS\System32\WindowsPowerShell\v1.0\;C:\WINDOWS\System32\OpenSSH\;C:\Program Files\dotnet\;C:\Program Files\Git\cmd;C:\Program Files\nodejs\;C:\Program Files\Microsoft SQL Server\150\Tools\Binn\;C:\Program Files\Microsoft SQL Server\Client SDK\ODBC\170\Tools\Binn\;C:\Program Files\Docker\Docker\resources\bin;C:\Users\bhaah\Downloads\jdk-18.0.2.1_windows-x64_bin.exe;C:\Users\bhaah\AppData\Local\Microsoft\WindowsApps;C:\Users\bhaah\.dotnet\tools;C:\Users\bhaah\AppData\Local\gitkraken\bin;C:\Users\bhaah\AppData\Local\GitHubDesktop\bin;C:\Users\bhaah\AppData\Roaming\npm;C:\Users\bhaah\AppData\Local\Programs\Microsoft VS Code\bin;C:\Users\bhaah\AppData\Local\Microsoft\WinGet\Packages\Schniz.fnm_Microsoft.Winget.Source_8wekyb3d8bbwe;C:\Users\bhaah\.dotnet\tools
USERNAME=bhaah
OS=Windows_NT
PROCESSOR_IDENTIFIER=AMD64 Family 25 Model 80 Stepping 0, AuthenticAMD
TMP=C:\Users\bhaah\AppData\Local\Temp
TEMP=C:\Users\bhaah\AppData\Local\Temp




Periodic native trim disabled

---------------  S Y S T E M  ---------------

OS:
 Windows 11 , 64 bit Build 22621 (10.0.22621.4974)
OS uptime: 12 days 1:13 hours
Hyper-V role detected

CPU: total 16 (initial active 16) (16 cores per cpu, 2 threads per core) family 25 model 80 stepping 0 microcode 0x0, cx8, cmov, fxsr, ht, mmx, 3dnowpref, sse, sse2, sse3, ssse3, sse4a, sse4.1, sse4.2, popcnt, lzcnt, tsc, tscinvbit, avx, avx2, aes, erms, clmul, bmi1, bmi2, adx, sha, fma, vzeroupper, clflush, clflushopt, hv, rdtscp, rdpid, fsrm, f16c, cet_ss
Processor Information for the first 16 processors :
  Max Mhz: 3201, Current Mhz: 3201, Mhz Limit: 3201

Memory: 4k page, system-wide physical 15775M (5129M free)
TotalPageFile size 64927M (AvailPageFile size 2M)
current process WorkingSet (physical memory assigned to process): 1018M, peak: 1230M
current process commit charge ("private bytes"): 1007M, peak: 1145M

vm_info: OpenJDK 64-Bit Server VM (21.0.6+7-LTS) for windows-amd64 JRE (21.0.6+7-LTS), built on 2025-01-21T00:00:00Z by "admin" with MS VC++ 17.7 (VS2022)

END.
